#
# There is insufficient memory for the Java Runtime Environment to continue.
# Native memory allocation (malloc) failed to allocate 2097152 bytes for AllocateHeap
# Possible reasons:
#   The system is out of physical RAM or swap space
#   The process is running with CompressedOops enabled, and the Java Heap may be blocking the growth of the native heap
# Possible solutions:
#   Reduce memory load on the system
#   Increase physical memory or swap space
#   Check if swap backing store is full
#   Decrease Java heap size (-Xmx/-Xms)
#   Decrease number of Java threads
#   Decrease Java thread stack sizes (-Xss)
#   Set larger code cache with -XX:ReservedCodeCacheSize=
#   JVM is running with Unscaled Compressed Oops mode in which the Java heap is
#     placed in the first 4GB address space. The Java Heap base address is the
#     maximum limit for the native heap growth. Please use -XX:HeapBaseMinAddress
#     to set the Java Heap base and to place the Java Heap above 4GB virtual address.
# This output file may be truncated or incomplete.
#
#  Out of Memory Error (allocation.cpp:44), pid=34436, tid=16096
#
# JRE version: OpenJDK Runtime Environment Temurin-17.0.9+9 (17.0.9+9) (build 17.0.9+9)
# Java VM: OpenJDK 64-Bit Server VM Temurin-17.0.9+9 (17.0.9+9, mixed mode, emulated-client, tiered, compressed oops, compressed class ptrs, g1 gc, windows-amd64)
# No core dump will be written. Minidumps are not enabled by default on client versions of Windows
#

---------------  S U M M A R Y ------------

Command Line: -XX:+HeapDumpOnOutOfMemoryError -Xmx1024m -Dsts.lsp.client=vscode -Dsts.log.file=/dev/null -XX:TieredStopAtLevel=1 -Xlog:jni+resolve=off -Dspring.config.location=file:c:\Users\Thalia\.vscode\extensions\vmware.vscode-spring-boot-1.51.0\language-server\BOOT-INF\classes\application.properties org.springframework.ide.vscode.boot.app.BootLanguageServerBootApp

Host: AMD Ryzen 5 4500U with Radeon Graphics         , 6 cores, 7G,  Windows 11 , 64 bit Build 22621 (10.0.22621.2506)
Time: Sun Dec 10 16:50:19 2023 SE Asia Standard Time elapsed time: 3016.858317 seconds (0d 0h 50m 16s)

---------------  T H R E A D  ---------------

Current thread (0x000002287fbede00):  VMThread "VM Thread" [stack: 0x000000856ab00000,0x000000856ac00000] [id=16096]

Stack: [0x000000856ab00000,0x000000856ac00000]
Native frames: (J=compiled Java code, j=interpreted, Vv=VM code, C=native code)
V  [jvm.dll+0x67cf49]
V  [jvm.dll+0x83478a]
V  [jvm.dll+0x83624e]
V  [jvm.dll+0x8368b3]
V  [jvm.dll+0x247f1f]
V  [jvm.dll+0xa6b4b]
V  [jvm.dll+0x2f8f01]
V  [jvm.dll+0x2f4af0]
V  [jvm.dll+0x2dd0d7]
V  [jvm.dll+0x320357]
V  [jvm.dll+0x83adab]
V  [jvm.dll+0x83baf1]
V  [jvm.dll+0x83c00d]
V  [jvm.dll+0x83c3e4]
V  [jvm.dll+0x83c4b0]
V  [jvm.dll+0x7e3c3a]
V  [jvm.dll+0x67be35]
C  [ucrtbase.dll+0x29363]
C  [KERNEL32.DLL+0x1257d]
C  [ntdll.dll+0x5aa58]

VM_Operation (0x000000856c0fef10): G1CollectFull, mode: safepoint, requested by thread 0x000002280f601130


---------------  P R O C E S S  ---------------

Threads class SMR info:
_java_thread_list=0x000002280f4650c0, length=19, elements={
0x000002287fc03380, 0x000002287fc04110, 0x000002287fc355d0, 0x000002287fc35fa0,
0x000002287fc36870, 0x000002287fc37140, 0x000002287fc37ac0, 0x000002287fc4e020,
0x000002280e1fdd00, 0x000002280e1fa3c0, 0x000002280ef5c420, 0x000002280f601130,
0x000002280f601610, 0x000002287ed37200, 0x000002280f55ca20, 0x000002280f753870,
0x000002280edf7060, 0x000002280edf7f90, 0x000002280edf7570
}

Java Threads: ( => current thread )
  0x000002287fc03380 JavaThread "Reference Handler" daemon [_thread_blocked, id=17156, stack(0x000000856ac00000,0x000000856ad00000)]
  0x000002287fc04110 JavaThread "Finalizer" daemon [_thread_blocked, id=9768, stack(0x000000856ad00000,0x000000856ae00000)]
  0x000002287fc355d0 JavaThread "Signal Dispatcher" daemon [_thread_blocked, id=20984, stack(0x000000856ae00000,0x000000856af00000)]
  0x000002287fc35fa0 JavaThread "Attach Listener" daemon [_thread_blocked, id=15312, stack(0x000000856af00000,0x000000856b000000)]
  0x000002287fc36870 JavaThread "Service Thread" daemon [_thread_blocked, id=11784, stack(0x000000856b000000,0x000000856b100000)]
  0x000002287fc37140 JavaThread "Monitor Deflation Thread" daemon [_thread_blocked, id=33168, stack(0x000000856b100000,0x000000856b200000)]
  0x000002287fc37ac0 JavaThread "C1 CompilerThread0" daemon [_thread_blocked, id=34696, stack(0x000000856b200000,0x000000856b300000)]
  0x000002287fc4e020 JavaThread "Sweeper thread" daemon [_thread_blocked, id=7756, stack(0x000000856b300000,0x000000856b400000)]
  0x000002280e1fdd00 JavaThread "Notification Thread" daemon [_thread_blocked, id=16808, stack(0x000000856b500000,0x000000856b600000)]
  0x000002280e1fa3c0 JavaThread "Common-Cleaner" daemon [_thread_blocked, id=31864, stack(0x000000856b700000,0x000000856b800000)]
  0x000002280ef5c420 JavaThread "boundedElastic-evictor-1" daemon [_thread_blocked, id=11740, stack(0x000000856bd00000,0x000000856be00000)]
  0x000002280f601130 JavaThread "pool-12-thread-1" [_thread_blocked, id=29248, stack(0x000000856c000000,0x000000856c100000)]
  0x000002280f601610 JavaThread "LanguageServerApp-lifecycle" [_thread_blocked, id=30460, stack(0x000000856c100000,0x000000856c200000)]
  0x000002287ed37200 JavaThread "DestroyJavaVM" [_thread_blocked, id=19928, stack(0x000000856a500000,0x000000856a600000)]
  0x000002280f55ca20 JavaThread "pool-13-thread-1" [_thread_in_native, id=22316, stack(0x000000856c200000,0x000000856c300000)]
  0x000002280f753870 JavaThread "Simple-Language-Server main thread" daemon [_thread_blocked, id=34632, stack(0x000000856c300000,0x000000856c400000)]
  0x000002280edf7060 JavaThread "pool-8-thread-1" [_thread_blocked, id=15008, stack(0x000000856c600000,0x000000856c700000)]
  0x000002280edf7f90 JavaThread "parallel-1" daemon [_thread_blocked, id=27576, stack(0x000000856c700000,0x000000856c800000)]
  0x000002280edf7570 JavaThread "Reconciler-1" daemon [_thread_blocked, id=7572, stack(0x000000856c900000,0x000000856ca00000)]

Other Threads:
=>0x000002287fbede00 VMThread "VM Thread" [stack: 0x000000856ab00000,0x000000856ac00000] [id=16096]
  0x000002280e1fe1e0 WatcherThread [stack: 0x000000856b600000,0x000000856b700000] [id=29536]
  0x000002287ed75bd0 GCTaskThread "GC Thread#0" [stack: 0x000000856a600000,0x000000856a700000] [id=14972]
  0x000002280ec56490 GCTaskThread "GC Thread#1" [stack: 0x000000856b800000,0x000000856b900000] [id=23116]
  0x000002280ec9e940 GCTaskThread "GC Thread#2" [stack: 0x000000856b900000,0x000000856ba00000] [id=22320]
  0x000002280eca6c10 GCTaskThread "GC Thread#3" [stack: 0x000000856ba00000,0x000000856bb00000] [id=21688]
  0x000002280ed57290 GCTaskThread "GC Thread#4" [stack: 0x000000856bb00000,0x000000856bc00000] [id=11540]
  0x000002280ed57550 GCTaskThread "GC Thread#5" [stack: 0x000000856bc00000,0x000000856bd00000] [id=32916]
  0x000002287ed7ea30 ConcurrentGCThread "G1 Main Marker" [stack: 0x000000856a700000,0x000000856a800000] [id=27396]
  0x000002287ed7f360 ConcurrentGCThread "G1 Conc#0" [stack: 0x000000856a800000,0x000000856a900000] [id=32300]
  0x000002280efa2c70 ConcurrentGCThread "G1 Conc#1" [stack: 0x000000856be00000,0x000000856bf00000] [id=20208]
  0x000002287fa60090 ConcurrentGCThread "G1 Refine#0" [stack: 0x000000856a900000,0x000000856aa00000] [id=18900]
  0x000002287fa609d0 ConcurrentGCThread "G1 Service" [stack: 0x000000856aa00000,0x000000856ab00000] [id=27536]

Threads with active compile tasks:

VM state: at safepoint (normal execution)

VM Mutex/Monitor currently owned by a thread:  ([mutex/lock_event])
[0x000002287ca9e8c0] Threads_lock - owner thread: 0x000002287fbede00
[0x000002287ed34f80] Heap_lock - owner thread: 0x000002280f601130

Heap address: 0x00000000c0000000, size: 1024 MB, Compressed Oops mode: 32-bit

CDS archive(s) not mapped
Compressed class space mapped at: 0x0000000100000000-0x0000000140000000, reserved size: 1073741824
Narrow klass base: 0x0000000000000000, Narrow klass shift: 3, Narrow klass range: 0x140000000

GC Precious Log:
 CPUs: 6 total, 6 available
 Memory: 7600M
 Large Page Support: Disabled
 NUMA Support: Disabled
 Compressed Oops: Enabled (32-bit)
 Heap Region Size: 1M
 Heap Min Capacity: 8M
 Heap Initial Capacity: 120M
 Heap Max Capacity: 1G
 Pre-touch: Disabled
 Parallel Workers: 6
 Concurrent Workers: 2
 Concurrent Refinement Workers: 6
 Periodic GC: Disabled

Heap:
 garbage-first heap   total 75776K, used 22190K [0x00000000c0000000, 0x0000000100000000)
  region size 1024K, 1 young (1024K), 0 survivors (0K)
 Metaspace       used 38567K, committed 39168K, reserved 1114112K
  class space    used 5078K, committed 5312K, reserved 1048576K

Heap Regions: E=young(eden), S=young(survivor), O=old, HS=humongous(starts), HC=humongous(continues), CS=collection set, F=free, OA=open archive, CA=closed archive, TAMS=top-at-mark-start (previous, next)
|   0|0x00000000c0000000, 0x00000000c0100000, 0x00000000c0100000|100%|HS|  |TAMS 0x00000000c0100000, 0x00000000c0000000| Untracked 
|   1|0x00000000c0100000, 0x00000000c0200000, 0x00000000c0200000|100%|HC|  |TAMS 0x00000000c0200000, 0x00000000c0100000| Untracked 
|   2|0x00000000c0200000, 0x00000000c0300000, 0x00000000c0300000|100%|HC|  |TAMS 0x00000000c0300000, 0x00000000c0200000| Untracked 
|   3|0x00000000c0300000, 0x00000000c0400000, 0x00000000c0400000|100%|HC|  |TAMS 0x00000000c0400000, 0x00000000c0300000| Untracked 
|   4|0x00000000c0400000, 0x00000000c0500000, 0x00000000c0500000|100%| O|  |TAMS 0x00000000c0500000, 0x00000000c0400000| Untracked 
|   5|0x00000000c0500000, 0x00000000c0600000, 0x00000000c0600000|100%| O|  |TAMS 0x00000000c0600000, 0x00000000c0500000| Untracked 
|   6|0x00000000c0600000, 0x00000000c06fb410, 0x00000000c0700000| 98%| O|  |TAMS 0x00000000c06fb410, 0x00000000c0600000| Untracked 
|   7|0x00000000c0700000, 0x00000000c07ff6a8, 0x00000000c0800000| 99%| O|  |TAMS 0x00000000c07ff6a8, 0x00000000c0700000| Untracked 
|   8|0x00000000c0800000, 0x00000000c0900000, 0x00000000c0900000|100%| O|  |TAMS 0x00000000c0900000, 0x00000000c0800000| Untracked 
|   9|0x00000000c0900000, 0x00000000c09fffd0, 0x00000000c0a00000| 99%| O|  |TAMS 0x00000000c09fffd0, 0x00000000c0900000| Untracked 
|  10|0x00000000c0a00000, 0x00000000c0afffb8, 0x00000000c0b00000| 99%| O|  |TAMS 0x00000000c0afffb8, 0x00000000c0a00000| Untracked 
|  11|0x00000000c0b00000, 0x00000000c0bfffe0, 0x00000000c0c00000| 99%| O|  |TAMS 0x00000000c0bfffe0, 0x00000000c0b00000| Untracked 
|  12|0x00000000c0c00000, 0x00000000c0d00000, 0x00000000c0d00000|100%| O|  |TAMS 0x00000000c0d00000, 0x00000000c0c00000| Untracked 
|  13|0x00000000c0d00000, 0x00000000c0dfffd8, 0x00000000c0e00000| 99%| O|  |TAMS 0x00000000c0dfffd8, 0x00000000c0d00000| Untracked 
|  14|0x00000000c0e00000, 0x00000000c0efffe8, 0x00000000c0f00000| 99%| O|  |TAMS 0x00000000c0efffe8, 0x00000000c0e00000| Untracked 
|  15|0x00000000c0f00000, 0x00000000c0ffa8e8, 0x00000000c1000000| 97%| O|  |TAMS 0x00000000c0ffa8e8, 0x00000000c0f00000| Untracked 
|  16|0x00000000c1000000, 0x00000000c10ffca0, 0x00000000c1100000| 99%| O|  |TAMS 0x00000000c10ffca0, 0x00000000c1000000| Untracked 
|  17|0x00000000c1100000, 0x00000000c11fffe8, 0x00000000c1200000| 99%| O|  |TAMS 0x00000000c11fffe8, 0x00000000c1100000| Untracked 
|  18|0x00000000c1200000, 0x00000000c12ffff8, 0x00000000c1300000| 99%| O|  |TAMS 0x00000000c12ffff8, 0x00000000c1200000| Untracked 
|  19|0x00000000c1300000, 0x00000000c13fffc8, 0x00000000c1400000| 99%| O|  |TAMS 0x00000000c13fffc8, 0x00000000c1300000| Untracked 
|  20|0x00000000c1400000, 0x00000000c14ffff8, 0x00000000c1500000| 99%| O|  |TAMS 0x00000000c14ffff8, 0x00000000c1400000| Untracked 
|  21|0x00000000c1500000, 0x00000000c15b4828, 0x00000000c1600000| 70%| O|  |TAMS 0x00000000c1500000, 0x00000000c1500000| Untracked 
|  22|0x00000000c1600000, 0x00000000c1602308, 0x00000000c1700000|  0%| O|  |TAMS 0x00000000c1600000, 0x00000000c1600000| Untracked 
|  23|0x00000000c1700000, 0x00000000c1700000, 0x00000000c1800000|  0%| F|  |TAMS 0x00000000c1700000, 0x00000000c1700000| Untracked 
|  24|0x00000000c1800000, 0x00000000c1800000, 0x00000000c1900000|  0%| F|  |TAMS 0x00000000c1800000, 0x00000000c1800000| Untracked 
|  25|0x00000000c1900000, 0x00000000c1900000, 0x00000000c1a00000|  0%| F|  |TAMS 0x00000000c1900000, 0x00000000c1900000| Untracked 
|  26|0x00000000c1a00000, 0x00000000c1a00000, 0x00000000c1b00000|  0%| F|  |TAMS 0x00000000c1a00000, 0x00000000c1a00000| Untracked 
|  27|0x00000000c1b00000, 0x00000000c1b00000, 0x00000000c1c00000|  0%| F|  |TAMS 0x00000000c1b00000, 0x00000000c1b00000| Untracked 
|  28|0x00000000c1c00000, 0x00000000c1c00000, 0x00000000c1d00000|  0%| F|  |TAMS 0x00000000c1c00000, 0x00000000c1c00000| Untracked 
|  29|0x00000000c1d00000, 0x00000000c1d00000, 0x00000000c1e00000|  0%| F|  |TAMS 0x00000000c1d00000, 0x00000000c1d00000| Untracked 
|  30|0x00000000c1e00000, 0x00000000c1e00000, 0x00000000c1f00000|  0%| F|  |TAMS 0x00000000c1e00000, 0x00000000c1e00000| Untracked 
|  31|0x00000000c1f00000, 0x00000000c1f00000, 0x00000000c2000000|  0%| F|  |TAMS 0x00000000c1f00000, 0x00000000c1f00000| Untracked 
|  32|0x00000000c2000000, 0x00000000c2000000, 0x00000000c2100000|  0%| F|  |TAMS 0x00000000c2000000, 0x00000000c2000000| Untracked 
|  33|0x00000000c2100000, 0x00000000c2100000, 0x00000000c2200000|  0%| F|  |TAMS 0x00000000c2100000, 0x00000000c2100000| Untracked 
|  34|0x00000000c2200000, 0x00000000c2200000, 0x00000000c2300000|  0%| F|  |TAMS 0x00000000c2200000, 0x00000000c2200000| Untracked 
|  35|0x00000000c2300000, 0x00000000c2300000, 0x00000000c2400000|  0%| F|  |TAMS 0x00000000c2300000, 0x00000000c2300000| Untracked 
|  36|0x00000000c2400000, 0x00000000c2400000, 0x00000000c2500000|  0%| F|  |TAMS 0x00000000c2400000, 0x00000000c2400000| Untracked 
|  37|0x00000000c2500000, 0x00000000c2500000, 0x00000000c2600000|  0%| F|  |TAMS 0x00000000c2500000, 0x00000000c2500000| Untracked 
|  38|0x00000000c2600000, 0x00000000c2600000, 0x00000000c2700000|  0%| F|  |TAMS 0x00000000c2600000, 0x00000000c2600000| Untracked 
|  39|0x00000000c2700000, 0x00000000c2700000, 0x00000000c2800000|  0%| F|  |TAMS 0x00000000c2700000, 0x00000000c2700000| Untracked 
|  40|0x00000000c2800000, 0x00000000c2800000, 0x00000000c2900000|  0%| F|  |TAMS 0x00000000c2800000, 0x00000000c2800000| Untracked 
|  41|0x00000000c2900000, 0x00000000c2900000, 0x00000000c2a00000|  0%| F|  |TAMS 0x00000000c2900000, 0x00000000c2900000| Untracked 
|  42|0x00000000c2a00000, 0x00000000c2a00000, 0x00000000c2b00000|  0%| F|  |TAMS 0x00000000c2a00000, 0x00000000c2a00000| Untracked 
|  43|0x00000000c2b00000, 0x00000000c2b00000, 0x00000000c2c00000|  0%| F|  |TAMS 0x00000000c2b00000, 0x00000000c2b00000| Untracked 
|  44|0x00000000c2c00000, 0x00000000c2c00000, 0x00000000c2d00000|  0%| F|  |TAMS 0x00000000c2c00000, 0x00000000c2c00000| Untracked 
|  45|0x00000000c2d00000, 0x00000000c2d00000, 0x00000000c2e00000|  0%| F|  |TAMS 0x00000000c2d00000, 0x00000000c2d00000| Untracked 
|  46|0x00000000c2e00000, 0x00000000c2e00000, 0x00000000c2f00000|  0%| F|  |TAMS 0x00000000c2e00000, 0x00000000c2e00000| Untracked 
|  47|0x00000000c2f00000, 0x00000000c2f00000, 0x00000000c3000000|  0%| F|  |TAMS 0x00000000c2f00000, 0x00000000c2f00000| Untracked 
|  48|0x00000000c3000000, 0x00000000c3000000, 0x00000000c3100000|  0%| F|  |TAMS 0x00000000c3000000, 0x00000000c3000000| Untracked 
|  49|0x00000000c3100000, 0x00000000c3100000, 0x00000000c3200000|  0%| F|  |TAMS 0x00000000c3100000, 0x00000000c3100000| Untracked 
|  50|0x00000000c3200000, 0x00000000c3200000, 0x00000000c3300000|  0%| F|  |TAMS 0x00000000c3200000, 0x00000000c3200000| Untracked 
|  51|0x00000000c3300000, 0x00000000c3300000, 0x00000000c3400000|  0%| F|  |TAMS 0x00000000c3300000, 0x00000000c3300000| Untracked 
|  52|0x00000000c3400000, 0x00000000c3400000, 0x00000000c3500000|  0%| F|  |TAMS 0x00000000c3400000, 0x00000000c3400000| Untracked 
|  53|0x00000000c3500000, 0x00000000c3500000, 0x00000000c3600000|  0%| F|  |TAMS 0x00000000c3500000, 0x00000000c3500000| Untracked 
|  54|0x00000000c3600000, 0x00000000c3600000, 0x00000000c3700000|  0%| F|  |TAMS 0x00000000c3600000, 0x00000000c3600000| Untracked 
|  55|0x00000000c3700000, 0x00000000c3700000, 0x00000000c3800000|  0%| F|  |TAMS 0x00000000c3700000, 0x00000000c3700000| Untracked 
|  56|0x00000000c3800000, 0x00000000c3800000, 0x00000000c3900000|  0%| F|  |TAMS 0x00000000c3800000, 0x00000000c3800000| Untracked 
|  57|0x00000000c3900000, 0x00000000c3900000, 0x00000000c3a00000|  0%| F|  |TAMS 0x00000000c3900000, 0x00000000c3900000| Untracked 
|  58|0x00000000c3a00000, 0x00000000c3a00000, 0x00000000c3b00000|  0%| F|  |TAMS 0x00000000c3a00000, 0x00000000c3a00000| Untracked 
|  59|0x00000000c3b00000, 0x00000000c3b00000, 0x00000000c3c00000|  0%| F|  |TAMS 0x00000000c3b00000, 0x00000000c3b00000| Untracked 
|  60|0x00000000c3c00000, 0x00000000c3c00000, 0x00000000c3d00000|  0%| F|  |TAMS 0x00000000c3c00000, 0x00000000c3c00000| Untracked 
|  61|0x00000000c3d00000, 0x00000000c3d00000, 0x00000000c3e00000|  0%| F|  |TAMS 0x00000000c3d00000, 0x00000000c3d00000| Untracked 
|  62|0x00000000c3e00000, 0x00000000c3e00000, 0x00000000c3f00000|  0%| F|  |TAMS 0x00000000c3e00000, 0x00000000c3e00000| Untracked 
|  63|0x00000000c3f00000, 0x00000000c3f00000, 0x00000000c4000000|  0%| F|  |TAMS 0x00000000c3f00000, 0x00000000c3f00000| Untracked 
|  64|0x00000000c4000000, 0x00000000c4000000, 0x00000000c4100000|  0%| F|  |TAMS 0x00000000c4000000, 0x00000000c4000000| Untracked 
|  65|0x00000000c4100000, 0x00000000c4100000, 0x00000000c4200000|  0%| F|  |TAMS 0x00000000c4100000, 0x00000000c4100000| Untracked 
|  66|0x00000000c4200000, 0x00000000c4200000, 0x00000000c4300000|  0%| F|  |TAMS 0x00000000c4200000, 0x00000000c4200000| Untracked 
|  67|0x00000000c4300000, 0x00000000c4300000, 0x00000000c4400000|  0%| F|  |TAMS 0x00000000c4300000, 0x00000000c4300000| Untracked 
|  68|0x00000000c4400000, 0x00000000c4400000, 0x00000000c4500000|  0%| F|  |TAMS 0x00000000c4400000, 0x00000000c4400000| Untracked 
|  69|0x00000000c4500000, 0x00000000c4500000, 0x00000000c4600000|  0%| F|  |TAMS 0x00000000c4500000, 0x00000000c4500000| Untracked 
|  70|0x00000000c4600000, 0x00000000c4600000, 0x00000000c4700000|  0%| F|  |TAMS 0x00000000c4600000, 0x00000000c4600000| Untracked 
|  71|0x00000000c4700000, 0x00000000c4700000, 0x00000000c4800000|  0%| F|  |TAMS 0x00000000c4700000, 0x00000000c4700000| Untracked 
|  72|0x00000000c4800000, 0x00000000c4800000, 0x00000000c4900000|  0%| F|  |TAMS 0x00000000c4800000, 0x00000000c4800000| Untracked 
|  73|0x00000000c4900000, 0x00000000c491df70, 0x00000000c4a00000| 11%| E|  |TAMS 0x00000000c4900000, 0x00000000c4900000| Complete 

Card table byte_map: [0x000002287efe0000,0x000002287f1e0000] _byte_map_base: 0x000002287e9e0000

Marking Bits (Prev, Next): (CMBitMap*) 0x000002287ed76140, (CMBitMap*) 0x000002287ed76100
 Prev Bits: [0x0000022806be0000, 0x0000022807be0000)
 Next Bits: [0x0000022805be0000, 0x0000022806be0000)

Polling page: 0x000002287e4e0000

Metaspace:

Usage:
  Non-class:     32.70 MB used.
      Class:      4.96 MB used.
       Both:     37.66 MB used.

Virtual space:
  Non-class space:       64.00 MB reserved,      33.06 MB ( 52%) committed,  1 nodes.
      Class space:        1.00 GB reserved,       5.19 MB ( <1%) committed,  1 nodes.
             Both:        1.06 GB reserved,      38.25 MB (  4%) committed. 

Chunk freelists:
   Non-Class:  14.45 MB
       Class:  10.81 MB
        Both:  25.26 MB

MaxMetaspaceSize: unlimited
CompressedClassSpaceSize: 1.00 GB
Initial GC threshold: 21.00 MB
Current GC threshold: 63.75 MB
CDS: off
MetaspaceReclaimPolicy: balanced
 - commit_granule_bytes: 65536.
 - commit_granule_words: 8192.
 - virtual_space_node_default_size: 8388608.
 - enlarge_chunks_in_place: 1.
 - new_chunks_are_fully_committed: 0.
 - uncommit_free_chunks: 1.
 - use_allocation_guard: 0.
 - handle_deallocations: 1.


Internal statistics:

num_allocs_failed_limit: 12.
num_arena_births: 516.
num_arena_deaths: 158.
num_vsnodes_births: 2.
num_vsnodes_deaths: 0.
num_space_committed: 612.
num_space_uncommitted: 0.
num_chunks_returned_to_freelist: 188.
num_chunks_taken_from_freelist: 1676.
num_chunk_merges: 57.
num_chunk_splits: 1160.
num_chunks_enlarged: 863.
num_inconsistent_stats: 0.

CodeCache: size=49152Kb used=6903Kb max_used=7758Kb free=42248Kb
 bounds [0x0000022802be0000, 0x0000022803380000, 0x0000022805be0000]
 total_blobs=4261 nmethods=3720 adapters=468
 compilation: enabled
              stopped_count=0, restarted_count=0
 full_count=0

Compilation events (20 events):
Event: 2790.594 Thread 0x000002287fc37ac0 3716       1       java.lang.Runtime::exec (8 bytes)
Event: 2790.598 Thread 0x000002287fc37ac0 nmethod 3716 0x00000228030fae90 code [0x00000228030fb020, 0x00000228030fb108]
Event: 2790.598 Thread 0x000002287fc37ac0 3717       1       java.lang.ProcessBuilder::environment (147 bytes)
Event: 2790.626 Thread 0x000002287fc37ac0 nmethod 3717 0x00000228030fa310 code [0x00000228030fa560, 0x00000228030faaa8]
Event: 2790.626 Thread 0x000002287fc37ac0 3718   !   1       java.lang.ProcessImpl::start (733 bytes)
Event: 2790.653 Thread 0x000002287fc37ac0 nmethod 3718 0x00000228030f4b10 code [0x00000228030f50e0, 0x00000228030f8038]
Event: 2790.776 Thread 0x000002287fc37ac0 3722   !   1       java.io.FilterOutputStream::close (183 bytes)
Event: 2790.795 Thread 0x000002287fc37ac0 nmethod 3722 0x00000228030f3d90 code [0x00000228030f3fa0, 0x00000228030f4478]
Event: 2790.795 Thread 0x000002287fc37ac0 3723   !   1       java.io.FileOutputStream::close (69 bytes)
Event: 2790.799 Thread 0x000002287fc37ac0 nmethod 3723 0x00000228030f3710 code [0x00000228030f38e0, 0x00000228030f3c58]
Event: 2790.799 Thread 0x000002287fc37ac0 3724       1       java.io.FileOutputStream$1::<init> (10 bytes)
Event: 2790.799 Thread 0x000002287fc37ac0 nmethod 3724 0x00000228030f3410 code [0x00000228030f35a0, 0x00000228030f36b8]
Event: 2790.799 Thread 0x000002287fc37ac0 3725       1       java.io.FileOutputStream$1::close (11 bytes)
Event: 2790.799 Thread 0x000002287fc37ac0 nmethod 3725 0x00000228030f2d90 code [0x00000228030f2f40, 0x00000228030f3258]
Event: 2790.799 Thread 0x000002287fc37ac0 3726       1       java.lang.System::gc (7 bytes)
Event: 2790.800 Thread 0x000002287fc37ac0 nmethod 3726 0x00000228030f2a90 code [0x00000228030f2c20, 0x00000228030f2ce8]
Event: 2801.009 Thread 0x000002287fc37ac0 3728       1       java.lang.ProcessImpl$$Lambda$762/0x00000001003de4a8::run (8 bytes)
Event: 2801.009 Thread 0x000002287fc37ac0 nmethod 3728 0x00000228030f2390 code [0x00000228030f2520, 0x00000228030f2608]
Event: 2801.009 Thread 0x000002287fc37ac0 3729       1       java.lang.ProcessImpl::lambda$new$0 (6 bytes)
Event: 2801.009 Thread 0x000002287fc37ac0 nmethod 3729 0x00000228030f2090 code [0x00000228030f2220, 0x00000228030f22e8]

GC Heap History (20 events):
Event: 2914.482 GC heap before
{Heap before GC invocations=274 (full 267):
 garbage-first heap   total 75776K, used 22190K [0x00000000c0000000, 0x0000000100000000)
  region size 1024K, 1 young (1024K), 0 survivors (0K)
 Metaspace       used 38567K, committed 39168K, reserved 1114112K
  class space    used 5078K, committed 5312K, reserved 1048576K
}
Event: 2914.500 GC heap after
{Heap after GC invocations=275 (full 268):
 garbage-first heap   total 75776K, used 22190K [0x00000000c0000000, 0x0000000100000000)
  region size 1024K, 0 young (0K), 0 survivors (0K)
 Metaspace       used 38567K, committed 39168K, reserved 1114112K
  class space    used 5078K, committed 5312K, reserved 1048576K
}
Event: 2924.683 GC heap before
{Heap before GC invocations=275 (full 268):
 garbage-first heap   total 75776K, used 22190K [0x00000000c0000000, 0x0000000100000000)
  region size 1024K, 1 young (1024K), 0 survivors (0K)
 Metaspace       used 38567K, committed 39168K, reserved 1114112K
  class space    used 5078K, committed 5312K, reserved 1048576K
}
Event: 2924.702 GC heap after
{Heap after GC invocations=276 (full 269):
 garbage-first heap   total 75776K, used 22190K [0x00000000c0000000, 0x0000000100000000)
  region size 1024K, 0 young (0K), 0 survivors (0K)
 Metaspace       used 38567K, committed 39168K, reserved 1114112K
  class space    used 5078K, committed 5312K, reserved 1048576K
}
Event: 2934.884 GC heap before
{Heap before GC invocations=276 (full 269):
 garbage-first heap   total 75776K, used 22190K [0x00000000c0000000, 0x0000000100000000)
  region size 1024K, 1 young (1024K), 0 survivors (0K)
 Metaspace       used 38567K, committed 39168K, reserved 1114112K
  class space    used 5078K, committed 5312K, reserved 1048576K
}
Event: 2934.904 GC heap after
{Heap after GC invocations=277 (full 270):
 garbage-first heap   total 75776K, used 22190K [0x00000000c0000000, 0x0000000100000000)
  region size 1024K, 0 young (0K), 0 survivors (0K)
 Metaspace       used 38567K, committed 39168K, reserved 1114112K
  class space    used 5078K, committed 5312K, reserved 1048576K
}
Event: 2945.088 GC heap before
{Heap before GC invocations=277 (full 270):
 garbage-first heap   total 75776K, used 22190K [0x00000000c0000000, 0x0000000100000000)
  region size 1024K, 1 young (1024K), 0 survivors (0K)
 Metaspace       used 38567K, committed 39168K, reserved 1114112K
  class space    used 5078K, committed 5312K, reserved 1048576K
}
Event: 2945.105 GC heap after
{Heap after GC invocations=278 (full 271):
 garbage-first heap   total 75776K, used 22190K [0x00000000c0000000, 0x0000000100000000)
  region size 1024K, 0 young (0K), 0 survivors (0K)
 Metaspace       used 38567K, committed 39168K, reserved 1114112K
  class space    used 5078K, committed 5312K, reserved 1048576K
}
Event: 2955.288 GC heap before
{Heap before GC invocations=278 (full 271):
 garbage-first heap   total 75776K, used 22190K [0x00000000c0000000, 0x0000000100000000)
  region size 1024K, 1 young (1024K), 0 survivors (0K)
 Metaspace       used 38567K, committed 39168K, reserved 1114112K
  class space    used 5078K, committed 5312K, reserved 1048576K
}
Event: 2955.304 GC heap after
{Heap after GC invocations=279 (full 272):
 garbage-first heap   total 75776K, used 22190K [0x00000000c0000000, 0x0000000100000000)
  region size 1024K, 0 young (0K), 0 survivors (0K)
 Metaspace       used 38567K, committed 39168K, reserved 1114112K
  class space    used 5078K, committed 5312K, reserved 1048576K
}
Event: 2965.503 GC heap before
{Heap before GC invocations=279 (full 272):
 garbage-first heap   total 75776K, used 22190K [0x00000000c0000000, 0x0000000100000000)
  region size 1024K, 1 young (1024K), 0 survivors (0K)
 Metaspace       used 38567K, committed 39168K, reserved 1114112K
  class space    used 5078K, committed 5312K, reserved 1048576K
}
Event: 2965.526 GC heap after
{Heap after GC invocations=280 (full 273):
 garbage-first heap   total 75776K, used 22190K [0x00000000c0000000, 0x0000000100000000)
  region size 1024K, 0 young (0K), 0 survivors (0K)
 Metaspace       used 38567K, committed 39168K, reserved 1114112K
  class space    used 5078K, committed 5312K, reserved 1048576K
}
Event: 2975.713 GC heap before
{Heap before GC invocations=280 (full 273):
 garbage-first heap   total 75776K, used 22190K [0x00000000c0000000, 0x0000000100000000)
  region size 1024K, 1 young (1024K), 0 survivors (0K)
 Metaspace       used 38567K, committed 39168K, reserved 1114112K
  class space    used 5078K, committed 5312K, reserved 1048576K
}
Event: 2975.731 GC heap after
{Heap after GC invocations=281 (full 274):
 garbage-first heap   total 75776K, used 22190K [0x00000000c0000000, 0x0000000100000000)
  region size 1024K, 0 young (0K), 0 survivors (0K)
 Metaspace       used 38567K, committed 39168K, reserved 1114112K
  class space    used 5078K, committed 5312K, reserved 1048576K
}
Event: 2985.976 GC heap before
{Heap before GC invocations=281 (full 274):
 garbage-first heap   total 75776K, used 22190K [0x00000000c0000000, 0x0000000100000000)
  region size 1024K, 1 young (1024K), 0 survivors (0K)
 Metaspace       used 38567K, committed 39168K, reserved 1114112K
  class space    used 5078K, committed 5312K, reserved 1048576K
}
Event: 2986.012 GC heap after
{Heap after GC invocations=282 (full 275):
 garbage-first heap   total 75776K, used 22190K [0x00000000c0000000, 0x0000000100000000)
  region size 1024K, 0 young (0K), 0 survivors (0K)
 Metaspace       used 38567K, committed 39168K, reserved 1114112K
  class space    used 5078K, committed 5312K, reserved 1048576K
}
Event: 2996.240 GC heap before
{Heap before GC invocations=282 (full 275):
 garbage-first heap   total 75776K, used 22190K [0x00000000c0000000, 0x0000000100000000)
  region size 1024K, 1 young (1024K), 0 survivors (0K)
 Metaspace       used 38567K, committed 39168K, reserved 1114112K
  class space    used 5078K, committed 5312K, reserved 1048576K
}
Event: 2996.260 GC heap after
{Heap after GC invocations=283 (full 276):
 garbage-first heap   total 75776K, used 22190K [0x00000000c0000000, 0x0000000100000000)
  region size 1024K, 0 young (0K), 0 survivors (0K)
 Metaspace       used 38567K, committed 39168K, reserved 1114112K
  class space    used 5078K, committed 5312K, reserved 1048576K
}
Event: 3006.456 GC heap before
{Heap before GC invocations=283 (full 276):
 garbage-first heap   total 75776K, used 22190K [0x00000000c0000000, 0x0000000100000000)
  region size 1024K, 1 young (1024K), 0 survivors (0K)
 Metaspace       used 38567K, committed 39168K, reserved 1114112K
  class space    used 5078K, committed 5312K, reserved 1048576K
}
Event: 3006.475 GC heap after
{Heap after GC invocations=284 (full 277):
 garbage-first heap   total 75776K, used 22190K [0x00000000c0000000, 0x0000000100000000)
  region size 1024K, 0 young (0K), 0 survivors (0K)
 Metaspace       used 38567K, committed 39168K, reserved 1114112K
  class space    used 5078K, committed 5312K, reserved 1048576K
}

Dll operation events (8 events):
Event: 1.486 Loaded shared library c:\Users\Thalia\.vscode\extensions\redhat.java-1.25.1-win32-x64\jre\17.0.9-win32-x86_64\bin\java.dll
Event: 2.640 Loaded shared library C:\Users\Thalia\.vscode\extensions\redhat.java-1.25.1-win32-x64\jre\17.0.9-win32-x86_64\bin\net.dll
Event: 2.714 Loaded shared library C:\Users\Thalia\.vscode\extensions\redhat.java-1.25.1-win32-x64\jre\17.0.9-win32-x86_64\bin\nio.dll
Event: 2.734 Loaded shared library C:\Users\Thalia\.vscode\extensions\redhat.java-1.25.1-win32-x64\jre\17.0.9-win32-x86_64\bin\zip.dll
Event: 4.987 Loaded shared library C:\Users\Thalia\.vscode\extensions\redhat.java-1.25.1-win32-x64\jre\17.0.9-win32-x86_64\bin\jimage.dll
Event: 17.115 Loaded shared library c:\Users\Thalia\.vscode\extensions\redhat.java-1.25.1-win32-x64\jre\17.0.9-win32-x86_64\bin\verify.dll
Event: 18.217 Loaded shared library C:\Users\Thalia\.vscode\extensions\redhat.java-1.25.1-win32-x64\jre\17.0.9-win32-x86_64\bin\management.dll
Event: 18.240 Loaded shared library C:\Users\Thalia\.vscode\extensions\redhat.java-1.25.1-win32-x64\jre\17.0.9-win32-x86_64\bin\management_ext.dll

Deoptimization events (12 events):
Event: 12.620 Thread 0x000002287ed37200 DEOPT PACKING pc=0x000002280308cd19 sp=0x000000856a5fd630
Event: 12.620 Thread 0x000002287ed37200 DEOPT UNPACKING pc=0x0000022802c37143 sp=0x000000856a5fcb10 mode 3
Event: 14.114 Thread 0x000002287ed37200 DEOPT PACKING pc=0x00000228031b81d5 sp=0x000000856a5febf0
Event: 14.114 Thread 0x000002287ed37200 DEOPT UNPACKING pc=0x0000022802c37143 sp=0x000000856a5fe098 mode 3
Event: 20.507 Thread 0x000002280f753870 DEOPT PACKING pc=0x0000022803368db5 sp=0x000000856c3fd830
Event: 20.507 Thread 0x000002280f753870 DEOPT UNPACKING pc=0x0000022802c37143 sp=0x000000856c3fcd58 mode 3
Event: 43.350 Thread 0x000002280f55ca20 DEOPT PACKING pc=0x000002280304b501 sp=0x000000856c2fdc50
Event: 43.350 Thread 0x000002280f55ca20 DEOPT UNPACKING pc=0x0000022802c37143 sp=0x000000856c2fd0e0 mode 3
Event: 43.396 Thread 0x000002280f753870 DEOPT PACKING pc=0x0000022803027d97 sp=0x000000856c3ff270
Event: 43.398 Thread 0x000002280f753870 DEOPT UNPACKING pc=0x0000022802c37143 sp=0x000000856c3fe6c8 mode 3
Event: 1997.346 Thread 0x000002280f55ca20 DEOPT PACKING pc=0x00000228031c0554 sp=0x000000856c2fef50
Event: 1997.349 Thread 0x000002280f55ca20 DEOPT UNPACKING pc=0x0000022802c37143 sp=0x000000856c2fe3f8 mode 0

Classes unloaded (20 events):
Event: 111.469 Thread 0x000002287fbede00 Unloading class 0x00000001000d4800 'java/lang/invoke/LambdaForm$MH+0x00000001000d4800'
Event: 111.469 Thread 0x000002287fbede00 Unloading class 0x00000001000d4400 'java/lang/invoke/LambdaForm$MH+0x00000001000d4400'
Event: 111.469 Thread 0x000002287fbede00 Unloading class 0x00000001000ce800 'java/lang/invoke/LambdaForm$MH+0x00000001000ce800'
Event: 111.469 Thread 0x000002287fbede00 Unloading class 0x00000001000ce400 'java/lang/invoke/LambdaForm$MH+0x00000001000ce400'
Event: 111.469 Thread 0x000002287fbede00 Unloading class 0x00000001000ce000 'java/lang/invoke/LambdaForm$MH+0x00000001000ce000'
Event: 111.469 Thread 0x000002287fbede00 Unloading class 0x00000001000cdc00 'java/lang/invoke/LambdaForm$MH+0x00000001000cdc00'
Event: 111.469 Thread 0x000002287fbede00 Unloading class 0x00000001000cd800 'java/lang/invoke/LambdaForm$MH+0x00000001000cd800'
Event: 111.469 Thread 0x000002287fbede00 Unloading class 0x00000001000cd400 'java/lang/invoke/LambdaForm$MH+0x00000001000cd400'
Event: 111.469 Thread 0x000002287fbede00 Unloading class 0x00000001000ccc00 'java/lang/invoke/LambdaForm$MH+0x00000001000ccc00'
Event: 111.469 Thread 0x000002287fbede00 Unloading class 0x00000001000cc800 'java/lang/invoke/LambdaForm$MH+0x00000001000cc800'
Event: 111.469 Thread 0x000002287fbede00 Unloading class 0x00000001000cc000 'java/lang/invoke/LambdaForm$MH+0x00000001000cc000'
Event: 111.469 Thread 0x000002287fbede00 Unloading class 0x00000001000cbc00 'java/lang/invoke/LambdaForm$MH+0x00000001000cbc00'
Event: 111.469 Thread 0x000002287fbede00 Unloading class 0x00000001000cac00 'java/lang/invoke/LambdaForm$MH+0x00000001000cac00'
Event: 111.469 Thread 0x000002287fbede00 Unloading class 0x00000001000ca400 'java/lang/invoke/LambdaForm$MH+0x00000001000ca400'
Event: 111.469 Thread 0x000002287fbede00 Unloading class 0x00000001000ca000 'java/lang/invoke/LambdaForm$MH+0x00000001000ca000'
Event: 111.469 Thread 0x000002287fbede00 Unloading class 0x00000001000c9c00 'java/lang/invoke/LambdaForm$MH+0x00000001000c9c00'
Event: 111.469 Thread 0x000002287fbede00 Unloading class 0x00000001000c9800 'java/lang/invoke/LambdaForm$MH+0x00000001000c9800'
Event: 111.469 Thread 0x000002287fbede00 Unloading class 0x00000001000c9400 'java/lang/invoke/LambdaForm$MH+0x00000001000c9400'
Event: 111.469 Thread 0x000002287fbede00 Unloading class 0x00000001000c8c00 'java/lang/invoke/LambdaForm$MH+0x00000001000c8c00'
Event: 111.469 Thread 0x000002287fbede00 Unloading class 0x00000001000c8400 'java/lang/invoke/LambdaForm$MH+0x00000001000c8400'

Classes redefined (0 events):
No events

Internal exceptions (20 events):
Event: 15.122 Thread 0x000002280ee237e0 Exception <a 'java/lang/NoSuchMethodError'{0x00000000c271c108}: 'long java.lang.invoke.DirectMethodHandle$Holder.invokeInterface(java.lang.Object, java.lang.Object)'> (0x00000000c271c108) 
thrown [s\src\hotspot\share\interpreter\linkResolver.cpp, line 759]
Event: 15.122 Thread 0x000002280ee237e0 Exception <a 'java/lang/IncompatibleClassChangeError'{0x00000000c271f698}: Found class java.lang.Object, but interface was expected> (0x00000000c271f698) 
thrown [s\src\hotspot\share\interpreter\linkResolver.cpp, line 826]
Event: 15.136 Thread 0x000002280ee237e0 Exception <a 'java/lang/NoSuchMethodError'{0x00000000c27adc68}: 'java.lang.Object java.lang.invoke.DirectMethodHandle$Holder.invokeVirtual(java.lang.Object, java.lang.Object, java.lang.Object, java.lang.Object)'> (0x00000000c27adc68) 
thrown [s\src\hotspot\share\interpreter\linkResolver.cpp, line 759]
Event: 15.155 Thread 0x000002280ee237e0 Exception <a 'java/lang/NoSuchMethodError'{0x00000000c2666188}: 'java.lang.Object java.lang.invoke.DirectMethodHandle$Holder.invokeStaticInit(java.lang.Object, java.lang.Object, java.lang.Object, java.lang.Object, java.lang.Object)'> (0x00000000c2666188) 
thrown [s\src\hotspot\share\interpreter\linkResolver.cpp, line 759]
Event: 16.103 Thread 0x000002287ed37200 Exception <a 'java/lang/NoSuchMethodError'{0x00000000c77ec360}: 'java.lang.Object java.lang.invoke.DirectMethodHandle$Holder.invokeStaticInit(java.lang.Object, java.lang.Object, int, int, int, int)'> (0x00000000c77ec360) 
thrown [s\src\hotspot\share\interpreter\linkResolver.cpp, line 759]
Event: 16.704 Thread 0x000002287ed37200 Exception <a 'java/lang/NoSuchMethodError'{0x00000000c47e5f68}: 'void java.lang.invoke.DirectMethodHandle$Holder.invokeSpecialIFC(java.lang.Object, java.lang.Object, java.lang.Object)'> (0x00000000c47e5f68) 
thrown [s\src\hotspot\share\interpreter\linkResolver.cpp, line 759]
Event: 17.366 Thread 0x000002287ed37200 Exception <a 'java/lang/NoSuchMethodError'{0x00000000c364ba60}: 'int java.lang.invoke.DirectMethodHandle$Holder.invokeStaticInit(java.lang.Object, java.lang.Object, int, java.lang.Object)'> (0x00000000c364ba60) 
thrown [s\src\hotspot\share\interpreter\linkResolver.cpp, line 759]
Event: 17.451 Thread 0x000002287ed37200 Exception <a 'java/lang/NoSuchMethodError'{0x00000000c355a0f0}: 'void java.lang.invoke.DirectMethodHandle$Holder.invokeSpecial(java.lang.Object, java.lang.Object, java.lang.Object, java.lang.Object, java.lang.Object, java.lang.Object, java.lang.Object)'> (0x00000000c355a0f0) 
thrown [s\src\hotspot\share\interpreter\linkResolver.cpp, line 759]
Event: 17.770 Thread 0x000002287ed37200 Exception <a 'java/lang/NoSuchMethodError'{0x00000000c315d138}: 'java.lang.Object java.lang.invoke.DirectMethodHandle$Holder.invokeInterface(java.lang.Object, java.lang.Object, int)'> (0x00000000c315d138) 
thrown [s\src\hotspot\share\interpreter\linkResolver.cpp, line 759]
Event: 17.775 Thread 0x000002287ed37200 Exception <a 'java/lang/IncompatibleClassChangeError'{0x00000000c3170730}: Found class java.lang.Object, but interface was expected> (0x00000000c3170730) 
thrown [s\src\hotspot\share\interpreter\linkResolver.cpp, line 826]
Event: 18.125 Thread 0x000002287ed37200 Exception <a 'java/lang/NoSuchMethodError'{0x00000000c2b13498}: 'java.lang.Object java.lang.invoke.DirectMethodHandle$Holder.newInvokeSpecial(java.lang.Object, java.lang.Object, int, java.lang.Object, java.lang.Object)'> (0x00000000c2b13498) 
thrown [s\src\hotspot\share\interpreter\linkResolver.cpp, line 759]
Event: 18.162 Thread 0x000002287ed37200 Exception <a 'java/lang/NoSuchMethodError'{0x00000000c2b26230}: 'java.lang.Object java.lang.invoke.DirectMethodHandle$Holder.invokeSpecial(java.lang.Object, java.lang.Object, int, java.lang.Object, int, java.lang.Object)'> (0x00000000c2b26230) 
thrown [s\src\hotspot\share\interpreter\linkResolver.cpp, line 759]
Event: 18.164 Thread 0x000002287ed37200 Exception <a 'java/lang/NoSuchMethodError'{0x00000000c2b2e038}: 'java.lang.Object java.lang.invoke.DirectMethodHandle$Holder.newInvokeSpecial(java.lang.Object, java.lang.Object, int, java.lang.Object, int)'> (0x00000000c2b2e038) 
thrown [s\src\hotspot\share\interpreter\linkResolver.cpp, line 759]
Event: 18.165 Thread 0x000002287ed37200 Exception <a 'java/lang/NoSuchMethodError'{0x00000000c2b32138}: 'java.lang.Object java.lang.invoke.DirectMethodHandle$Holder.invokeSpecial(java.lang.Object, java.lang.Object, java.lang.Object, int, java.lang.Object, int)'> (0x00000000c2b32138) 
thrown [s\src\hotspot\share\interpreter\linkResolver.cpp, line 759]
Event: 20.236 Thread 0x000002280f55ca20 Exception <a 'java/lang/NoSuchMethodError'{0x00000000c4650bc8}: 'java.lang.Object java.lang.invoke.DirectMethodHandle$Holder.invokeStatic(java.lang.Object, java.lang.Object, java.lang.Object, int, java.lang.Object, java.lang.Object)'> (0x00000000c4650bc8) 
thrown [s\src\hotspot\share\interpreter\linkResolver.cpp, line 759]
Event: 21.036 Thread 0x000002280f753870 Exception <a 'java/lang/NoSuchMethodError'{0x00000000c445fe40}: 'java.lang.Object java.lang.invoke.DirectMethodHandle$Holder.invokeStatic(java.lang.Object, int, java.lang.Object)'> (0x00000000c445fe40) 
thrown [s\src\hotspot\share\interpreter\linkResolver.cpp, line 759]
Event: 22.557 Thread 0x000002280edf7570 Exception <a 'java/lang/NoSuchMethodError'{0x00000000c40aa820}: 'int java.lang.invoke.DirectMethodHandle$Holder.invokeStatic(java.lang.Object)'> (0x00000000c40aa820) 
thrown [s\src\hotspot\share\interpreter\linkResolver.cpp, line 759]
Event: 22.557 Thread 0x000002280edf7570 Exception <a 'java/lang/NoSuchMethodError'{0x00000000c40adc20}: 'int java.lang.invoke.DirectMethodHandle$Holder.invokeStaticInit(java.lang.Object)'> (0x00000000c40adc20) 
thrown [s\src\hotspot\share\interpreter\linkResolver.cpp, line 759]
Event: 88.734 Thread 0x000002280f601130 Exception <a 'java/lang/NoSuchMethodError'{0x00000000c3f1b8f0}: 'void java.lang.invoke.DirectMethodHandle$Holder.invokeStatic(java.lang.Object, long)'> (0x00000000c3f1b8f0) 
thrown [s\src\hotspot\share\interpreter\linkResolver.cpp, line 759]
Event: 88.863 Thread 0x000002280f601130 Exception <a 'java/lang/NoSuchMethodError'{0x00000000c3f20c98}: 'java.lang.Object java.lang.invoke.DirectMethodHandle$Holder.newInvokeSpecial(java.lang.Object, long)'> (0x00000000c3f20c98) 
thrown [s\src\hotspot\share\interpreter\linkResolver.cpp, line 759]

VM Operations (20 events):
Event: 2914.500 Executing VM operation: G1CollectFull done
Event: 2924.683 Executing VM operation: G1CollectFull
Event: 2924.702 Executing VM operation: G1CollectFull done
Event: 2934.884 Executing VM operation: G1CollectFull
Event: 2934.904 Executing VM operation: G1CollectFull done
Event: 2945.088 Executing VM operation: G1CollectFull
Event: 2945.105 Executing VM operation: G1CollectFull done
Event: 2955.288 Executing VM operation: G1CollectFull
Event: 2955.304 Executing VM operation: G1CollectFull done
Event: 2965.503 Executing VM operation: G1CollectFull
Event: 2965.526 Executing VM operation: G1CollectFull done
Event: 2975.713 Executing VM operation: G1CollectFull
Event: 2975.731 Executing VM operation: G1CollectFull done
Event: 2985.975 Executing VM operation: G1CollectFull
Event: 2986.012 Executing VM operation: G1CollectFull done
Event: 2996.240 Executing VM operation: G1CollectFull
Event: 2996.260 Executing VM operation: G1CollectFull done
Event: 3006.456 Executing VM operation: G1CollectFull
Event: 3006.475 Executing VM operation: G1CollectFull done
Event: 3016.851 Executing VM operation: G1CollectFull

Events (20 events):
Event: 36.303 loading class java/util/logging/LogRecord done
Event: 43.350 loading class java/util/concurrent/locks/AbstractQueuedSynchronizer$ExclusiveNode
Event: 43.350 loading class java/util/concurrent/locks/AbstractQueuedSynchronizer$ExclusiveNode done
Event: 43.354 loading class java/util/concurrent/ConcurrentHashMap$ValueSpliterator
Event: 43.356 loading class java/util/concurrent/ConcurrentHashMap$ValueSpliterator done
Event: 83.646 Thread 0x000002280f5855b0 Thread exited: 0x000002280f5855b0
Event: 83.658 Thread 0x000002280f221150 Thread exited: 0x000002280f221150
Event: 88.318 loading class java/lang/ProcessBuilder
Event: 88.416 loading class java/lang/ProcessBuilder done
Event: 88.417 loading class java/lang/ProcessImpl
Event: 88.536 loading class java/lang/ProcessImpl done
Event: 88.870 loading class java/lang/ProcessImpl$2
Event: 88.903 loading class java/lang/ProcessImpl$2 done
Event: 88.911 loading class java/lang/Process$PipeInputStream
Event: 88.912 loading class java/lang/Process$PipeInputStream done
Event: 89.214 loading class jdk/internal/event/ProcessStartEvent
Event: 89.223 loading class jdk/internal/event/ProcessStartEvent done
Event: 92.625 loading class java/io/FileOutputStream$1
Event: 92.637 loading class java/io/FileOutputStream$1 done
Event: 98.368 Thread 0x000002280edf89b0 Thread exited: 0x000002280edf89b0


Dynamic libraries:
0x00007ff6176e0000 - 0x00007ff6176ee000 	c:\Users\Thalia\.vscode\extensions\redhat.java-1.25.1-win32-x64\jre\17.0.9-win32-x86_64\bin\java.exe
0x00007ffd431f0000 - 0x00007ffd43407000 	C:\Windows\SYSTEM32\ntdll.dll
0x00007ffd425e0000 - 0x00007ffd426a4000 	C:\Windows\System32\KERNEL32.DLL
0x00007ffd40620000 - 0x00007ffd409c6000 	C:\Windows\System32\KERNELBASE.dll
0x00007ffd2ca20000 - 0x00007ffd2ca3b000 	c:\Users\Thalia\.vscode\extensions\redhat.java-1.25.1-win32-x64\jre\17.0.9-win32-x86_64\bin\VCRUNTIME140.dll
0x00007ffd2ca40000 - 0x00007ffd2ca57000 	c:\Users\Thalia\.vscode\extensions\redhat.java-1.25.1-win32-x64\jre\17.0.9-win32-x86_64\bin\jli.dll
0x00007ffd29bb0000 - 0x00007ffd29e43000 	C:\Windows\WinSxS\amd64_microsoft.windows.common-controls_6595b64144ccf1df_6.0.22621.2506_none_270c5ae97388e100\COMCTL32.dll
0x00007ffd42b20000 - 0x00007ffd42cce000 	C:\Windows\System32\USER32.dll
0x00007ffd40af0000 - 0x00007ffd40b16000 	C:\Windows\System32\win32u.dll
0x00007ffd40b20000 - 0x00007ffd40c31000 	C:\Windows\System32\ucrtbase.dll
0x00007ffd42fc0000 - 0x00007ffd42fe9000 	C:\Windows\System32\GDI32.dll
0x00007ffd41880000 - 0x00007ffd41927000 	C:\Windows\System32\msvcrt.dll
0x00007ffd409d0000 - 0x00007ffd40ae8000 	C:\Windows\System32\gdi32full.dll
0x00007ffd40e30000 - 0x00007ffd40eca000 	C:\Windows\System32\msvcp_win.dll
0x00007ffd429e0000 - 0x00007ffd42a11000 	C:\Windows\System32\IMM32.DLL
0x00007ffd34740000 - 0x00007ffd3474c000 	c:\Users\Thalia\.vscode\extensions\redhat.java-1.25.1-win32-x64\jre\17.0.9-win32-x86_64\bin\vcruntime140_1.dll
0x00007ffd243f0000 - 0x00007ffd2447d000 	c:\Users\Thalia\.vscode\extensions\redhat.java-1.25.1-win32-x64\jre\17.0.9-win32-x86_64\bin\msvcp140.dll
0x00007ffcf3640000 - 0x00007ffcf42a1000 	c:\Users\Thalia\.vscode\extensions\redhat.java-1.25.1-win32-x64\jre\17.0.9-win32-x86_64\bin\server\jvm.dll
0x00007ffd41e10000 - 0x00007ffd41ec1000 	C:\Windows\System32\ADVAPI32.dll
0x00007ffd40f40000 - 0x00007ffd40fe5000 	C:\Windows\System32\sechost.dll
0x00007ffd42d00000 - 0x00007ffd42e17000 	C:\Windows\System32\RPCRT4.dll
0x00007ffd3f710000 - 0x00007ffd3f75d000 	C:\Windows\SYSTEM32\POWRPROF.dll
0x00007ffd37f30000 - 0x00007ffd37f39000 	C:\Windows\SYSTEM32\WSOCK32.dll
0x00007ffd424b0000 - 0x00007ffd42521000 	C:\Windows\System32\WS2_32.dll
0x00007ffd37750000 - 0x00007ffd37784000 	C:\Windows\SYSTEM32\WINMM.dll
0x00007ffd37bb0000 - 0x00007ffd37bba000 	C:\Windows\SYSTEM32\VERSION.dll
0x00007ffd3f6f0000 - 0x00007ffd3f703000 	C:\Windows\SYSTEM32\UMPDC.dll
0x00007ffd3f590000 - 0x00007ffd3f5a8000 	C:\Windows\SYSTEM32\kernel.appcore.dll
0x00007ffd34460000 - 0x00007ffd3446a000 	c:\Users\Thalia\.vscode\extensions\redhat.java-1.25.1-win32-x64\jre\17.0.9-win32-x86_64\bin\jimage.dll
0x00007ffd3e1d0000 - 0x00007ffd3e403000 	C:\Windows\SYSTEM32\DBGHELP.DLL
0x00007ffd41a80000 - 0x00007ffd41e09000 	C:\Windows\System32\combase.dll
0x00007ffd42720000 - 0x00007ffd427f7000 	C:\Windows\System32\OLEAUT32.dll
0x00007ffd2c840000 - 0x00007ffd2c872000 	C:\Windows\SYSTEM32\dbgcore.DLL
0x00007ffd40c40000 - 0x00007ffd40cba000 	C:\Windows\System32\bcryptPrimitives.dll
0x00007ffd2a870000 - 0x00007ffd2a895000 	c:\Users\Thalia\.vscode\extensions\redhat.java-1.25.1-win32-x64\jre\17.0.9-win32-x86_64\bin\java.dll
0x00007ffd2a5f0000 - 0x00007ffd2a608000 	c:\Users\Thalia\.vscode\extensions\redhat.java-1.25.1-win32-x64\jre\17.0.9-win32-x86_64\bin\zip.dll
0x00007ffd40ff0000 - 0x00007ffd4184a000 	C:\Windows\System32\SHELL32.dll
0x00007ffd3e430000 - 0x00007ffd3ed26000 	C:\Windows\SYSTEM32\windows.storage.dll
0x00007ffd3e090000 - 0x00007ffd3e1ce000 	C:\Windows\SYSTEM32\wintypes.dll
0x00007ffd42a20000 - 0x00007ffd42b13000 	C:\Windows\System32\SHCORE.dll
0x00007ffd423e0000 - 0x00007ffd4243e000 	C:\Windows\System32\shlwapi.dll
0x00007ffd40490000 - 0x00007ffd404b6000 	C:\Windows\SYSTEM32\profapi.dll
0x00007ffd25c80000 - 0x00007ffd25c99000 	C:\Users\Thalia\.vscode\extensions\redhat.java-1.25.1-win32-x64\jre\17.0.9-win32-x86_64\bin\net.dll
0x00007ffd3a310000 - 0x00007ffd3a447000 	C:\Windows\SYSTEM32\WINHTTP.dll
0x00007ffd3fa80000 - 0x00007ffd3fae9000 	C:\Windows\system32\mswsock.dll
0x00007ffd25b20000 - 0x00007ffd25b36000 	C:\Users\Thalia\.vscode\extensions\redhat.java-1.25.1-win32-x64\jre\17.0.9-win32-x86_64\bin\nio.dll
0x00007ffd3fd20000 - 0x00007ffd3fd3b000 	C:\Windows\SYSTEM32\CRYPTSP.dll
0x00007ffd3f480000 - 0x00007ffd3f4b5000 	C:\Windows\system32\rsaenh.dll
0x00007ffd3fb20000 - 0x00007ffd3fb4c000 	C:\Windows\SYSTEM32\USERENV.dll
0x00007ffd3ff10000 - 0x00007ffd3ff38000 	C:\Windows\SYSTEM32\bcrypt.dll
0x00007ffd3fc80000 - 0x00007ffd3fc8c000 	C:\Windows\SYSTEM32\CRYPTBASE.dll
0x00007ffd3f020000 - 0x00007ffd3f04d000 	C:\Windows\SYSTEM32\IPHLPAPI.DLL
0x00007ffd42880000 - 0x00007ffd42889000 	C:\Windows\System32\NSI.dll
0x00007ffd3a620000 - 0x00007ffd3a639000 	C:\Windows\SYSTEM32\dhcpcsvc6.DLL
0x00007ffd39fa0000 - 0x00007ffd39fbf000 	C:\Windows\SYSTEM32\dhcpcsvc.DLL
0x00007ffd3f050000 - 0x00007ffd3f149000 	C:\Windows\SYSTEM32\DNSAPI.dll
0x00007ffd322e0000 - 0x00007ffd322f0000 	c:\Users\Thalia\.vscode\extensions\redhat.java-1.25.1-win32-x64\jre\17.0.9-win32-x86_64\bin\verify.dll
0x00007ffd2f090000 - 0x00007ffd2f099000 	C:\Users\Thalia\.vscode\extensions\redhat.java-1.25.1-win32-x64\jre\17.0.9-win32-x86_64\bin\management.dll
0x00007ffd2f080000 - 0x00007ffd2f08b000 	C:\Users\Thalia\.vscode\extensions\redhat.java-1.25.1-win32-x64\jre\17.0.9-win32-x86_64\bin\management_ext.dll
0x00007ffd41850000 - 0x00007ffd41858000 	C:\Windows\System32\PSAPI.DLL

dbghelp: loaded successfully - version: 4.0.5 - missing functions: none
symbol engine: initialized successfully - sym options: 0x614 - pdb path: .;c:\Users\Thalia\.vscode\extensions\redhat.java-1.25.1-win32-x64\jre\17.0.9-win32-x86_64\bin;C:\Windows\SYSTEM32;C:\Windows\WinSxS\amd64_microsoft.windows.common-controls_6595b64144ccf1df_6.0.22621.2506_none_270c5ae97388e100;c:\Users\Thalia\.vscode\extensions\redhat.java-1.25.1-win32-x64\jre\17.0.9-win32-x86_64\bin\server

VM Arguments:
jvm_args: -XX:+HeapDumpOnOutOfMemoryError -Xmx1024m -Dsts.lsp.client=vscode -Dsts.log.file=/dev/null -XX:TieredStopAtLevel=1 -Xlog:jni+resolve=off -Dspring.config.location=file:c:\Users\Thalia\.vscode\extensions\vmware.vscode-spring-boot-1.51.0\language-server\BOOT-INF\classes\application.properties 
java_command: org.springframework.ide.vscode.boot.app.BootLanguageServerBootApp
java_class_path (initial): c:\Users\Thalia\.vscode\extensions\vmware.vscode-spring-boot-1.51.0\language-server\BOOT-INF\classes;c:\Users\Thalia\.vscode\extensions\vmware.vscode-spring-boot-1.51.0\language-server\BOOT-INF\lib\annotations-24.1.0.jar;c:\Users\Thalia\.vscode\extensions\vmware.vscode-spring-boot-1.51.0\language-server\BOOT-INF\lib\antlr-runtime-3.5.3.jar;c:\Users\Thalia\.vscode\extensions\vmware.vscode-spring-boot-1.51.0\language-server\BOOT-INF\lib\antlr4-4.11.1.jar;c:\Users\Thalia\.vscode\extensions\vmware.vscode-spring-boot-1.51.0\language-server\BOOT-INF\lib\antlr4-runtime-4.11.1.jar;c:\Users\Thalia\.vscode\extensions\vmware.vscode-spring-boot-1.51.0\language-server\BOOT-INF\lib\asm-9.6.jar;c:\Users\Thalia\.vscode\extensions\vmware.vscode-spring-boot-1.51.0\language-server\BOOT-INF\lib\asm-analysis-9.6.jar;c:\Users\Thalia\.vscode\extensions\vmware.vscode-spring-boot-1.51.0\language-server\BOOT-INF\lib\asm-tree-9.6.jar;c:\Users\Thalia\.vscode\extensions\vmware.vscode-spring-boot-1.51.0\language-server\BOOT-INF\lib\asm-util-9.6.jar;c:\Users\Thalia\.vscode\extensions\vmware.vscode-spring-boot-1.51.0\language-server\BOOT-INF\lib\bosh-language-server-1.51.0-SNAPSHOT.jar;c:\Users\Thalia\.vscode\extensions\vmware.vscode-spring-boot-1.51.0\language-server\BOOT-INF\lib\caffeine-3.1.8.jar;c:\Users\Thalia\.vscode\extensions\vmware.vscode-spring-boot-1.51.0\language-server\BOOT-INF\lib\checker-qual-3.12.0.jar;c:\Users\Thalia\.vscode\extensions\vmware.vscode-spring-boot-1.51.0\language-server\BOOT-INF\lib\classgraph-4.8.149.jar;c:\Users\Thalia\.vscode\extensions\vmware.vscode-spring-boot-1.51.0\language-server\BOOT-INF\lib\commons-codec-1.15.jar;c:\Users\Thalia\.vscode\extensions\vmware.vscode-spring-boot-1.51.0\language-server\BOOT-INF\lib\commons-compress-1.25.0.jar;c:\Users\Thalia\.vscode\extensions\vmware.vscode-spring-boot-1.51.0\language-server\BOOT-INF\lib\commons-io-2.4.jar;c:\Users\Thalia\.vscode\extensions\vmware.vscode-spring-boot-1.51.0\language-ser
Launcher Type: SUN_STANDARD

[Global flags]
     intx CICompilerCount                          = 3                                         {product} {ergonomic}
     uint ConcGCThreads                            = 2                                         {product} {ergonomic}
     uint G1ConcRefinementThreads                  = 6                                         {product} {ergonomic}
   size_t G1HeapRegionSize                         = 1048576                                   {product} {ergonomic}
    uintx GCDrainStackTargetSize                   = 64                                        {product} {ergonomic}
     bool HeapDumpOnOutOfMemoryError               = true                                   {manageable} {command line}
   size_t InitialHeapSize                          = 125829120                                 {product} {ergonomic}
   size_t MarkStackSize                            = 4194304                                   {product} {ergonomic}
   size_t MaxHeapSize                              = 1073741824                                {product} {command line}
   size_t MaxNewSize                               = 643825664                                 {product} {ergonomic}
   size_t MinHeapDeltaBytes                        = 1048576                                   {product} {ergonomic}
   size_t MinHeapSize                              = 8388608                                   {product} {ergonomic}
    uintx NonProfiledCodeHeapSize                  = 0                                      {pd product} {ergonomic}
     bool ProfileInterpreter                       = false                                  {pd product} {command line}
    uintx ProfiledCodeHeapSize                     = 0                                      {pd product} {ergonomic}
   size_t SoftMaxHeapSize                          = 1073741824                             {manageable} {ergonomic}
     intx TieredStopAtLevel                        = 1                                         {product} {command line}
     bool UseCompressedClassPointers               = true                           {product lp64_product} {ergonomic}
     bool UseCompressedOops                        = true                           {product lp64_product} {ergonomic}
     bool UseG1GC                                  = true                                      {product} {ergonomic}
     bool UseLargePagesIndividualAllocation        = false                                  {pd product} {ergonomic}

Logging:
Log output configuration:
 #0: stdout all=warning,jni+resolve=off uptime,level,tags
 #1: stderr all=off uptime,level,tags

Environment Variables:
JAVA_HOME=C:\Program Files\Java\jdk-17
PATH=C:\Program Files\Java\jdk-17\bin;C:\Program Files\Common Files\Oracle\Java\javapath;C:\Program Files (x86)\Common Files\Oracle\Java\javapath;C:\Windows\system32;C:\Windows;C:\Windows\System32\Wbem;C:\Windows\System32\WindowsPowerShell\v1.0\;C:\Windows\System32\OpenSSH\;C:\Program Files\Git\cmd;C:\Program Files\PuTTY\;;C:\Program Files\Docker\Docker\resources\bin;C:\Users\Thalia\AppData\Local\Programs\Python\Python311\Scripts\;C:\Users\Thalia\AppData\Local\Programs\Python\Python311\;C:\Users\Thalia\AppData\Local\Microsoft\WindowsApps;C:\Users\Thalia\AppData\Local\Programs\Microsoft VS Code\bin;C:\flutter_windows_3.3.9-stable\flutter\bin;C:\Users\Thalia\AppData\Local\Microsoft\WindowsApps\python.exe;
USERNAME=Thalia
OS=Windows_NT
PROCESSOR_IDENTIFIER=AMD64 Family 23 Model 96 Stepping 1, AuthenticAMD
TMP=C:\Users\Thalia\AppData\Local\Temp
TEMP=C:\Users\Thalia\AppData\Local\Temp



Periodic native trim disabled


---------------  S Y S T E M  ---------------

OS:
 Windows 11 , 64 bit Build 22621 (10.0.22621.2506)
OS uptime: 3 days 22:59 hours
Hyper-V role detected

CPU: total 6 (initial active 6) (6 cores per cpu, 1 threads per core) family 23 model 96 stepping 1 microcode 0x0, cx8, cmov, fxsr, mmx, 3dnowpref, sse, sse2, sse3, ssse3, sse4a, sse4.1, sse4.2, popcnt, lzcnt, tsc, tscinvbit, avx, avx2, aes, clmul, bmi1, bmi2, adx, sha, fma, vzeroupper, clflush, clflushopt, hv
Processor Information for all 6 processors :
  Max Mhz: 2375, Current Mhz: 2375, Mhz Limit: 2375

Memory: 4k page, system-wide physical 7600M (333M free)
TotalPageFile size 31152M (AvailPageFile size 4M)
current process WorkingSet (physical memory assigned to process): 40M, peak: 160M
current process commit charge ("private bytes"): 201M, peak: 221M

vm_info: OpenJDK 64-Bit Server VM (17.0.9+9) for windows-amd64 JRE (17.0.9+9), built on Oct 26 2023 14:01:42 by "admin" with MS VC++ 16.10 / 16.11 (VS2019)

END.
