#
# There is insufficient memory for the Java Runtime Environment to continue.
# Native memory allocation (malloc) failed to allocate 1048576 bytes for AllocateHeap
# Possible reasons:
#   The system is out of physical RAM or swap space
#   The process is running with CompressedOops enabled, and the Java Heap may be blocking the growth of the native heap
# Possible solutions:
#   Reduce memory load on the system
#   Increase physical memory or swap space
#   Check if swap backing store is full
#   Decrease Java heap size (-Xmx/-Xms)
#   Decrease number of Java threads
#   Decrease Java thread stack sizes (-Xss)
#   Set larger code cache with -XX:ReservedCodeCacheSize=
#   JVM is running with Unscaled Compressed Oops mode in which the Java heap is
#     placed in the first 4GB address space. The Java Heap base address is the
#     maximum limit for the native heap growth. Please use -XX:HeapBaseMinAddress
#     to set the Java Heap base and to place the Java Heap above 4GB virtual address.
# This output file may be truncated or incomplete.
#
#  Out of Memory Error (allocation.cpp:44), pid=31540, tid=2012
#
# JRE version: OpenJDK Runtime Environment Temurin-17.0.9+9 (17.0.9+9) (build 17.0.9+9)
# Java VM: OpenJDK 64-Bit Server VM Temurin-17.0.9+9 (17.0.9+9, mixed mode, emulated-client, tiered, compressed oops, compressed class ptrs, g1 gc, windows-amd64)
# No core dump will be written. Minidumps are not enabled by default on client versions of Windows
#

---------------  S U M M A R Y ------------

Command Line: -XX:+HeapDumpOnOutOfMemoryError -Xmx1024m -Dsts.lsp.client=vscode -Dsts.log.file=/dev/null -XX:TieredStopAtLevel=1 -Xlog:jni+resolve=off -Dspring.config.location=file:c:\Users\Thalia\.vscode\extensions\vmware.vscode-spring-boot-1.51.0\language-server\BOOT-INF\classes\application.properties org.springframework.ide.vscode.boot.app.BootLanguageServerBootApp

Host: AMD Ryzen 5 4500U with Radeon Graphics         , 6 cores, 7G,  Windows 11 , 64 bit Build 22621 (10.0.22621.2506)
Time: Mon Dec 11 17:32:32 2023 SE Asia Standard Time elapsed time: 26754.048000 seconds (0d 7h 25m 54s)

---------------  T H R E A D  ---------------

Current thread (0x0000026a33279f40):  VMThread "VM Thread" [stack: 0x000000fc62f00000,0x000000fc63000000] [id=2012]

Stack: [0x000000fc62f00000,0x000000fc63000000]
Native frames: (J=compiled Java code, j=interpreted, Vv=VM code, C=native code)
V  [jvm.dll+0x67cf49]
V  [jvm.dll+0x83478a]
V  [jvm.dll+0x83624e]
V  [jvm.dll+0x8368b3]
V  [jvm.dll+0x247f1f]
V  [jvm.dll+0xa6b4b]
V  [jvm.dll+0x2f8e73]
V  [jvm.dll+0x2f4af0]
V  [jvm.dll+0x2dd0d7]
V  [jvm.dll+0x320357]
V  [jvm.dll+0x83adab]
V  [jvm.dll+0x83baf1]
V  [jvm.dll+0x83c00d]
V  [jvm.dll+0x83c3e4]
V  [jvm.dll+0x83c4b0]
V  [jvm.dll+0x7e3c3a]
V  [jvm.dll+0x67be35]
C  [ucrtbase.dll+0x29363]
C  [KERNEL32.DLL+0x1257d]
C  [ntdll.dll+0x5aa58]

VM_Operation (0x000000fc645fecb0): G1CollectFull, mode: safepoint, requested by thread 0x0000026a38c4a6b0


---------------  P R O C E S S  ---------------

Threads class SMR info:
_java_thread_list=0x0000026a41747770, length=24, elements={
0x0000026a3329c380, 0x0000026a3329d920, 0x0000026a332cd000, 0x0000026a332cfde0,
0x0000026a332d0e50, 0x0000026a332d3730, 0x0000026a332d60c0, 0x0000026a332d69d0,
0x0000026a335eb0c0, 0x0000026a335efa00, 0x0000026a38c692d0, 0x0000026a38c4a6b0,
0x0000026a38c41030, 0x0000026a28911050, 0x0000026a38945060, 0x0000026a38d805a0,
0x0000026a38db41f0, 0x0000026a38db0a40, 0x0000026a38db37d0, 0x0000026a38db2390,
0x0000026a38db32c0, 0x0000026a38db1970, 0x0000026a38f59810, 0x0000026a38f59300
}

Java Threads: ( => current thread )
  0x0000026a3329c380 JavaThread "Reference Handler" daemon [_thread_blocked, id=1564, stack(0x000000fc63000000,0x000000fc63100000)]
  0x0000026a3329d920 JavaThread "Finalizer" daemon [_thread_blocked, id=26076, stack(0x000000fc63100000,0x000000fc63200000)]
  0x0000026a332cd000 JavaThread "Signal Dispatcher" daemon [_thread_blocked, id=26880, stack(0x000000fc63200000,0x000000fc63300000)]
  0x0000026a332cfde0 JavaThread "Attach Listener" daemon [_thread_blocked, id=17676, stack(0x000000fc63300000,0x000000fc63400000)]
  0x0000026a332d0e50 JavaThread "Service Thread" daemon [_thread_blocked, id=21732, stack(0x000000fc63400000,0x000000fc63500000)]
  0x0000026a332d3730 JavaThread "Monitor Deflation Thread" daemon [_thread_blocked, id=33132, stack(0x000000fc63500000,0x000000fc63600000)]
  0x0000026a332d60c0 JavaThread "C1 CompilerThread0" daemon [_thread_blocked, id=11744, stack(0x000000fc63600000,0x000000fc63700000)]
  0x0000026a332d69d0 JavaThread "Sweeper thread" daemon [_thread_blocked, id=12020, stack(0x000000fc63700000,0x000000fc63800000)]
  0x0000026a335eb0c0 JavaThread "Notification Thread" daemon [_thread_blocked, id=25048, stack(0x000000fc63900000,0x000000fc63a00000)]
  0x0000026a335efa00 JavaThread "Common-Cleaner" daemon [_thread_blocked, id=16584, stack(0x000000fc63b00000,0x000000fc63c00000)]
  0x0000026a38c692d0 JavaThread "boundedElastic-evictor-1" daemon [_thread_blocked, id=25160, stack(0x000000fc64200000,0x000000fc64300000)]
  0x0000026a38c4a6b0 JavaThread "pool-12-thread-1" [_thread_blocked, id=6196, stack(0x000000fc64500000,0x000000fc64600000)]
  0x0000026a38c41030 JavaThread "LanguageServerApp-lifecycle" [_thread_blocked, id=6784, stack(0x000000fc64600000,0x000000fc64700000)]
  0x0000026a28911050 JavaThread "DestroyJavaVM" [_thread_blocked, id=23656, stack(0x000000fc62900000,0x000000fc62a00000)]
  0x0000026a38945060 JavaThread "pool-13-thread-1" [_thread_in_native, id=17504, stack(0x000000fc64700000,0x000000fc64800000)]
  0x0000026a38d805a0 JavaThread "Simple-Language-Server main thread" daemon [_thread_blocked, id=21488, stack(0x000000fc64800000,0x000000fc64900000)]
  0x0000026a38db41f0 JavaThread "parallel-1" daemon [_thread_blocked, id=28948, stack(0x000000fc64c00000,0x000000fc64d00000)]
  0x0000026a38db0a40 JavaThread "pool-6-thread-1" [_thread_blocked, id=26084, stack(0x000000fc64d00000,0x000000fc64e00000)]
  0x0000026a38db37d0 JavaThread "parallel-2" daemon [_thread_blocked, id=29732, stack(0x000000fc64e00000,0x000000fc64f00000)]
  0x0000026a38db2390 JavaThread "pool-8-thread-1" [_thread_blocked, id=9100, stack(0x000000fc62700000,0x000000fc62800000)]
  0x0000026a38db32c0 JavaThread "parallel-3" daemon [_thread_blocked, id=28244, stack(0x000000fc62800000,0x000000fc62900000)]
  0x0000026a38db1970 JavaThread "parallel-4" daemon [_thread_blocked, id=23860, stack(0x000000fc64f00000,0x000000fc65000000)]
  0x0000026a38f59810 JavaThread "Reconciler-1" daemon [_thread_blocked, id=26856, stack(0x000000fc65300000,0x000000fc65400000)]
  0x0000026a38f59300 JavaThread "parallel-5" daemon [_thread_blocked, id=24500, stack(0x000000fc64900000,0x000000fc64a00000)]

Other Threads:
=>0x0000026a33279f40 VMThread "VM Thread" [stack: 0x000000fc62f00000,0x000000fc63000000] [id=2012]
  0x0000026a335eb5a0 WatcherThread [stack: 0x000000fc63a00000,0x000000fc63b00000] [id=7260]
  0x0000026a2894ee30 GCTaskThread "GC Thread#0" [stack: 0x000000fc62a00000,0x000000fc62b00000] [id=23408]
  0x0000026a33e9f550 GCTaskThread "GC Thread#1" [stack: 0x000000fc63d00000,0x000000fc63e00000] [id=30040]
  0x0000026a381ec6c0 GCTaskThread "GC Thread#2" [stack: 0x000000fc63e00000,0x000000fc63f00000] [id=23248]
  0x0000026a381ec980 GCTaskThread "GC Thread#3" [stack: 0x000000fc63f00000,0x000000fc64000000] [id=33588]
  0x0000026a38301f80 GCTaskThread "GC Thread#4" [stack: 0x000000fc64000000,0x000000fc64100000] [id=9384]
  0x0000026a38302240 GCTaskThread "GC Thread#5" [stack: 0x000000fc64100000,0x000000fc64200000] [id=30448]
  0x0000026a28957c90 ConcurrentGCThread "G1 Main Marker" [stack: 0x000000fc62b00000,0x000000fc62c00000] [id=3032]
  0x0000026a289585c0 ConcurrentGCThread "G1 Conc#0" [stack: 0x000000fc62c00000,0x000000fc62d00000] [id=27568]
  0x0000026a3864fc50 ConcurrentGCThread "G1 Conc#1" [stack: 0x000000fc64400000,0x000000fc64500000] [id=3188]
  0x0000026a289b4db0 ConcurrentGCThread "G1 Refine#0" [stack: 0x000000fc62d00000,0x000000fc62e00000] [id=30232]
  0x0000026a289b56f0 ConcurrentGCThread "G1 Service" [stack: 0x000000fc62e00000,0x000000fc62f00000] [id=22780]

Threads with active compile tasks:

VM state: at safepoint (normal execution)

VM Mutex/Monitor currently owned by a thread:  ([mutex/lock_event])
[0x0000026a266de7c0] Threads_lock - owner thread: 0x0000026a33279f40
[0x0000026a2890f250] Heap_lock - owner thread: 0x0000026a38c4a6b0

Heap address: 0x00000000c0000000, size: 1024 MB, Compressed Oops mode: 32-bit

CDS archive(s) not mapped
Compressed class space mapped at: 0x0000000100000000-0x0000000140000000, reserved size: 1073741824
Narrow klass base: 0x0000000000000000, Narrow klass shift: 3, Narrow klass range: 0x140000000

GC Precious Log:
 CPUs: 6 total, 6 available
 Memory: 7600M
 Large Page Support: Disabled
 NUMA Support: Disabled
 Compressed Oops: Enabled (32-bit)
 Heap Region Size: 1M
 Heap Min Capacity: 8M
 Heap Initial Capacity: 120M
 Heap Max Capacity: 1G
 Pre-touch: Disabled
 Parallel Workers: 6
 Concurrent Workers: 2
 Concurrent Refinement Workers: 6
 Periodic GC: Disabled

Heap:
 garbage-first heap   total 86016K, used 35538K [0x00000000c0000000, 0x0000000100000000)
  region size 1024K, 1 young (1024K), 0 survivors (0K)
 Metaspace       used 58162K, committed 58624K, reserved 1114112K
  class space    used 7208K, committed 7424K, reserved 1048576K

Heap Regions: E=young(eden), S=young(survivor), O=old, HS=humongous(starts), HC=humongous(continues), CS=collection set, F=free, OA=open archive, CA=closed archive, TAMS=top-at-mark-start (previous, next)
|   0|0x00000000c0000000, 0x00000000c0100000, 0x00000000c0100000|100%|HS|  |TAMS 0x00000000c0100000, 0x00000000c0000000| Untracked 
|   1|0x00000000c0100000, 0x00000000c0200000, 0x00000000c0200000|100%|HC|  |TAMS 0x00000000c0200000, 0x00000000c0100000| Untracked 
|   2|0x00000000c0200000, 0x00000000c0300000, 0x00000000c0300000|100%|HC|  |TAMS 0x00000000c0300000, 0x00000000c0200000| Untracked 
|   3|0x00000000c0300000, 0x00000000c0400000, 0x00000000c0400000|100%|HC|  |TAMS 0x00000000c0400000, 0x00000000c0300000| Untracked 
|   4|0x00000000c0400000, 0x00000000c04fe228, 0x00000000c0500000| 99%| O|  |TAMS 0x00000000c04fe228, 0x00000000c0400000| Untracked 
|   5|0x00000000c0500000, 0x00000000c0600000, 0x00000000c0600000|100%| O|  |TAMS 0x00000000c0600000, 0x00000000c0500000| Untracked 
|   6|0x00000000c0600000, 0x00000000c0700000, 0x00000000c0700000|100%| O|  |TAMS 0x00000000c0700000, 0x00000000c0600000| Untracked 
|   7|0x00000000c0700000, 0x00000000c0800000, 0x00000000c0800000|100%| O|  |TAMS 0x00000000c0800000, 0x00000000c0700000| Untracked 
|   8|0x00000000c0800000, 0x00000000c08ffff0, 0x00000000c0900000| 99%| O|  |TAMS 0x00000000c08ffff0, 0x00000000c0800000| Untracked 
|   9|0x00000000c0900000, 0x00000000c0a00000, 0x00000000c0a00000|100%| O|  |TAMS 0x00000000c0a00000, 0x00000000c0900000| Untracked 
|  10|0x00000000c0a00000, 0x00000000c0afffe8, 0x00000000c0b00000| 99%| O|  |TAMS 0x00000000c0afffe8, 0x00000000c0a00000| Untracked 
|  11|0x00000000c0b00000, 0x00000000c0c00000, 0x00000000c0c00000|100%| O|  |TAMS 0x00000000c0c00000, 0x00000000c0b00000| Untracked 
|  12|0x00000000c0c00000, 0x00000000c0d00000, 0x00000000c0d00000|100%| O|  |TAMS 0x00000000c0d00000, 0x00000000c0c00000| Untracked 
|  13|0x00000000c0d00000, 0x00000000c0dfffe8, 0x00000000c0e00000| 99%| O|  |TAMS 0x00000000c0dfffe8, 0x00000000c0d00000| Untracked 
|  14|0x00000000c0e00000, 0x00000000c0effff8, 0x00000000c0f00000| 99%| O|  |TAMS 0x00000000c0effff8, 0x00000000c0e00000| Untracked 
|  15|0x00000000c0f00000, 0x00000000c0fff4e0, 0x00000000c1000000| 99%| O|  |TAMS 0x00000000c0fff4e0, 0x00000000c0f00000| Untracked 
|  16|0x00000000c1000000, 0x00000000c10ffff8, 0x00000000c1100000| 99%| O|  |TAMS 0x00000000c10ffff8, 0x00000000c1000000| Untracked 
|  17|0x00000000c1100000, 0x00000000c11fffe8, 0x00000000c1200000| 99%| O|  |TAMS 0x00000000c11fffe8, 0x00000000c1100000| Untracked 
|  18|0x00000000c1200000, 0x00000000c12fe480, 0x00000000c1300000| 99%| O|  |TAMS 0x00000000c12fe480, 0x00000000c1200000| Untracked 
|  19|0x00000000c1300000, 0x00000000c13fffe0, 0x00000000c1400000| 99%| O|  |TAMS 0x00000000c13fffe0, 0x00000000c1300000| Untracked 
|  20|0x00000000c1400000, 0x00000000c14fffa8, 0x00000000c1500000| 99%| O|  |TAMS 0x00000000c14fffa8, 0x00000000c1400000| Untracked 
|  21|0x00000000c1500000, 0x00000000c15f9b48, 0x00000000c1600000| 97%| O|  |TAMS 0x00000000c15f9b48, 0x00000000c1500000| Untracked 
|  22|0x00000000c1600000, 0x00000000c16ffff8, 0x00000000c1700000| 99%| O|  |TAMS 0x00000000c16ffff8, 0x00000000c1600000| Untracked 
|  23|0x00000000c1700000, 0x00000000c17fffe8, 0x00000000c1800000| 99%| O|  |TAMS 0x00000000c17fffe8, 0x00000000c1700000| Untracked 
|  24|0x00000000c1800000, 0x00000000c18fffc8, 0x00000000c1900000| 99%| O|  |TAMS 0x00000000c18fffc8, 0x00000000c1800000| Untracked 
|  25|0x00000000c1900000, 0x00000000c19f8848, 0x00000000c1a00000| 97%| O|  |TAMS 0x00000000c19f8848, 0x00000000c1900000| Untracked 
|  26|0x00000000c1a00000, 0x00000000c1affff8, 0x00000000c1b00000| 99%| O|  |TAMS 0x00000000c1affff8, 0x00000000c1a00000| Untracked 
|  27|0x00000000c1b00000, 0x00000000c1bffff0, 0x00000000c1c00000| 99%| O|  |TAMS 0x00000000c1bffff0, 0x00000000c1b00000| Untracked 
|  28|0x00000000c1c00000, 0x00000000c1d00000, 0x00000000c1d00000|100%|HS|  |TAMS 0x00000000c1d00000, 0x00000000c1c00000| Untracked 
|  29|0x00000000c1d00000, 0x00000000c1dfe700, 0x00000000c1e00000| 99%| O|  |TAMS 0x00000000c1dfe700, 0x00000000c1d00000| Untracked 
|  30|0x00000000c1e00000, 0x00000000c1effdf0, 0x00000000c1f00000| 99%| O|  |TAMS 0x00000000c1effdf0, 0x00000000c1e00000| Untracked 
|  31|0x00000000c1f00000, 0x00000000c1fffd38, 0x00000000c2000000| 99%| O|  |TAMS 0x00000000c1fffd38, 0x00000000c1f00000| Untracked 
|  32|0x00000000c2000000, 0x00000000c20ac908, 0x00000000c2100000| 67%| O|  |TAMS 0x00000000c2000000, 0x00000000c2000000| Untracked 
|  33|0x00000000c2100000, 0x00000000c21fef78, 0x00000000c2200000| 99%| O|  |TAMS 0x00000000c21fef78, 0x00000000c2100000| Untracked 
|  34|0x00000000c2200000, 0x00000000c221f760, 0x00000000c2300000| 12%| O|  |TAMS 0x00000000c2200000, 0x00000000c2200000| Untracked 
|  35|0x00000000c2300000, 0x00000000c2300000, 0x00000000c2400000|  0%| F|  |TAMS 0x00000000c2300000, 0x00000000c2300000| Untracked 
|  36|0x00000000c2400000, 0x00000000c2400000, 0x00000000c2500000|  0%| F|  |TAMS 0x00000000c2400000, 0x00000000c2400000| Untracked 
|  37|0x00000000c2500000, 0x00000000c2500000, 0x00000000c2600000|  0%| F|  |TAMS 0x00000000c2500000, 0x00000000c2500000| Untracked 
|  38|0x00000000c2600000, 0x00000000c2600000, 0x00000000c2700000|  0%| F|  |TAMS 0x00000000c2600000, 0x00000000c2600000| Untracked 
|  39|0x00000000c2700000, 0x00000000c2700000, 0x00000000c2800000|  0%| F|  |TAMS 0x00000000c2700000, 0x00000000c2700000| Untracked 
|  40|0x00000000c2800000, 0x00000000c2800000, 0x00000000c2900000|  0%| F|  |TAMS 0x00000000c2800000, 0x00000000c2800000| Untracked 
|  41|0x00000000c2900000, 0x00000000c2900000, 0x00000000c2a00000|  0%| F|  |TAMS 0x00000000c2900000, 0x00000000c2900000| Untracked 
|  42|0x00000000c2a00000, 0x00000000c2a00000, 0x00000000c2b00000|  0%| F|  |TAMS 0x00000000c2a00000, 0x00000000c2a00000| Untracked 
|  43|0x00000000c2b00000, 0x00000000c2b00000, 0x00000000c2c00000|  0%| F|  |TAMS 0x00000000c2b00000, 0x00000000c2b00000| Untracked 
|  44|0x00000000c2c00000, 0x00000000c2c00000, 0x00000000c2d00000|  0%| F|  |TAMS 0x00000000c2c00000, 0x00000000c2c00000| Untracked 
|  45|0x00000000c2d00000, 0x00000000c2d00000, 0x00000000c2e00000|  0%| F|  |TAMS 0x00000000c2d00000, 0x00000000c2d00000| Untracked 
|  46|0x00000000c2e00000, 0x00000000c2e00000, 0x00000000c2f00000|  0%| F|  |TAMS 0x00000000c2e00000, 0x00000000c2e00000| Untracked 
|  47|0x00000000c2f00000, 0x00000000c2ffdb68, 0x00000000c3000000| 99%| O|  |TAMS 0x00000000c2ffdb68, 0x00000000c2f00000| Untracked 
|  48|0x00000000c3000000, 0x00000000c3000000, 0x00000000c3100000|  0%| F|  |TAMS 0x00000000c3000000, 0x00000000c3000000| Untracked 
|  49|0x00000000c3100000, 0x00000000c3100000, 0x00000000c3200000|  0%| F|  |TAMS 0x00000000c3100000, 0x00000000c3100000| Untracked 
|  50|0x00000000c3200000, 0x00000000c3200000, 0x00000000c3300000|  0%| F|  |TAMS 0x00000000c3200000, 0x00000000c3200000| Untracked 
|  51|0x00000000c3300000, 0x00000000c3300000, 0x00000000c3400000|  0%| F|  |TAMS 0x00000000c3300000, 0x00000000c3300000| Untracked 
|  52|0x00000000c3400000, 0x00000000c3400000, 0x00000000c3500000|  0%| F|  |TAMS 0x00000000c3400000, 0x00000000c3400000| Untracked 
|  53|0x00000000c3500000, 0x00000000c3500000, 0x00000000c3600000|  0%| F|  |TAMS 0x00000000c3500000, 0x00000000c3500000| Untracked 
|  54|0x00000000c3600000, 0x00000000c3600000, 0x00000000c3700000|  0%| F|  |TAMS 0x00000000c3600000, 0x00000000c3600000| Untracked 
|  55|0x00000000c3700000, 0x00000000c3700000, 0x00000000c3800000|  0%| F|  |TAMS 0x00000000c3700000, 0x00000000c3700000| Untracked 
|  56|0x00000000c3800000, 0x00000000c3800000, 0x00000000c3900000|  0%| F|  |TAMS 0x00000000c3800000, 0x00000000c3800000| Untracked 
|  57|0x00000000c3900000, 0x00000000c3900000, 0x00000000c3a00000|  0%| F|  |TAMS 0x00000000c3900000, 0x00000000c3900000| Untracked 
|  58|0x00000000c3a00000, 0x00000000c3a00000, 0x00000000c3b00000|  0%| F|  |TAMS 0x00000000c3a00000, 0x00000000c3a00000| Untracked 
|  59|0x00000000c3b00000, 0x00000000c3b00000, 0x00000000c3c00000|  0%| F|  |TAMS 0x00000000c3b00000, 0x00000000c3b00000| Untracked 
|  60|0x00000000c3c00000, 0x00000000c3c00000, 0x00000000c3d00000|  0%| F|  |TAMS 0x00000000c3c00000, 0x00000000c3c00000| Untracked 
|  61|0x00000000c3d00000, 0x00000000c3d00000, 0x00000000c3e00000|  0%| F|  |TAMS 0x00000000c3d00000, 0x00000000c3d00000| Untracked 
|  62|0x00000000c3e00000, 0x00000000c3e00000, 0x00000000c3f00000|  0%| F|  |TAMS 0x00000000c3e00000, 0x00000000c3e00000| Untracked 
|  63|0x00000000c3f00000, 0x00000000c3f00000, 0x00000000c4000000|  0%| F|  |TAMS 0x00000000c3f00000, 0x00000000c3f00000| Untracked 
|  64|0x00000000c4000000, 0x00000000c4000000, 0x00000000c4100000|  0%| F|  |TAMS 0x00000000c4000000, 0x00000000c4000000| Untracked 
|  65|0x00000000c4100000, 0x00000000c4100000, 0x00000000c4200000|  0%| F|  |TAMS 0x00000000c4100000, 0x00000000c4100000| Untracked 
|  66|0x00000000c4200000, 0x00000000c4200000, 0x00000000c4300000|  0%| F|  |TAMS 0x00000000c4200000, 0x00000000c4200000| Untracked 
|  67|0x00000000c4300000, 0x00000000c4300000, 0x00000000c4400000|  0%| F|  |TAMS 0x00000000c4300000, 0x00000000c4300000| Untracked 
|  68|0x00000000c4400000, 0x00000000c4400000, 0x00000000c4500000|  0%| F|  |TAMS 0x00000000c4400000, 0x00000000c4400000| Untracked 
|  69|0x00000000c4500000, 0x00000000c4500000, 0x00000000c4600000|  0%| F|  |TAMS 0x00000000c4500000, 0x00000000c4500000| Untracked 
|  70|0x00000000c4600000, 0x00000000c4600000, 0x00000000c4700000|  0%| F|  |TAMS 0x00000000c4600000, 0x00000000c4600000| Untracked 
|  71|0x00000000c4700000, 0x00000000c4700000, 0x00000000c4800000|  0%| F|  |TAMS 0x00000000c4700000, 0x00000000c4700000| Untracked 
|  72|0x00000000c4800000, 0x00000000c4800000, 0x00000000c4900000|  0%| F|  |TAMS 0x00000000c4800000, 0x00000000c4800000| Untracked 
|  73|0x00000000c4900000, 0x00000000c4900000, 0x00000000c4a00000|  0%| F|  |TAMS 0x00000000c4900000, 0x00000000c4900000| Untracked 
|  74|0x00000000c4a00000, 0x00000000c4a00000, 0x00000000c4b00000|  0%| F|  |TAMS 0x00000000c4a00000, 0x00000000c4a00000| Untracked 
|  75|0x00000000c4b00000, 0x00000000c4b00000, 0x00000000c4c00000|  0%| F|  |TAMS 0x00000000c4b00000, 0x00000000c4b00000| Untracked 
|  76|0x00000000c4c00000, 0x00000000c4c00000, 0x00000000c4d00000|  0%| F|  |TAMS 0x00000000c4c00000, 0x00000000c4c00000| Untracked 
|  77|0x00000000c4d00000, 0x00000000c4d00000, 0x00000000c4e00000|  0%| F|  |TAMS 0x00000000c4d00000, 0x00000000c4d00000| Untracked 
|  78|0x00000000c4e00000, 0x00000000c4e00000, 0x00000000c4f00000|  0%| F|  |TAMS 0x00000000c4e00000, 0x00000000c4e00000| Untracked 
|  79|0x00000000c4f00000, 0x00000000c4f00000, 0x00000000c5000000|  0%| F|  |TAMS 0x00000000c4f00000, 0x00000000c4f00000| Untracked 
|  80|0x00000000c5000000, 0x00000000c5000000, 0x00000000c5100000|  0%| F|  |TAMS 0x00000000c5000000, 0x00000000c5000000| Untracked 
|  81|0x00000000c5100000, 0x00000000c5100000, 0x00000000c5200000|  0%| F|  |TAMS 0x00000000c5100000, 0x00000000c5100000| Untracked 
| 118|0x00000000c7600000, 0x00000000c7600000, 0x00000000c7700000|  0%| F|  |TAMS 0x00000000c7600000, 0x00000000c7600000| Untracked 
| 119|0x00000000c7700000, 0x00000000c77094f0, 0x00000000c7800000|  3%| E|  |TAMS 0x00000000c7700000, 0x00000000c7700000| Complete 

Card table byte_map: [0x0000026a2e7a0000,0x0000026a2e9a0000] _byte_map_base: 0x0000026a2e1a0000

Marking Bits (Prev, Next): (CMBitMap*) 0x0000026a2894f3a0, (CMBitMap*) 0x0000026a2894f360
 Prev Bits: [0x0000026a2fba0000, 0x0000026a30ba0000)
 Next Bits: [0x0000026a2eba0000, 0x0000026a2fba0000)

Polling page: 0x0000026a26850000

Metaspace:

Usage:
  Non-class:     49.76 MB used.
      Class:      7.04 MB used.
       Both:     56.80 MB used.

Virtual space:
  Non-class space:       64.00 MB reserved,      50.00 MB ( 78%) committed,  1 nodes.
      Class space:        1.00 GB reserved,       7.25 MB ( <1%) committed,  1 nodes.
             Both:        1.06 GB reserved,      57.25 MB (  5%) committed. 

Chunk freelists:
   Non-Class:  13.94 MB
       Class:  8.79 MB
        Both:  22.73 MB

MaxMetaspaceSize: unlimited
CompressedClassSpaceSize: 1.00 GB
Initial GC threshold: 21.00 MB
Current GC threshold: 95.31 MB
CDS: off
MetaspaceReclaimPolicy: balanced
 - commit_granule_bytes: 65536.
 - commit_granule_words: 8192.
 - virtual_space_node_default_size: 8388608.
 - enlarge_chunks_in_place: 1.
 - new_chunks_are_fully_committed: 0.
 - uncommit_free_chunks: 1.
 - use_allocation_guard: 0.
 - handle_deallocations: 1.


Internal statistics:

num_allocs_failed_limit: 6.
num_arena_births: 688.
num_arena_deaths: 250.
num_vsnodes_births: 2.
num_vsnodes_deaths: 0.
num_space_committed: 916.
num_space_uncommitted: 0.
num_chunks_returned_to_freelist: 297.
num_chunks_taken_from_freelist: 2575.
num_chunk_merges: 91.
num_chunk_splits: 1728.
num_chunks_enlarged: 1325.
num_inconsistent_stats: 0.

CodeCache: size=49152Kb used=13221Kb max_used=13620Kb free=35930Kb
 bounds [0x0000026a2b5a0000, 0x0000026a2c360000, 0x0000026a2e5a0000]
 total_blobs=7622 nmethods=6947 adapters=600
 compilation: enabled
              stopped_count=0, restarted_count=0
 full_count=0

Compilation events (20 events):
Event: 26467.449 Thread 0x0000026a332d60c0 6932       1       org.eclipse.jdt.internal.compiler.ast.AllocationExpression::arguments (5 bytes)
Event: 26467.449 Thread 0x0000026a332d60c0 nmethod 6932 0x0000026a2c273990 code [0x0000026a2c273b20, 0x0000026a2c273bf8]
Event: 26467.452 Thread 0x0000026a332d60c0 6939       1       org.eclipse.jdt.core.dom.ASTConverter::convertImport (157 bytes)
Event: 26467.457 Thread 0x0000026a332d60c0 nmethod 6939 0x0000026a2c272e10 code [0x0000026a2c273040, 0x0000026a2c273598]
Event: 26467.457 Thread 0x0000026a332d60c0 6940       1       org.eclipse.jdt.core.dom.ImportDeclaration::<init> (21 bytes)
Event: 26467.457 Thread 0x0000026a332d60c0 nmethod 6940 0x0000026a2c272a90 code [0x0000026a2c272c20, 0x0000026a2c272d48]
Event: 26467.457 Thread 0x0000026a332d60c0 6941       1       org.eclipse.jdt.core.dom.ASTConverter::getImportName (14 bytes)
Event: 26467.457 Thread 0x0000026a332d60c0 nmethod 6941 0x0000026a2c272710 code [0x0000026a2c2728a0, 0x0000026a2c272988]
Event: 26467.457 Thread 0x0000026a332d60c0 6942       1       org.eclipse.jdt.core.dom.ASTConverter::getName (117 bytes)
Event: 26467.458 Thread 0x0000026a332d60c0 nmethod 6942 0x0000026a2c271c90 code [0x0000026a2c271ea0, 0x0000026a2c272368]
Event: 26467.458 Thread 0x0000026a332d60c0 6946       1       java.util.concurrent.CompletableFuture::isCancelled (31 bytes)
Event: 26467.458 Thread 0x0000026a332d60c0 nmethod 6946 0x0000026a2c271890 code [0x0000026a2c271a20, 0x0000026a2c271bb8]
Event: 26467.458 Thread 0x0000026a332d60c0 6947       1       org.eclipse.jdt.core.dom.MethodBinding::getDeclaringClass (30 bytes)
Event: 26467.459 Thread 0x0000026a332d60c0 nmethod 6947 0x0000026a2c271490 code [0x0000026a2c271620, 0x0000026a2c271788]
Event: 26467.459 Thread 0x0000026a332d60c0 6943       1       org.eclipse.jdt.core.dom.ImportDeclaration::setName (41 bytes)
Event: 26467.460 Thread 0x0000026a332d60c0 nmethod 6943 0x0000026a2c270f90 code [0x0000026a2c271140, 0x0000026a2c271368]
Event: 26467.460 Thread 0x0000026a332d60c0 6944       1       org.eclipse.jdt.core.dom.ImportDeclaration::setOnDemand (20 bytes)
Event: 26467.460 Thread 0x0000026a332d60c0 nmethod 6944 0x0000026a2c270b90 code [0x0000026a2c270d40, 0x0000026a2c270e78]
Event: 26467.461 Thread 0x0000026a332d60c0 6945       1       org.eclipse.jdt.core.dom.MethodDeclaration::parameters (5 bytes)
Event: 26467.461 Thread 0x0000026a332d60c0 nmethod 6945 0x0000026a2c270890 code [0x0000026a2c270a20, 0x0000026a2c270af8]

GC Heap History (20 events):
Event: 26652.086 GC heap before
{Heap before GC invocations=2274 (full 2257):
 garbage-first heap   total 86016K, used 35538K [0x00000000c0000000, 0x0000000100000000)
  region size 1024K, 1 young (1024K), 0 survivors (0K)
 Metaspace       used 58162K, committed 58624K, reserved 1114112K
  class space    used 7208K, committed 7424K, reserved 1048576K
}
Event: 26652.113 GC heap after
{Heap after GC invocations=2275 (full 2258):
 garbage-first heap   total 86016K, used 35538K [0x00000000c0000000, 0x0000000100000000)
  region size 1024K, 0 young (0K), 0 survivors (0K)
 Metaspace       used 58162K, committed 58624K, reserved 1114112K
  class space    used 7208K, committed 7424K, reserved 1048576K
}
Event: 26662.290 GC heap before
{Heap before GC invocations=2275 (full 2258):
 garbage-first heap   total 86016K, used 35538K [0x00000000c0000000, 0x0000000100000000)
  region size 1024K, 1 young (1024K), 0 survivors (0K)
 Metaspace       used 58162K, committed 58624K, reserved 1114112K
  class space    used 7208K, committed 7424K, reserved 1048576K
}
Event: 26662.318 GC heap after
{Heap after GC invocations=2276 (full 2259):
 garbage-first heap   total 86016K, used 35538K [0x00000000c0000000, 0x0000000100000000)
  region size 1024K, 0 young (0K), 0 survivors (0K)
 Metaspace       used 58162K, committed 58624K, reserved 1114112K
  class space    used 7208K, committed 7424K, reserved 1048576K
}
Event: 26672.490 GC heap before
{Heap before GC invocations=2276 (full 2259):
 garbage-first heap   total 86016K, used 35538K [0x00000000c0000000, 0x0000000100000000)
  region size 1024K, 1 young (1024K), 0 survivors (0K)
 Metaspace       used 58162K, committed 58624K, reserved 1114112K
  class space    used 7208K, committed 7424K, reserved 1048576K
}
Event: 26672.517 GC heap after
{Heap after GC invocations=2277 (full 2260):
 garbage-first heap   total 86016K, used 35538K [0x00000000c0000000, 0x0000000100000000)
  region size 1024K, 0 young (0K), 0 survivors (0K)
 Metaspace       used 58162K, committed 58624K, reserved 1114112K
  class space    used 7208K, committed 7424K, reserved 1048576K
}
Event: 26682.683 GC heap before
{Heap before GC invocations=2277 (full 2260):
 garbage-first heap   total 86016K, used 35538K [0x00000000c0000000, 0x0000000100000000)
  region size 1024K, 1 young (1024K), 0 survivors (0K)
 Metaspace       used 58162K, committed 58624K, reserved 1114112K
  class space    used 7208K, committed 7424K, reserved 1048576K
}
Event: 26682.710 GC heap after
{Heap after GC invocations=2278 (full 2261):
 garbage-first heap   total 86016K, used 35538K [0x00000000c0000000, 0x0000000100000000)
  region size 1024K, 0 young (0K), 0 survivors (0K)
 Metaspace       used 58162K, committed 58624K, reserved 1114112K
  class space    used 7208K, committed 7424K, reserved 1048576K
}
Event: 26692.879 GC heap before
{Heap before GC invocations=2278 (full 2261):
 garbage-first heap   total 86016K, used 35538K [0x00000000c0000000, 0x0000000100000000)
  region size 1024K, 1 young (1024K), 0 survivors (0K)
 Metaspace       used 58162K, committed 58624K, reserved 1114112K
  class space    used 7208K, committed 7424K, reserved 1048576K
}
Event: 26692.909 GC heap after
{Heap after GC invocations=2279 (full 2262):
 garbage-first heap   total 86016K, used 35538K [0x00000000c0000000, 0x0000000100000000)
  region size 1024K, 0 young (0K), 0 survivors (0K)
 Metaspace       used 58162K, committed 58624K, reserved 1114112K
  class space    used 7208K, committed 7424K, reserved 1048576K
}
Event: 26703.089 GC heap before
{Heap before GC invocations=2279 (full 2262):
 garbage-first heap   total 86016K, used 35538K [0x00000000c0000000, 0x0000000100000000)
  region size 1024K, 1 young (1024K), 0 survivors (0K)
 Metaspace       used 58162K, committed 58624K, reserved 1114112K
  class space    used 7208K, committed 7424K, reserved 1048576K
}
Event: 26703.117 GC heap after
{Heap after GC invocations=2280 (full 2263):
 garbage-first heap   total 86016K, used 35538K [0x00000000c0000000, 0x0000000100000000)
  region size 1024K, 0 young (0K), 0 survivors (0K)
 Metaspace       used 58162K, committed 58624K, reserved 1114112K
  class space    used 7208K, committed 7424K, reserved 1048576K
}
Event: 26713.289 GC heap before
{Heap before GC invocations=2280 (full 2263):
 garbage-first heap   total 86016K, used 35538K [0x00000000c0000000, 0x0000000100000000)
  region size 1024K, 1 young (1024K), 0 survivors (0K)
 Metaspace       used 58162K, committed 58624K, reserved 1114112K
  class space    used 7208K, committed 7424K, reserved 1048576K
}
Event: 26713.317 GC heap after
{Heap after GC invocations=2281 (full 2264):
 garbage-first heap   total 86016K, used 35538K [0x00000000c0000000, 0x0000000100000000)
  region size 1024K, 0 young (0K), 0 survivors (0K)
 Metaspace       used 58162K, committed 58624K, reserved 1114112K
  class space    used 7208K, committed 7424K, reserved 1048576K
}
Event: 26723.502 GC heap before
{Heap before GC invocations=2281 (full 2264):
 garbage-first heap   total 86016K, used 35538K [0x00000000c0000000, 0x0000000100000000)
  region size 1024K, 1 young (1024K), 0 survivors (0K)
 Metaspace       used 58162K, committed 58624K, reserved 1114112K
  class space    used 7208K, committed 7424K, reserved 1048576K
}
Event: 26723.531 GC heap after
{Heap after GC invocations=2282 (full 2265):
 garbage-first heap   total 86016K, used 35538K [0x00000000c0000000, 0x0000000100000000)
  region size 1024K, 0 young (0K), 0 survivors (0K)
 Metaspace       used 58162K, committed 58624K, reserved 1114112K
  class space    used 7208K, committed 7424K, reserved 1048576K
}
Event: 26733.728 GC heap before
{Heap before GC invocations=2282 (full 2265):
 garbage-first heap   total 86016K, used 35538K [0x00000000c0000000, 0x0000000100000000)
  region size 1024K, 1 young (1024K), 0 survivors (0K)
 Metaspace       used 58162K, committed 58624K, reserved 1114112K
  class space    used 7208K, committed 7424K, reserved 1048576K
}
Event: 26733.757 GC heap after
{Heap after GC invocations=2283 (full 2266):
 garbage-first heap   total 86016K, used 35538K [0x00000000c0000000, 0x0000000100000000)
  region size 1024K, 0 young (0K), 0 survivors (0K)
 Metaspace       used 58162K, committed 58624K, reserved 1114112K
  class space    used 7208K, committed 7424K, reserved 1048576K
}
Event: 26743.963 GC heap before
{Heap before GC invocations=2283 (full 2266):
 garbage-first heap   total 86016K, used 35538K [0x00000000c0000000, 0x0000000100000000)
  region size 1024K, 1 young (1024K), 0 survivors (0K)
 Metaspace       used 58162K, committed 58624K, reserved 1114112K
  class space    used 7208K, committed 7424K, reserved 1048576K
}
Event: 26743.993 GC heap after
{Heap after GC invocations=2284 (full 2267):
 garbage-first heap   total 86016K, used 35538K [0x00000000c0000000, 0x0000000100000000)
  region size 1024K, 0 young (0K), 0 survivors (0K)
 Metaspace       used 58162K, committed 58624K, reserved 1114112K
  class space    used 7208K, committed 7424K, reserved 1048576K
}

Dll operation events (9 events):
Event: 0.015 Loaded shared library c:\Users\Thalia\.vscode\extensions\redhat.java-1.25.1-win32-x64\jre\17.0.9-win32-x86_64\bin\java.dll
Event: 0.317 Loaded shared library C:\Users\Thalia\.vscode\extensions\redhat.java-1.25.1-win32-x64\jre\17.0.9-win32-x86_64\bin\net.dll
Event: 0.319 Loaded shared library C:\Users\Thalia\.vscode\extensions\redhat.java-1.25.1-win32-x64\jre\17.0.9-win32-x86_64\bin\nio.dll
Event: 0.328 Loaded shared library C:\Users\Thalia\.vscode\extensions\redhat.java-1.25.1-win32-x64\jre\17.0.9-win32-x86_64\bin\zip.dll
Event: 1.019 Loaded shared library C:\Users\Thalia\.vscode\extensions\redhat.java-1.25.1-win32-x64\jre\17.0.9-win32-x86_64\bin\jimage.dll
Event: 4.040 Loaded shared library c:\Users\Thalia\.vscode\extensions\redhat.java-1.25.1-win32-x64\jre\17.0.9-win32-x86_64\bin\verify.dll
Event: 4.460 Loaded shared library C:\Users\Thalia\.vscode\extensions\redhat.java-1.25.1-win32-x64\jre\17.0.9-win32-x86_64\bin\management.dll
Event: 4.464 Loaded shared library C:\Users\Thalia\.vscode\extensions\redhat.java-1.25.1-win32-x64\jre\17.0.9-win32-x86_64\bin\management_ext.dll
Event: 5.547 Loaded shared library C:\Users\Thalia\.vscode\extensions\redhat.java-1.25.1-win32-x64\jre\17.0.9-win32-x86_64\bin\sunmscapi.dll

Deoptimization events (20 events):
Event: 4.886 Thread 0x0000026a38db0a40 DEOPT PACKING pc=0x0000026a2ba9f597 sp=0x000000fc64dff000
Event: 4.886 Thread 0x0000026a38db0a40 DEOPT UNPACKING pc=0x0000026a2b5f7143 sp=0x000000fc64dfe458 mode 3
Event: 5.648 Thread 0x0000026a38db2390 DEOPT PACKING pc=0x0000026a2b78a78c sp=0x000000fc650fad20
Event: 5.648 Thread 0x0000026a38db2390 DEOPT UNPACKING pc=0x0000026a2b5f7143 sp=0x000000fc650fa1e8 mode 0
Event: 5.971 Thread 0x0000026a38db0a40 DEOPT PACKING pc=0x0000026a2bf3406e sp=0x000000fc64dfc8a0
Event: 5.971 Thread 0x0000026a38db0a40 DEOPT UNPACKING pc=0x0000026a2b5f7143 sp=0x000000fc64dfbd98 mode 3
Event: 4386.676 Thread 0x0000026a38945060 DEOPT PACKING pc=0x0000026a2bb8f9d4 sp=0x000000fc647feda0
Event: 4386.678 Thread 0x0000026a38945060 DEOPT UNPACKING pc=0x0000026a2b5f7143 sp=0x000000fc647fe248 mode 0
Event: 4395.606 Thread 0x0000026a38f56f90 DEOPT PACKING pc=0x0000026a2b6ca2cf sp=0x000000fc652fdea0
Event: 4395.606 Thread 0x0000026a38f56f90 DEOPT UNPACKING pc=0x0000026a2b5f7143 sp=0x000000fc652fd390 mode 3
Event: 4395.760 Thread 0x0000026a38db2db0 DEOPT PACKING pc=0x0000026a2c137136 sp=0x000000fc64bfc170
Event: 4395.760 Thread 0x0000026a38db2db0 DEOPT UNPACKING pc=0x0000026a2b5f7143 sp=0x000000fc64bfb668 mode 3
Event: 4703.206 Thread 0x0000026a38f56a80 DEOPT PACKING pc=0x0000026a2ba0dba0 sp=0x000000fc63cfc810
Event: 4703.206 Thread 0x0000026a38f56a80 DEOPT UNPACKING pc=0x0000026a2b5f7143 sp=0x000000fc63cfbc90 mode 3
Event: 4703.219 Thread 0x0000026a38f56a80 DEOPT PACKING pc=0x0000026a2ba02b66 sp=0x000000fc63cfd9b0
Event: 4703.219 Thread 0x0000026a38f56a80 DEOPT UNPACKING pc=0x0000026a2b5f7143 sp=0x000000fc63cfce70 mode 3
Event: 4703.235 Thread 0x0000026a38f56a80 DEOPT PACKING pc=0x0000026a2c19654b sp=0x000000fc63cfd930
Event: 4703.235 Thread 0x0000026a38f56a80 DEOPT UNPACKING pc=0x0000026a2b5f7143 sp=0x000000fc63cfcec8 mode 3
Event: 5826.663 Thread 0x0000026a38f58df0 DEOPT PACKING pc=0x0000026a2c164bd7 sp=0x000000fc643fd370
Event: 5826.663 Thread 0x0000026a38f58df0 DEOPT UNPACKING pc=0x0000026a2b5f7143 sp=0x000000fc643fcac0 mode 3

Classes unloaded (20 events):
Event: 75.472 Thread 0x0000026a33279f40 Unloading class 0x00000001000cbc00 'java/lang/invoke/LambdaForm$MH+0x00000001000cbc00'
Event: 75.472 Thread 0x0000026a33279f40 Unloading class 0x00000001000c8400 'java/lang/invoke/LambdaForm$MH+0x00000001000c8400'
Event: 4508.761 Thread 0x0000026a33279f40 Unloading class 0x000000010072e400 'java/lang/invoke/LambdaForm$MH+0x000000010072e400'
Event: 4508.761 Thread 0x0000026a33279f40 Unloading class 0x000000010072e000 'java/lang/invoke/LambdaForm$MH+0x000000010072e000'
Event: 4508.761 Thread 0x0000026a33279f40 Unloading class 0x000000010072dc00 'java/lang/invoke/LambdaForm$MH+0x000000010072dc00'
Event: 4508.761 Thread 0x0000026a33279f40 Unloading class 0x000000010072d800 'java/lang/invoke/LambdaForm$MH+0x000000010072d800'
Event: 4508.761 Thread 0x0000026a33279f40 Unloading class 0x000000010072d400 'java/lang/invoke/LambdaForm$MH+0x000000010072d400'
Event: 4508.761 Thread 0x0000026a33279f40 Unloading class 0x000000010072d000 'java/lang/invoke/LambdaForm$MH+0x000000010072d000'
Event: 4508.761 Thread 0x0000026a33279f40 Unloading class 0x000000010072c800 'java/lang/invoke/LambdaForm$MH+0x000000010072c800'
Event: 4508.761 Thread 0x0000026a33279f40 Unloading class 0x000000010072c400 'java/lang/invoke/LambdaForm$MH+0x000000010072c400'
Event: 4508.761 Thread 0x0000026a33279f40 Unloading class 0x000000010072c000 'java/lang/invoke/LambdaForm$MH+0x000000010072c000'
Event: 4508.761 Thread 0x0000026a33279f40 Unloading class 0x00000001003a6c00 'java/lang/invoke/LambdaForm$MH+0x00000001003a6c00'
Event: 4508.761 Thread 0x0000026a33279f40 Unloading class 0x00000001003b0c00 'java/lang/invoke/LambdaForm$MH+0x00000001003b0c00'
Event: 4508.761 Thread 0x0000026a33279f40 Unloading class 0x00000001004e8400 'java/lang/invoke/LambdaForm$MH+0x00000001004e8400'
Event: 4508.761 Thread 0x0000026a33279f40 Unloading class 0x0000000100510000 'java/lang/invoke/LambdaForm$MH+0x0000000100510000'
Event: 4508.761 Thread 0x0000026a33279f40 Unloading class 0x0000000100521000 'java/lang/invoke/LambdaForm$MH+0x0000000100521000'
Event: 4508.761 Thread 0x0000026a33279f40 Unloading class 0x0000000100521800 'java/lang/invoke/LambdaForm$MH+0x0000000100521800'
Event: 4508.761 Thread 0x0000026a33279f40 Unloading class 0x00000001006c9c00 'java/lang/invoke/LambdaForm$MH+0x00000001006c9c00'
Event: 4508.761 Thread 0x0000026a33279f40 Unloading class 0x0000000100716400 'java/lang/invoke/LambdaForm$MH+0x0000000100716400'
Event: 4508.761 Thread 0x0000026a33279f40 Unloading class 0x0000000100716800 'java/lang/invoke/LambdaForm$MH+0x0000000100716800'

Classes redefined (0 events):
No events

Internal exceptions (20 events):
Event: 6.291 Thread 0x0000026a38db0a40 Exception <a 'sun/nio/fs/WindowsException'{0x00000000c4ec4b28}> (0x00000000c4ec4b28) 
thrown [s\src\hotspot\share\prims\jni.cpp, line 516]
Event: 6.291 Thread 0x0000026a38db0a40 Exception <a 'sun/nio/fs/WindowsException'{0x00000000c4ec5550}> (0x00000000c4ec5550) 
thrown [s\src\hotspot\share\prims\jni.cpp, line 516]
Event: 6.291 Thread 0x0000026a38db0a40 Exception <a 'sun/nio/fs/WindowsException'{0x00000000c4ec5f30}> (0x00000000c4ec5f30) 
thrown [s\src\hotspot\share\prims\jni.cpp, line 516]
Event: 6.291 Thread 0x0000026a38db0a40 Exception <a 'sun/nio/fs/WindowsException'{0x00000000c4ec6af0}> (0x00000000c4ec6af0) 
thrown [s\src\hotspot\share\prims\jni.cpp, line 516]
Event: 6.291 Thread 0x0000026a38db0a40 Exception <a 'sun/nio/fs/WindowsException'{0x00000000c4ec76b0}> (0x00000000c4ec76b0) 
thrown [s\src\hotspot\share\prims\jni.cpp, line 516]
Event: 6.302 Thread 0x0000026a38db0a40 Exception <a 'sun/nio/fs/WindowsException'{0x00000000c4d0b640}> (0x00000000c4d0b640) 
thrown [s\src\hotspot\share\prims\jni.cpp, line 516]
Event: 44.479 Thread 0x0000026a38c4a6b0 Exception <a 'java/lang/NoSuchMethodError'{0x00000000c4402c90}: 'void java.lang.invoke.DirectMethodHandle$Holder.invokeStatic(java.lang.Object, long)'> (0x00000000c4402c90) 
thrown [s\src\hotspot\share\interpreter\linkResolver.cpp, line 759]
Event: 44.481 Thread 0x0000026a38c4a6b0 Exception <a 'java/lang/NoSuchMethodError'{0x00000000c4408038}: 'java.lang.Object java.lang.invoke.DirectMethodHandle$Holder.newInvokeSpecial(java.lang.Object, long)'> (0x00000000c4408038) 
thrown [s\src\hotspot\share\interpreter\linkResolver.cpp, line 759]
Event: 307.487 Thread 0x0000026a38db28a0 Exception <a 'java/io/IOException'{0x00000000c7780c38}> (0x00000000c7780c38) 
thrown [s\src\hotspot\share\prims\jni.cpp, line 516]
Event: 307.779 Thread 0x0000026a38db1460 Exception <a 'java/io/IOException'{0x00000000c77932d0}> (0x00000000c77932d0) 
thrown [s\src\hotspot\share\prims\jni.cpp, line 516]
Event: 309.076 Thread 0x0000026a38db32c0 Exception <a 'java/io/IOException'{0x00000000c779b510}> (0x00000000c779b510) 
thrown [s\src\hotspot\share\prims\jni.cpp, line 516]
Event: 4386.883 Thread 0x0000026a38945060 Exception <a 'java/lang/NoSuchMethodError'{0x00000000c77eb048}: 'java.lang.Object java.lang.invoke.DirectMethodHandle$Holder.invokeStatic(java.lang.Object, java.lang.Object, java.lang.Object, int, java.lang.Object, java.lang.Object)'> (0x00000000c77eb048) 
thrown [s\src\hotspot\share\interpreter\linkResolver.cpp, line 759]
Event: 4387.545 Thread 0x0000026a38f59810 Exception <a 'java/lang/NoSuchMethodError'{0x00000000c4b249f8}: 'java.lang.Object java.lang.invoke.DirectMethodHandle$Holder.newInvokeSpecial(java.lang.Object, java.lang.Object, java.lang.Object, java.lang.Object, java.lang.Object, long)'> (0x00000000c4b249f8) 
thrown [s\src\hotspot\share\interpreter\linkResolver.cpp, line 759]
Event: 4387.548 Thread 0x0000026a38f59810 Exception <a 'java/lang/NoSuchMethodError'{0x00000000c4b29068}: 'java.lang.Object java.lang.invoke.DirectMethodHandle$Holder.invokeSpecial(java.lang.Object, java.lang.Object, java.lang.Object, java.lang.Object, java.lang.Object, java.lang.Object, long)'> (0x00000000c4b29068) 
thrown [s\src\hotspot\share\interpreter\linkResolver.cpp, line 759]
Event: 4395.605 Thread 0x0000026a38f56f90 Implicit null exception at 0x0000026a2b6c9d10 to 0x0000026a2b6ca2ca
Event: 4395.760 Thread 0x0000026a38db2db0 Implicit null exception at 0x0000026a2c1365e2 to 0x0000026a2c137131
Event: 4703.206 Thread 0x0000026a38f56a80 Implicit null exception at 0x0000026a2ba0d95a to 0x0000026a2ba0db9b
Event: 4703.218 Thread 0x0000026a38f56a80 Implicit null exception at 0x0000026a2ba028b5 to 0x0000026a2ba02b61
Event: 4703.235 Thread 0x0000026a38f56a80 Implicit null exception at 0x0000026a2c196036 to 0x0000026a2c196546
Event: 5826.663 Thread 0x0000026a38f58df0 Implicit null exception at 0x0000026a2c162742 to 0x0000026a2c164bd2

VM Operations (20 events):
Event: 26652.113 Executing VM operation: G1CollectFull done
Event: 26662.290 Executing VM operation: G1CollectFull
Event: 26662.318 Executing VM operation: G1CollectFull done
Event: 26672.489 Executing VM operation: G1CollectFull
Event: 26672.517 Executing VM operation: G1CollectFull done
Event: 26682.683 Executing VM operation: G1CollectFull
Event: 26682.710 Executing VM operation: G1CollectFull done
Event: 26692.878 Executing VM operation: G1CollectFull
Event: 26692.909 Executing VM operation: G1CollectFull done
Event: 26703.089 Executing VM operation: G1CollectFull
Event: 26703.117 Executing VM operation: G1CollectFull done
Event: 26713.289 Executing VM operation: G1CollectFull
Event: 26713.317 Executing VM operation: G1CollectFull done
Event: 26723.502 Executing VM operation: G1CollectFull
Event: 26723.531 Executing VM operation: G1CollectFull done
Event: 26733.727 Executing VM operation: G1CollectFull
Event: 26733.757 Executing VM operation: G1CollectFull done
Event: 26743.962 Executing VM operation: G1CollectFull
Event: 26743.994 Executing VM operation: G1CollectFull done
Event: 26754.038 Executing VM operation: G1CollectFull

Events (20 events):
Event: 6168.048 Thread 0x0000026a38f583d0 Thread exited: 0x0000026a38f583d0
Event: 6168.048 Thread 0x0000026a38f574a0 Thread exited: 0x0000026a38f574a0
Event: 6186.818 Thread 0x0000026a38f579b0 Thread exited: 0x0000026a38f579b0
Event: 6227.958 Thread 0x0000026a38f56060 Thread exited: 0x0000026a38f56060
Event: 26264.189 Thread 0x0000026a38f56060 Thread added: 0x0000026a38f56060
Event: 26264.206 Thread 0x0000026a38f56a80 Thread added: 0x0000026a38f56a80
Event: 26264.212 Thread 0x0000026a38f579b0 Thread added: 0x0000026a38f579b0
Event: 26264.218 Thread 0x0000026a38f588e0 Thread added: 0x0000026a38f588e0
Event: 26264.224 Thread 0x0000026a38f574a0 Thread added: 0x0000026a38f574a0
Event: 26264.236 Thread 0x0000026a38f583d0 Thread added: 0x0000026a38f583d0
Event: 26324.763 Thread 0x0000026a38f574a0 Thread exited: 0x0000026a38f574a0
Event: 26324.763 Thread 0x0000026a38f583d0 Thread exited: 0x0000026a38f583d0
Event: 26324.871 Thread 0x0000026a38f588e0 Thread exited: 0x0000026a38f588e0
Event: 26347.358 Thread 0x0000026a38f56060 Thread exited: 0x0000026a38f56060
Event: 26353.503 Thread 0x0000026a38f56a80 Thread exited: 0x0000026a38f56a80
Event: 26353.503 Thread 0x0000026a38f579b0 Thread exited: 0x0000026a38f579b0
Event: 26467.371 Thread 0x0000026a38f58df0 Thread added: 0x0000026a38f58df0
Event: 26467.379 Thread 0x0000026a38f583d0 Thread added: 0x0000026a38f583d0
Event: 26527.458 Thread 0x0000026a38f58df0 Thread exited: 0x0000026a38f58df0
Event: 26527.458 Thread 0x0000026a38f583d0 Thread exited: 0x0000026a38f583d0


Dynamic libraries:
0x00007ff700450000 - 0x00007ff70045e000 	c:\Users\Thalia\.vscode\extensions\redhat.java-1.25.1-win32-x64\jre\17.0.9-win32-x86_64\bin\java.exe
0x00007ffd431f0000 - 0x00007ffd43407000 	C:\Windows\SYSTEM32\ntdll.dll
0x00007ffd425e0000 - 0x00007ffd426a4000 	C:\Windows\System32\KERNEL32.DLL
0x00007ffd40620000 - 0x00007ffd409c6000 	C:\Windows\System32\KERNELBASE.dll
0x00007ffd40b20000 - 0x00007ffd40c31000 	C:\Windows\System32\ucrtbase.dll
0x00007ffd1fc60000 - 0x00007ffd1fc77000 	c:\Users\Thalia\.vscode\extensions\redhat.java-1.25.1-win32-x64\jre\17.0.9-win32-x86_64\bin\jli.dll
0x00007ffd42b20000 - 0x00007ffd42cce000 	C:\Windows\System32\USER32.dll
0x00007ffd40af0000 - 0x00007ffd40b16000 	C:\Windows\System32\win32u.dll
0x00007ffd42fc0000 - 0x00007ffd42fe9000 	C:\Windows\System32\GDI32.dll
0x00007ffd409d0000 - 0x00007ffd40ae8000 	C:\Windows\System32\gdi32full.dll
0x00007ffd40e30000 - 0x00007ffd40eca000 	C:\Windows\System32\msvcp_win.dll
0x00007ffd1f8e0000 - 0x00007ffd1f8fb000 	c:\Users\Thalia\.vscode\extensions\redhat.java-1.25.1-win32-x64\jre\17.0.9-win32-x86_64\bin\VCRUNTIME140.dll
0x00007ffd29bb0000 - 0x00007ffd29e43000 	C:\Windows\WinSxS\amd64_microsoft.windows.common-controls_6595b64144ccf1df_6.0.22621.2506_none_270c5ae97388e100\COMCTL32.dll
0x00007ffd41880000 - 0x00007ffd41927000 	C:\Windows\System32\msvcrt.dll
0x00007ffd429e0000 - 0x00007ffd42a11000 	C:\Windows\System32\IMM32.DLL
0x00007ffd37240000 - 0x00007ffd3724c000 	c:\Users\Thalia\.vscode\extensions\redhat.java-1.25.1-win32-x64\jre\17.0.9-win32-x86_64\bin\vcruntime140_1.dll
0x00007ffd003c0000 - 0x00007ffd0044d000 	c:\Users\Thalia\.vscode\extensions\redhat.java-1.25.1-win32-x64\jre\17.0.9-win32-x86_64\bin\msvcp140.dll
0x00007ffcfab50000 - 0x00007ffcfb7b1000 	c:\Users\Thalia\.vscode\extensions\redhat.java-1.25.1-win32-x64\jre\17.0.9-win32-x86_64\bin\server\jvm.dll
0x00007ffd41e10000 - 0x00007ffd41ec1000 	C:\Windows\System32\ADVAPI32.dll
0x00007ffd40f40000 - 0x00007ffd40fe5000 	C:\Windows\System32\sechost.dll
0x00007ffd42d00000 - 0x00007ffd42e17000 	C:\Windows\System32\RPCRT4.dll
0x00007ffd3f710000 - 0x00007ffd3f75d000 	C:\Windows\SYSTEM32\POWRPROF.dll
0x00007ffd37e00000 - 0x00007ffd37e09000 	C:\Windows\SYSTEM32\WSOCK32.dll
0x00007ffd424b0000 - 0x00007ffd42521000 	C:\Windows\System32\WS2_32.dll
0x00007ffd37750000 - 0x00007ffd37784000 	C:\Windows\SYSTEM32\WINMM.dll
0x00007ffd37bb0000 - 0x00007ffd37bba000 	C:\Windows\SYSTEM32\VERSION.dll
0x00007ffd3f6f0000 - 0x00007ffd3f703000 	C:\Windows\SYSTEM32\UMPDC.dll
0x00007ffd3f590000 - 0x00007ffd3f5a8000 	C:\Windows\SYSTEM32\kernel.appcore.dll
0x00007ffd36c40000 - 0x00007ffd36c4a000 	c:\Users\Thalia\.vscode\extensions\redhat.java-1.25.1-win32-x64\jre\17.0.9-win32-x86_64\bin\jimage.dll
0x00007ffd3e1d0000 - 0x00007ffd3e403000 	C:\Windows\SYSTEM32\DBGHELP.DLL
0x00007ffd41a80000 - 0x00007ffd41e09000 	C:\Windows\System32\combase.dll
0x00007ffd42720000 - 0x00007ffd427f7000 	C:\Windows\System32\OLEAUT32.dll
0x00007ffd2c840000 - 0x00007ffd2c872000 	C:\Windows\SYSTEM32\dbgcore.DLL
0x00007ffd40c40000 - 0x00007ffd40cba000 	C:\Windows\System32\bcryptPrimitives.dll
0x00007ffd1b770000 - 0x00007ffd1b795000 	c:\Users\Thalia\.vscode\extensions\redhat.java-1.25.1-win32-x64\jre\17.0.9-win32-x86_64\bin\java.dll
0x00007ffd1dd20000 - 0x00007ffd1dd38000 	c:\Users\Thalia\.vscode\extensions\redhat.java-1.25.1-win32-x64\jre\17.0.9-win32-x86_64\bin\zip.dll
0x00007ffd40ff0000 - 0x00007ffd4184a000 	C:\Windows\System32\SHELL32.dll
0x00007ffd3e430000 - 0x00007ffd3ed26000 	C:\Windows\SYSTEM32\windows.storage.dll
0x00007ffd3e090000 - 0x00007ffd3e1ce000 	C:\Windows\SYSTEM32\wintypes.dll
0x00007ffd42a20000 - 0x00007ffd42b13000 	C:\Windows\System32\SHCORE.dll
0x00007ffd423e0000 - 0x00007ffd4243e000 	C:\Windows\System32\shlwapi.dll
0x00007ffd40490000 - 0x00007ffd404b6000 	C:\Windows\SYSTEM32\profapi.dll
0x00007ffd1b4d0000 - 0x00007ffd1b4e9000 	C:\Users\Thalia\.vscode\extensions\redhat.java-1.25.1-win32-x64\jre\17.0.9-win32-x86_64\bin\net.dll
0x00007ffd3a310000 - 0x00007ffd3a447000 	C:\Windows\SYSTEM32\WINHTTP.dll
0x00007ffd3fa80000 - 0x00007ffd3fae9000 	C:\Windows\system32\mswsock.dll
0x00007ffd196a0000 - 0x00007ffd196b6000 	C:\Users\Thalia\.vscode\extensions\redhat.java-1.25.1-win32-x64\jre\17.0.9-win32-x86_64\bin\nio.dll
0x00007ffd3fd20000 - 0x00007ffd3fd3b000 	C:\Windows\SYSTEM32\CRYPTSP.dll
0x00007ffd3f480000 - 0x00007ffd3f4b5000 	C:\Windows\system32\rsaenh.dll
0x00007ffd3fb20000 - 0x00007ffd3fb4c000 	C:\Windows\SYSTEM32\USERENV.dll
0x00007ffd3ff10000 - 0x00007ffd3ff38000 	C:\Windows\SYSTEM32\bcrypt.dll
0x00007ffd3fc80000 - 0x00007ffd3fc8c000 	C:\Windows\SYSTEM32\CRYPTBASE.dll
0x00007ffd3f020000 - 0x00007ffd3f04d000 	C:\Windows\SYSTEM32\IPHLPAPI.DLL
0x00007ffd42880000 - 0x00007ffd42889000 	C:\Windows\System32\NSI.dll
0x00007ffd3a620000 - 0x00007ffd3a639000 	C:\Windows\SYSTEM32\dhcpcsvc6.DLL
0x00007ffd39fa0000 - 0x00007ffd39fbf000 	C:\Windows\SYSTEM32\dhcpcsvc.DLL
0x00007ffd3f050000 - 0x00007ffd3f149000 	C:\Windows\SYSTEM32\DNSAPI.dll
0x00007ffd2e990000 - 0x00007ffd2e9a0000 	c:\Users\Thalia\.vscode\extensions\redhat.java-1.25.1-win32-x64\jre\17.0.9-win32-x86_64\bin\verify.dll
0x00007ffd2c600000 - 0x00007ffd2c609000 	C:\Users\Thalia\.vscode\extensions\redhat.java-1.25.1-win32-x64\jre\17.0.9-win32-x86_64\bin\management.dll
0x00007ffd2c420000 - 0x00007ffd2c42b000 	C:\Users\Thalia\.vscode\extensions\redhat.java-1.25.1-win32-x64\jre\17.0.9-win32-x86_64\bin\management_ext.dll
0x00007ffd41850000 - 0x00007ffd41858000 	C:\Windows\System32\PSAPI.DLL
0x00007ffd331b0000 - 0x00007ffd331be000 	C:\Users\Thalia\.vscode\extensions\redhat.java-1.25.1-win32-x64\jre\17.0.9-win32-x86_64\bin\sunmscapi.dll
0x00007ffd40cc0000 - 0x00007ffd40e26000 	C:\Windows\System32\CRYPT32.dll
0x00007ffd3fee0000 - 0x00007ffd3ff0d000 	C:\Windows\SYSTEM32\ncrypt.dll
0x00007ffd3fea0000 - 0x00007ffd3fed7000 	C:\Windows\SYSTEM32\NTASN1.dll
0x00007ffd37980000 - 0x00007ffd3798a000 	C:\Windows\System32\rasadhlp.dll
0x00007ffd37be0000 - 0x00007ffd37c63000 	C:\Windows\System32\fwpuclnt.dll

dbghelp: loaded successfully - version: 4.0.5 - missing functions: none
symbol engine: initialized successfully - sym options: 0x614 - pdb path: .;c:\Users\Thalia\.vscode\extensions\redhat.java-1.25.1-win32-x64\jre\17.0.9-win32-x86_64\bin;C:\Windows\SYSTEM32;C:\Windows\WinSxS\amd64_microsoft.windows.common-controls_6595b64144ccf1df_6.0.22621.2506_none_270c5ae97388e100;c:\Users\Thalia\.vscode\extensions\redhat.java-1.25.1-win32-x64\jre\17.0.9-win32-x86_64\bin\server

VM Arguments:
jvm_args: -XX:+HeapDumpOnOutOfMemoryError -Xmx1024m -Dsts.lsp.client=vscode -Dsts.log.file=/dev/null -XX:TieredStopAtLevel=1 -Xlog:jni+resolve=off -Dspring.config.location=file:c:\Users\Thalia\.vscode\extensions\vmware.vscode-spring-boot-1.51.0\language-server\BOOT-INF\classes\application.properties 
java_command: org.springframework.ide.vscode.boot.app.BootLanguageServerBootApp
java_class_path (initial): c:\Users\Thalia\.vscode\extensions\vmware.vscode-spring-boot-1.51.0\language-server\BOOT-INF\classes;c:\Users\Thalia\.vscode\extensions\vmware.vscode-spring-boot-1.51.0\language-server\BOOT-INF\lib\annotations-24.1.0.jar;c:\Users\Thalia\.vscode\extensions\vmware.vscode-spring-boot-1.51.0\language-server\BOOT-INF\lib\antlr-runtime-3.5.3.jar;c:\Users\Thalia\.vscode\extensions\vmware.vscode-spring-boot-1.51.0\language-server\BOOT-INF\lib\antlr4-4.11.1.jar;c:\Users\Thalia\.vscode\extensions\vmware.vscode-spring-boot-1.51.0\language-server\BOOT-INF\lib\antlr4-runtime-4.11.1.jar;c:\Users\Thalia\.vscode\extensions\vmware.vscode-spring-boot-1.51.0\language-server\BOOT-INF\lib\asm-9.6.jar;c:\Users\Thalia\.vscode\extensions\vmware.vscode-spring-boot-1.51.0\language-server\BOOT-INF\lib\asm-analysis-9.6.jar;c:\Users\Thalia\.vscode\extensions\vmware.vscode-spring-boot-1.51.0\language-server\BOOT-INF\lib\asm-tree-9.6.jar;c:\Users\Thalia\.vscode\extensions\vmware.vscode-spring-boot-1.51.0\language-server\BOOT-INF\lib\asm-util-9.6.jar;c:\Users\Thalia\.vscode\extensions\vmware.vscode-spring-boot-1.51.0\language-server\BOOT-INF\lib\bosh-language-server-1.51.0-SNAPSHOT.jar;c:\Users\Thalia\.vscode\extensions\vmware.vscode-spring-boot-1.51.0\language-server\BOOT-INF\lib\caffeine-3.1.8.jar;c:\Users\Thalia\.vscode\extensions\vmware.vscode-spring-boot-1.51.0\language-server\BOOT-INF\lib\checker-qual-3.12.0.jar;c:\Users\Thalia\.vscode\extensions\vmware.vscode-spring-boot-1.51.0\language-server\BOOT-INF\lib\classgraph-4.8.149.jar;c:\Users\Thalia\.vscode\extensions\vmware.vscode-spring-boot-1.51.0\language-server\BOOT-INF\lib\commons-codec-1.15.jar;c:\Users\Thalia\.vscode\extensions\vmware.vscode-spring-boot-1.51.0\language-server\BOOT-INF\lib\commons-compress-1.25.0.jar;c:\Users\Thalia\.vscode\extensions\vmware.vscode-spring-boot-1.51.0\language-server\BOOT-INF\lib\commons-io-2.4.jar;c:\Users\Thalia\.vscode\extensions\vmware.vscode-spring-boot-1.51.0\language-ser
Launcher Type: SUN_STANDARD

[Global flags]
     intx CICompilerCount                          = 3                                         {product} {ergonomic}
     uint ConcGCThreads                            = 2                                         {product} {ergonomic}
     uint G1ConcRefinementThreads                  = 6                                         {product} {ergonomic}
   size_t G1HeapRegionSize                         = 1048576                                   {product} {ergonomic}
    uintx GCDrainStackTargetSize                   = 64                                        {product} {ergonomic}
     bool HeapDumpOnOutOfMemoryError               = true                                   {manageable} {command line}
   size_t InitialHeapSize                          = 125829120                                 {product} {ergonomic}
   size_t MarkStackSize                            = 4194304                                   {product} {ergonomic}
   size_t MaxHeapSize                              = 1073741824                                {product} {command line}
   size_t MaxNewSize                               = 643825664                                 {product} {ergonomic}
   size_t MinHeapDeltaBytes                        = 1048576                                   {product} {ergonomic}
   size_t MinHeapSize                              = 8388608                                   {product} {ergonomic}
    uintx NonProfiledCodeHeapSize                  = 0                                      {pd product} {ergonomic}
     bool ProfileInterpreter                       = false                                  {pd product} {command line}
    uintx ProfiledCodeHeapSize                     = 0                                      {pd product} {ergonomic}
   size_t SoftMaxHeapSize                          = 1073741824                             {manageable} {ergonomic}
     intx TieredStopAtLevel                        = 1                                         {product} {command line}
     bool UseCompressedClassPointers               = true                           {product lp64_product} {ergonomic}
     bool UseCompressedOops                        = true                           {product lp64_product} {ergonomic}
     bool UseG1GC                                  = true                                      {product} {ergonomic}
     bool UseLargePagesIndividualAllocation        = false                                  {pd product} {ergonomic}

Logging:
Log output configuration:
 #0: stdout all=warning,jni+resolve=off uptime,level,tags
 #1: stderr all=off uptime,level,tags

Environment Variables:
JAVA_HOME=C:\Program Files\Java\jdk-17
PATH=C:\Program Files\Java\jdk-17\bin;C:\Program Files\Common Files\Oracle\Java\javapath;C:\Program Files (x86)\Common Files\Oracle\Java\javapath;C:\Windows\system32;C:\Windows;C:\Windows\System32\Wbem;C:\Windows\System32\WindowsPowerShell\v1.0\;C:\Windows\System32\OpenSSH\;C:\Program Files\Git\cmd;C:\Program Files\PuTTY\;;C:\Program Files\Docker\Docker\resources\bin;C:\Users\Thalia\AppData\Local\Programs\Python\Python311\Scripts\;C:\Users\Thalia\AppData\Local\Programs\Python\Python311\;C:\Users\Thalia\AppData\Local\Microsoft\WindowsApps;C:\Users\Thalia\AppData\Local\Programs\Microsoft VS Code\bin;C:\flutter_windows_3.3.9-stable\flutter\bin;C:\Users\Thalia\AppData\Local\Microsoft\WindowsApps\python.exe;
USERNAME=Thalia
OS=Windows_NT
PROCESSOR_IDENTIFIER=AMD64 Family 23 Model 96 Stepping 1, AuthenticAMD
TMP=C:\Users\Thalia\AppData\Local\Temp
TEMP=C:\Users\Thalia\AppData\Local\Temp



Periodic native trim disabled


---------------  S Y S T E M  ---------------

OS:
 Windows 11 , 64 bit Build 22621 (10.0.22621.2506)
OS uptime: 4 days 23:41 hours
Hyper-V role detected

CPU: total 6 (initial active 6) (6 cores per cpu, 1 threads per core) family 23 model 96 stepping 1 microcode 0x0, cx8, cmov, fxsr, mmx, 3dnowpref, sse, sse2, sse3, ssse3, sse4a, sse4.1, sse4.2, popcnt, lzcnt, tsc, tscinvbit, avx, avx2, aes, clmul, bmi1, bmi2, adx, sha, fma, vzeroupper, clflush, clflushopt, hv
Processor Information for all 6 processors :
  Max Mhz: 2375, Current Mhz: 2375, Mhz Limit: 2375

Memory: 4k page, system-wide physical 7600M (360M free)
TotalPageFile size 31152M (AvailPageFile size 17M)
current process WorkingSet (physical memory assigned to process): 65M, peak: 215M
current process commit charge ("private bytes"): 246M, peak: 257M

vm_info: OpenJDK 64-Bit Server VM (17.0.9+9) for windows-amd64 JRE (17.0.9+9), built on Oct 26 2023 14:01:42 by "admin" with MS VC++ 16.10 / 16.11 (VS2019)

END.
