#
# There is insufficient memory for the Java Runtime Environment to continue.
# Native memory allocation (malloc) failed to allocate 2097152 bytes for AllocateHeap
# Possible reasons:
#   The system is out of physical RAM or swap space
#   The process is running with CompressedOops enabled, and the Java Heap may be blocking the growth of the native heap
# Possible solutions:
#   Reduce memory load on the system
#   Increase physical memory or swap space
#   Check if swap backing store is full
#   Decrease Java heap size (-Xmx/-Xms)
#   Decrease number of Java threads
#   Decrease Java thread stack sizes (-Xss)
#   Set larger code cache with -XX:ReservedCodeCacheSize=
#   JVM is running with Unscaled Compressed Oops mode in which the Java heap is
#     placed in the first 4GB address space. The Java Heap base address is the
#     maximum limit for the native heap growth. Please use -XX:HeapBaseMinAddress
#     to set the Java Heap base and to place the Java Heap above 4GB virtual address.
# This output file may be truncated or incomplete.
#
#  Out of Memory Error (allocation.cpp:44), pid=8336, tid=1976
#
# JRE version: OpenJDK Runtime Environment Temurin-17.0.9+9 (17.0.9+9) (build 17.0.9+9)
# Java VM: OpenJDK 64-Bit Server VM Temurin-17.0.9+9 (17.0.9+9, mixed mode, emulated-client, tiered, compressed oops, compressed class ptrs, g1 gc, windows-amd64)
# No core dump will be written. Minidumps are not enabled by default on client versions of Windows
#

---------------  S U M M A R Y ------------

Command Line: -XX:+HeapDumpOnOutOfMemoryError -Xmx1024m -Dsts.lsp.client=vscode -Dsts.log.file=/dev/null -XX:TieredStopAtLevel=1 -Xlog:jni+resolve=off -Dspring.config.location=file:c:\Users\Thalia\.vscode\extensions\vmware.vscode-spring-boot-1.51.0\language-server\BOOT-INF\classes\application.properties org.springframework.ide.vscode.boot.app.BootLanguageServerBootApp

Host: AMD Ryzen 5 4500U with Radeon Graphics         , 6 cores, 7G,  Windows 11 , 64 bit Build 22621 (10.0.22621.2506)
Time: Sat Dec  9 18:01:08 2023 SE Asia Standard Time elapsed time: 2812.874897 seconds (0d 0h 46m 52s)

---------------  T H R E A D  ---------------

Current thread (0x000002d7d46b8d10):  VMThread "VM Thread" [stack: 0x000000e72cf00000,0x000000e72d000000] [id=1976]

Stack: [0x000000e72cf00000,0x000000e72d000000]
Native frames: (J=compiled Java code, j=interpreted, Vv=VM code, C=native code)
V  [jvm.dll+0x67cf49]
V  [jvm.dll+0x83478a]
V  [jvm.dll+0x83624e]
V  [jvm.dll+0x8368b3]
V  [jvm.dll+0x247f1f]
V  [jvm.dll+0xa6b4b]
V  [jvm.dll+0x2f8f01]
V  [jvm.dll+0x2f4af0]
V  [jvm.dll+0x2dd0d7]
V  [jvm.dll+0x320357]
V  [jvm.dll+0x83adab]
V  [jvm.dll+0x83baf1]
V  [jvm.dll+0x83c00d]
V  [jvm.dll+0x83c3e4]
V  [jvm.dll+0x83c4b0]
V  [jvm.dll+0x7e3c3a]
V  [jvm.dll+0x67be35]
C  [ucrtbase.dll+0x29363]
C  [KERNEL32.DLL+0x1257d]
C  [ntdll.dll+0x5aa58]

VM_Operation (0x000000e72e3ff020): G1CollectFull, mode: safepoint, requested by thread 0x000002d7da2bfc30


---------------  P R O C E S S  ---------------

Threads class SMR info:
_java_thread_list=0x000002d7d9a47770, length=25, elements={
0x000002d7d46ce380, 0x000002d7d46cf110, 0x000002d7d46ffc00, 0x000002d7d47025e0,
0x000002d7d4702eb0, 0x000002d7d4703780, 0x000002d7d4706670, 0x000002d7d47158c0,
0x000002d7d4a1ebe0, 0x000002d7d4a317c0, 0x000002d7da299460, 0x000002d7da2bfc30,
0x000002d7da301840, 0x000002d7c9c31610, 0x000002d7d9f3cad0, 0x000002d7da3649c0,
0x000002d7d9968690, 0x000002d7d99653f0, 0x000002d7d9967760, 0x000002d7d9966320,
0x000002d7d9966830, 0x000002d7d9966d40, 0x000002d7d954b570, 0x000002d7d954a640,
0x000002d7d95482d0
}

Java Threads: ( => current thread )
  0x000002d7d46ce380 JavaThread "Reference Handler" daemon [_thread_blocked, id=1080, stack(0x000000e72d000000,0x000000e72d100000)]
  0x000002d7d46cf110 JavaThread "Finalizer" daemon [_thread_blocked, id=28920, stack(0x000000e72d100000,0x000000e72d200000)]
  0x000002d7d46ffc00 JavaThread "Signal Dispatcher" daemon [_thread_blocked, id=6348, stack(0x000000e72d200000,0x000000e72d300000)]
  0x000002d7d47025e0 JavaThread "Attach Listener" daemon [_thread_blocked, id=24332, stack(0x000000e72d300000,0x000000e72d400000)]
  0x000002d7d4702eb0 JavaThread "Service Thread" daemon [_thread_blocked, id=10956, stack(0x000000e72d400000,0x000000e72d500000)]
  0x000002d7d4703780 JavaThread "Monitor Deflation Thread" daemon [_thread_blocked, id=8480, stack(0x000000e72d500000,0x000000e72d600000)]
  0x000002d7d4706670 JavaThread "C1 CompilerThread0" daemon [_thread_blocked, id=19812, stack(0x000000e72d600000,0x000000e72d700000)]
  0x000002d7d47158c0 JavaThread "Sweeper thread" daemon [_thread_blocked, id=10652, stack(0x000000e72d700000,0x000000e72d800000)]
  0x000002d7d4a1ebe0 JavaThread "Notification Thread" daemon [_thread_blocked, id=19808, stack(0x000000e72da00000,0x000000e72db00000)]
  0x000002d7d4a317c0 JavaThread "Common-Cleaner" daemon [_thread_blocked, id=27464, stack(0x000000e72dc00000,0x000000e72dd00000)]
  0x000002d7da299460 JavaThread "boundedElastic-evictor-1" daemon [_thread_blocked, id=19576, stack(0x000000e72e100000,0x000000e72e200000)]
  0x000002d7da2bfc30 JavaThread "pool-12-thread-1" [_thread_blocked, id=28760, stack(0x000000e72e300000,0x000000e72e400000)]
  0x000002d7da301840 JavaThread "LanguageServerApp-lifecycle" [_thread_blocked, id=29376, stack(0x000000e72e400000,0x000000e72e500000)]
  0x000002d7c9c31610 JavaThread "DestroyJavaVM" [_thread_blocked, id=9372, stack(0x000000e72c900000,0x000000e72ca00000)]
  0x000002d7d9f3cad0 JavaThread "pool-13-thread-1" [_thread_in_native, id=30052, stack(0x000000e72e500000,0x000000e72e600000)]
  0x000002d7da3649c0 JavaThread "Simple-Language-Server main thread" daemon [_thread_blocked, id=28892, stack(0x000000e72e600000,0x000000e72e700000)]
  0x000002d7d9968690 JavaThread "pool-8-thread-1" [_thread_blocked, id=23108, stack(0x000000e72f000000,0x000000e72f100000)]
  0x000002d7d99653f0 JavaThread "parallel-1" daemon [_thread_blocked, id=7832, stack(0x000000e72f100000,0x000000e72f200000)]
  0x000002d7d9967760 JavaThread "Reconciler-1" daemon [_thread_blocked, id=9672, stack(0x000000e72f200000,0x000000e72f300000)]
  0x000002d7d9966320 JavaThread "pool-6-thread-1" [_thread_blocked, id=29792, stack(0x000000e72de00000,0x000000e72df00000)]
  0x000002d7d9966830 JavaThread "parallel-2" daemon [_thread_blocked, id=28244, stack(0x000000e72f300000,0x000000e72f400000)]
  0x000002d7d9966d40 JavaThread "parallel-3" daemon [_thread_blocked, id=10904, stack(0x000000e72f400000,0x000000e72f500000)]
  0x000002d7d954b570 JavaThread "parallel-4" daemon [_thread_blocked, id=16240, stack(0x000000e72f900000,0x000000e72fa00000)]
  0x000002d7d954a640 JavaThread "parallel-5" daemon [_thread_blocked, id=14000, stack(0x000000e72fa00000,0x000000e72fb00000)]
  0x000002d7d95482d0 JavaThread "parallel-6" daemon [_thread_blocked, id=16884, stack(0x000000e72fc00000,0x000000e72fd00000)]

Other Threads:
=>0x000002d7d46b8d10 VMThread "VM Thread" [stack: 0x000000e72cf00000,0x000000e72d000000] [id=1976]
  0x000002d7d4a1f4d0 WatcherThread [stack: 0x000000e72db00000,0x000000e72dc00000] [id=10580]
  0x000002d7c9c6f430 GCTaskThread "GC Thread#0" [stack: 0x000000e72ca00000,0x000000e72cb00000] [id=17416]
  0x000002d7d48b5c50 GCTaskThread "GC Thread#1" [stack: 0x000000e72d800000,0x000000e72d900000] [id=29496]
  0x000002d7d952bbe0 GCTaskThread "GC Thread#2" [stack: 0x000000e72d900000,0x000000e72da00000] [id=18700]
  0x000002d7d952bea0 GCTaskThread "GC Thread#3" [stack: 0x000000e72dd00000,0x000000e72de00000] [id=9780]
  0x000002d7d95c5050 GCTaskThread "GC Thread#4" [stack: 0x000000e72df00000,0x000000e72e000000] [id=16104]
  0x000002d7d9889850 GCTaskThread "GC Thread#5" [stack: 0x000000e72e000000,0x000000e72e100000] [id=8032]
  0x000002d7c9c78290 ConcurrentGCThread "G1 Main Marker" [stack: 0x000000e72cb00000,0x000000e72cc00000] [id=21824]
  0x000002d7c9c78bc0 ConcurrentGCThread "G1 Conc#0" [stack: 0x000000e72cc00000,0x000000e72cd00000] [id=11176]
  0x000002d7d9ca66d0 ConcurrentGCThread "G1 Conc#1" [stack: 0x000000e72e200000,0x000000e72e300000] [id=27144]
  0x000002d7c9cd5b50 ConcurrentGCThread "G1 Refine#0" [stack: 0x000000e72cd00000,0x000000e72ce00000] [id=19616]
  0x000002d7d45305e0 ConcurrentGCThread "G1 Service" [stack: 0x000000e72ce00000,0x000000e72cf00000] [id=18788]

Threads with active compile tasks:

VM state: at safepoint (normal execution)

VM Mutex/Monitor currently owned by a thread:  ([mutex/lock_event])
[0x000002d7c7abee30] Threads_lock - owner thread: 0x000002d7d46b8d10
[0x000002d7c9c2e460] Heap_lock - owner thread: 0x000002d7da2bfc30

Heap address: 0x00000000c0000000, size: 1024 MB, Compressed Oops mode: 32-bit

CDS archive(s) not mapped
Compressed class space mapped at: 0x0000000100000000-0x0000000140000000, reserved size: 1073741824
Narrow klass base: 0x0000000000000000, Narrow klass shift: 3, Narrow klass range: 0x140000000

GC Precious Log:
 CPUs: 6 total, 6 available
 Memory: 7600M
 Large Page Support: Disabled
 NUMA Support: Disabled
 Compressed Oops: Enabled (32-bit)
 Heap Region Size: 1M
 Heap Min Capacity: 8M
 Heap Initial Capacity: 120M
 Heap Max Capacity: 1G
 Pre-touch: Disabled
 Parallel Workers: 6
 Concurrent Workers: 2
 Concurrent Refinement Workers: 6
 Periodic GC: Disabled

Heap:
 garbage-first heap   total 133120K, used 39139K [0x00000000c0000000, 0x0000000100000000)
  region size 1024K, 1 young (1024K), 0 survivors (0K)
 Metaspace       used 60010K, committed 60864K, reserved 1114112K
  class space    used 7471K, committed 7808K, reserved 1048576K

Heap Regions: E=young(eden), S=young(survivor), O=old, HS=humongous(starts), HC=humongous(continues), CS=collection set, F=free, OA=open archive, CA=closed archive, TAMS=top-at-mark-start (previous, next)
|   0|0x00000000c0000000, 0x00000000c0100000, 0x00000000c0100000|100%|HS|  |TAMS 0x00000000c0100000, 0x00000000c0000000| Untracked 
|   1|0x00000000c0100000, 0x00000000c0200000, 0x00000000c0200000|100%|HC|  |TAMS 0x00000000c0200000, 0x00000000c0100000| Untracked 
|   2|0x00000000c0200000, 0x00000000c0300000, 0x00000000c0300000|100%|HC|  |TAMS 0x00000000c0300000, 0x00000000c0200000| Untracked 
|   3|0x00000000c0300000, 0x00000000c0400000, 0x00000000c0400000|100%|HC|  |TAMS 0x00000000c0400000, 0x00000000c0300000| Untracked 
|   4|0x00000000c0400000, 0x00000000c0500000, 0x00000000c0500000|100%| O|  |TAMS 0x00000000c0500000, 0x00000000c0400000| Untracked 
|   5|0x00000000c0500000, 0x00000000c0600000, 0x00000000c0600000|100%| O|  |TAMS 0x00000000c0600000, 0x00000000c0500000| Untracked 
|   6|0x00000000c0600000, 0x00000000c0700000, 0x00000000c0700000|100%| O|  |TAMS 0x00000000c0700000, 0x00000000c0600000| Untracked 
|   7|0x00000000c0700000, 0x00000000c07fffd0, 0x00000000c0800000| 99%| O|  |TAMS 0x00000000c07fffd0, 0x00000000c0700000| Untracked 
|   8|0x00000000c0800000, 0x00000000c08ffff0, 0x00000000c0900000| 99%| O|  |TAMS 0x00000000c08ffff0, 0x00000000c0800000| Untracked 
|   9|0x00000000c0900000, 0x00000000c0a00000, 0x00000000c0a00000|100%| O|  |TAMS 0x00000000c0a00000, 0x00000000c0900000| Untracked 
|  10|0x00000000c0a00000, 0x00000000c0affff0, 0x00000000c0b00000| 99%| O|  |TAMS 0x00000000c0affff0, 0x00000000c0a00000| Untracked 
|  11|0x00000000c0b00000, 0x00000000c0c00000, 0x00000000c0c00000|100%| O|  |TAMS 0x00000000c0c00000, 0x00000000c0b00000| Untracked 
|  12|0x00000000c0c00000, 0x00000000c0d00000, 0x00000000c0d00000|100%| O|  |TAMS 0x00000000c0d00000, 0x00000000c0c00000| Untracked 
|  13|0x00000000c0d00000, 0x00000000c0dffff8, 0x00000000c0e00000| 99%| O|  |TAMS 0x00000000c0dffff8, 0x00000000c0d00000| Untracked 
|  14|0x00000000c0e00000, 0x00000000c0f00000, 0x00000000c0f00000|100%| O|  |TAMS 0x00000000c0f00000, 0x00000000c0e00000| Untracked 
|  15|0x00000000c0f00000, 0x00000000c1000000, 0x00000000c1000000|100%| O|  |TAMS 0x00000000c1000000, 0x00000000c0f00000| Untracked 
|  16|0x00000000c1000000, 0x00000000c10fffe0, 0x00000000c1100000| 99%| O|  |TAMS 0x00000000c10fffe0, 0x00000000c1000000| Untracked 
|  17|0x00000000c1100000, 0x00000000c11ffff0, 0x00000000c1200000| 99%| O|  |TAMS 0x00000000c11ffff0, 0x00000000c1100000| Untracked 
|  18|0x00000000c1200000, 0x00000000c12fffe8, 0x00000000c1300000| 99%| O|  |TAMS 0x00000000c12fffe8, 0x00000000c1200000| Untracked 
|  19|0x00000000c1300000, 0x00000000c13fffd8, 0x00000000c1400000| 99%| O|  |TAMS 0x00000000c13fffd8, 0x00000000c1300000| Untracked 
|  20|0x00000000c1400000, 0x00000000c1500000, 0x00000000c1500000|100%| O|  |TAMS 0x00000000c1500000, 0x00000000c1400000| Untracked 
|  21|0x00000000c1500000, 0x00000000c15ffff0, 0x00000000c1600000| 99%| O|  |TAMS 0x00000000c15ffff0, 0x00000000c1500000| Untracked 
|  22|0x00000000c1600000, 0x00000000c16fffe8, 0x00000000c1700000| 99%| O|  |TAMS 0x00000000c16fffe8, 0x00000000c1600000| Untracked 
|  23|0x00000000c1700000, 0x00000000c17ffff8, 0x00000000c1800000| 99%| O|  |TAMS 0x00000000c17ffff8, 0x00000000c1700000| Untracked 
|  24|0x00000000c1800000, 0x00000000c18ffff8, 0x00000000c1900000| 99%| O|  |TAMS 0x00000000c18ffff8, 0x00000000c1800000| Untracked 
|  25|0x00000000c1900000, 0x00000000c1a00000, 0x00000000c1a00000|100%| O|  |TAMS 0x00000000c1a00000, 0x00000000c1900000| Untracked 
|  26|0x00000000c1a00000, 0x00000000c1affff8, 0x00000000c1b00000| 99%| O|  |TAMS 0x00000000c1affff8, 0x00000000c1a00000| Untracked 
|  27|0x00000000c1b00000, 0x00000000c1bffff8, 0x00000000c1c00000| 99%| O|  |TAMS 0x00000000c1bffff8, 0x00000000c1b00000| Untracked 
|  28|0x00000000c1c00000, 0x00000000c1d00000, 0x00000000c1d00000|100%|HS|  |TAMS 0x00000000c1d00000, 0x00000000c1c00000| Untracked 
|  29|0x00000000c1d00000, 0x00000000c1dffff8, 0x00000000c1e00000| 99%| O|  |TAMS 0x00000000c1dffff8, 0x00000000c1d00000| Untracked 
|  30|0x00000000c1e00000, 0x00000000c1efffe0, 0x00000000c1f00000| 99%| O|  |TAMS 0x00000000c1efffe0, 0x00000000c1e00000| Untracked 
|  31|0x00000000c1f00000, 0x00000000c1ffffe0, 0x00000000c2000000| 99%| O|  |TAMS 0x00000000c1ffffe0, 0x00000000c1f00000| Untracked 
|  32|0x00000000c2000000, 0x00000000c20ffff0, 0x00000000c2100000| 99%| O|  |TAMS 0x00000000c20ffff0, 0x00000000c2000000| Untracked 
|  33|0x00000000c2100000, 0x00000000c21ffff0, 0x00000000c2200000| 99%| O|  |TAMS 0x00000000c21ffff0, 0x00000000c2100000| Untracked 
|  34|0x00000000c2200000, 0x00000000c22ffff8, 0x00000000c2300000| 99%| O|  |TAMS 0x00000000c22ffff8, 0x00000000c2200000| Untracked 
|  35|0x00000000c2300000, 0x00000000c2400000, 0x00000000c2400000|100%| O|  |TAMS 0x00000000c2400000, 0x00000000c2300000| Untracked 
|  36|0x00000000c2400000, 0x00000000c24ac0f8, 0x00000000c2500000| 67%| O|  |TAMS 0x00000000c2400000, 0x00000000c2400000| Untracked 
|  37|0x00000000c2500000, 0x00000000c258cf98, 0x00000000c2600000| 55%| O|  |TAMS 0x00000000c2500000, 0x00000000c2500000| Untracked 
|  38|0x00000000c2600000, 0x00000000c2600000, 0x00000000c2700000|  0%| F|  |TAMS 0x00000000c2600000, 0x00000000c2600000| Untracked 
|  39|0x00000000c2700000, 0x00000000c2800000, 0x00000000c2800000|100%| O|  |TAMS 0x00000000c2800000, 0x00000000c2700000| Untracked 
|  40|0x00000000c2800000, 0x00000000c2800000, 0x00000000c2900000|  0%| F|  |TAMS 0x00000000c2800000, 0x00000000c2800000| Untracked 
|  41|0x00000000c2900000, 0x00000000c2900000, 0x00000000c2a00000|  0%| F|  |TAMS 0x00000000c2900000, 0x00000000c2900000| Untracked 
|  42|0x00000000c2a00000, 0x00000000c2a00000, 0x00000000c2b00000|  0%| F|  |TAMS 0x00000000c2a00000, 0x00000000c2a00000| Untracked 
|  43|0x00000000c2b00000, 0x00000000c2b00000, 0x00000000c2c00000|  0%| F|  |TAMS 0x00000000c2b00000, 0x00000000c2b00000| Untracked 
|  44|0x00000000c2c00000, 0x00000000c2c00000, 0x00000000c2d00000|  0%| F|  |TAMS 0x00000000c2c00000, 0x00000000c2c00000| Untracked 
|  45|0x00000000c2d00000, 0x00000000c2d00000, 0x00000000c2e00000|  0%| F|  |TAMS 0x00000000c2d00000, 0x00000000c2d00000| Untracked 
|  46|0x00000000c2e00000, 0x00000000c2e00000, 0x00000000c2f00000|  0%| F|  |TAMS 0x00000000c2e00000, 0x00000000c2e00000| Untracked 
|  47|0x00000000c2f00000, 0x00000000c2f00000, 0x00000000c3000000|  0%| F|  |TAMS 0x00000000c2f00000, 0x00000000c2f00000| Untracked 
|  48|0x00000000c3000000, 0x00000000c3000000, 0x00000000c3100000|  0%| F|  |TAMS 0x00000000c3000000, 0x00000000c3000000| Untracked 
|  49|0x00000000c3100000, 0x00000000c3100000, 0x00000000c3200000|  0%| F|  |TAMS 0x00000000c3100000, 0x00000000c3100000| Untracked 
|  50|0x00000000c3200000, 0x00000000c3200000, 0x00000000c3300000|  0%| F|  |TAMS 0x00000000c3200000, 0x00000000c3200000| Untracked 
|  51|0x00000000c3300000, 0x00000000c3300000, 0x00000000c3400000|  0%| F|  |TAMS 0x00000000c3300000, 0x00000000c3300000| Untracked 
|  52|0x00000000c3400000, 0x00000000c3400000, 0x00000000c3500000|  0%| F|  |TAMS 0x00000000c3400000, 0x00000000c3400000| Untracked 
|  53|0x00000000c3500000, 0x00000000c3500000, 0x00000000c3600000|  0%| F|  |TAMS 0x00000000c3500000, 0x00000000c3500000| Untracked 
|  54|0x00000000c3600000, 0x00000000c3600000, 0x00000000c3700000|  0%| F|  |TAMS 0x00000000c3600000, 0x00000000c3600000| Untracked 
|  55|0x00000000c3700000, 0x00000000c3700000, 0x00000000c3800000|  0%| F|  |TAMS 0x00000000c3700000, 0x00000000c3700000| Untracked 
|  56|0x00000000c3800000, 0x00000000c3800000, 0x00000000c3900000|  0%| F|  |TAMS 0x00000000c3800000, 0x00000000c3800000| Untracked 
|  57|0x00000000c3900000, 0x00000000c3900000, 0x00000000c3a00000|  0%| F|  |TAMS 0x00000000c3900000, 0x00000000c3900000| Untracked 
|  58|0x00000000c3a00000, 0x00000000c3a00000, 0x00000000c3b00000|  0%| F|  |TAMS 0x00000000c3a00000, 0x00000000c3a00000| Untracked 
|  59|0x00000000c3b00000, 0x00000000c3b00000, 0x00000000c3c00000|  0%| F|  |TAMS 0x00000000c3b00000, 0x00000000c3b00000| Untracked 
|  60|0x00000000c3c00000, 0x00000000c3c00000, 0x00000000c3d00000|  0%| F|  |TAMS 0x00000000c3c00000, 0x00000000c3c00000| Untracked 
|  61|0x00000000c3d00000, 0x00000000c3d00000, 0x00000000c3e00000|  0%| F|  |TAMS 0x00000000c3d00000, 0x00000000c3d00000| Untracked 
|  62|0x00000000c3e00000, 0x00000000c3e00000, 0x00000000c3f00000|  0%| F|  |TAMS 0x00000000c3e00000, 0x00000000c3e00000| Untracked 
|  63|0x00000000c3f00000, 0x00000000c3f00000, 0x00000000c4000000|  0%| F|  |TAMS 0x00000000c3f00000, 0x00000000c3f00000| Untracked 
|  64|0x00000000c4000000, 0x00000000c4000000, 0x00000000c4100000|  0%| F|  |TAMS 0x00000000c4000000, 0x00000000c4000000| Untracked 
|  65|0x00000000c4100000, 0x00000000c4100000, 0x00000000c4200000|  0%| F|  |TAMS 0x00000000c4100000, 0x00000000c4100000| Untracked 
|  66|0x00000000c4200000, 0x00000000c4200000, 0x00000000c4300000|  0%| F|  |TAMS 0x00000000c4200000, 0x00000000c4200000| Untracked 
|  67|0x00000000c4300000, 0x00000000c4300000, 0x00000000c4400000|  0%| F|  |TAMS 0x00000000c4300000, 0x00000000c4300000| Untracked 
|  68|0x00000000c4400000, 0x00000000c4400000, 0x00000000c4500000|  0%| F|  |TAMS 0x00000000c4400000, 0x00000000c4400000| Untracked 
|  69|0x00000000c4500000, 0x00000000c4500000, 0x00000000c4600000|  0%| F|  |TAMS 0x00000000c4500000, 0x00000000c4500000| Untracked 
|  70|0x00000000c4600000, 0x00000000c4600000, 0x00000000c4700000|  0%| F|  |TAMS 0x00000000c4600000, 0x00000000c4600000| Untracked 
|  71|0x00000000c4700000, 0x00000000c4700000, 0x00000000c4800000|  0%| F|  |TAMS 0x00000000c4700000, 0x00000000c4700000| Untracked 
|  72|0x00000000c4800000, 0x00000000c4800000, 0x00000000c4900000|  0%| F|  |TAMS 0x00000000c4800000, 0x00000000c4800000| Untracked 
|  73|0x00000000c4900000, 0x00000000c4900000, 0x00000000c4a00000|  0%| F|  |TAMS 0x00000000c4900000, 0x00000000c4900000| Untracked 
|  74|0x00000000c4a00000, 0x00000000c4a00000, 0x00000000c4b00000|  0%| F|  |TAMS 0x00000000c4a00000, 0x00000000c4a00000| Untracked 
|  75|0x00000000c4b00000, 0x00000000c4b00000, 0x00000000c4c00000|  0%| F|  |TAMS 0x00000000c4b00000, 0x00000000c4b00000| Untracked 
|  76|0x00000000c4c00000, 0x00000000c4c00000, 0x00000000c4d00000|  0%| F|  |TAMS 0x00000000c4c00000, 0x00000000c4c00000| Untracked 
|  77|0x00000000c4d00000, 0x00000000c4d00000, 0x00000000c4e00000|  0%| F|  |TAMS 0x00000000c4d00000, 0x00000000c4d00000| Untracked 
|  78|0x00000000c4e00000, 0x00000000c4e00000, 0x00000000c4f00000|  0%| F|  |TAMS 0x00000000c4e00000, 0x00000000c4e00000| Untracked 
|  79|0x00000000c4f00000, 0x00000000c4f00000, 0x00000000c5000000|  0%| F|  |TAMS 0x00000000c4f00000, 0x00000000c4f00000| Untracked 
|  80|0x00000000c5000000, 0x00000000c5000000, 0x00000000c5100000|  0%| F|  |TAMS 0x00000000c5000000, 0x00000000c5000000| Untracked 
|  81|0x00000000c5100000, 0x00000000c5100000, 0x00000000c5200000|  0%| F|  |TAMS 0x00000000c5100000, 0x00000000c5100000| Untracked 
|  82|0x00000000c5200000, 0x00000000c5200000, 0x00000000c5300000|  0%| F|  |TAMS 0x00000000c5200000, 0x00000000c5200000| Untracked 
|  83|0x00000000c5300000, 0x00000000c5300000, 0x00000000c5400000|  0%| F|  |TAMS 0x00000000c5300000, 0x00000000c5300000| Untracked 
|  84|0x00000000c5400000, 0x00000000c5400000, 0x00000000c5500000|  0%| F|  |TAMS 0x00000000c5400000, 0x00000000c5400000| Untracked 
|  85|0x00000000c5500000, 0x00000000c5500000, 0x00000000c5600000|  0%| F|  |TAMS 0x00000000c5500000, 0x00000000c5500000| Untracked 
|  86|0x00000000c5600000, 0x00000000c5600000, 0x00000000c5700000|  0%| F|  |TAMS 0x00000000c5600000, 0x00000000c5600000| Untracked 
|  87|0x00000000c5700000, 0x00000000c5700000, 0x00000000c5800000|  0%| F|  |TAMS 0x00000000c5700000, 0x00000000c5700000| Untracked 
|  88|0x00000000c5800000, 0x00000000c5800000, 0x00000000c5900000|  0%| F|  |TAMS 0x00000000c5800000, 0x00000000c5800000| Untracked 
|  89|0x00000000c5900000, 0x00000000c5900000, 0x00000000c5a00000|  0%| F|  |TAMS 0x00000000c5900000, 0x00000000c5900000| Untracked 
|  90|0x00000000c5a00000, 0x00000000c5a00000, 0x00000000c5b00000|  0%| F|  |TAMS 0x00000000c5a00000, 0x00000000c5a00000| Untracked 
|  91|0x00000000c5b00000, 0x00000000c5b00000, 0x00000000c5c00000|  0%| F|  |TAMS 0x00000000c5b00000, 0x00000000c5b00000| Untracked 
|  92|0x00000000c5c00000, 0x00000000c5c00000, 0x00000000c5d00000|  0%| F|  |TAMS 0x00000000c5c00000, 0x00000000c5c00000| Untracked 
|  93|0x00000000c5d00000, 0x00000000c5d00000, 0x00000000c5e00000|  0%| F|  |TAMS 0x00000000c5d00000, 0x00000000c5d00000| Untracked 
|  94|0x00000000c5e00000, 0x00000000c5e00000, 0x00000000c5f00000|  0%| F|  |TAMS 0x00000000c5e00000, 0x00000000c5e00000| Untracked 
|  95|0x00000000c5f00000, 0x00000000c5f00000, 0x00000000c6000000|  0%| F|  |TAMS 0x00000000c5f00000, 0x00000000c5f00000| Untracked 
|  96|0x00000000c6000000, 0x00000000c6000000, 0x00000000c6100000|  0%| F|  |TAMS 0x00000000c6000000, 0x00000000c6000000| Untracked 
|  97|0x00000000c6100000, 0x00000000c6100000, 0x00000000c6200000|  0%| F|  |TAMS 0x00000000c6100000, 0x00000000c6100000| Untracked 
|  98|0x00000000c6200000, 0x00000000c6200000, 0x00000000c6300000|  0%| F|  |TAMS 0x00000000c6200000, 0x00000000c6200000| Untracked 
|  99|0x00000000c6300000, 0x00000000c6300000, 0x00000000c6400000|  0%| F|  |TAMS 0x00000000c6300000, 0x00000000c6300000| Untracked 
| 100|0x00000000c6400000, 0x00000000c6400000, 0x00000000c6500000|  0%| F|  |TAMS 0x00000000c6400000, 0x00000000c6400000| Untracked 
| 101|0x00000000c6500000, 0x00000000c6500000, 0x00000000c6600000|  0%| F|  |TAMS 0x00000000c6500000, 0x00000000c6500000| Untracked 
| 102|0x00000000c6600000, 0x00000000c6600000, 0x00000000c6700000|  0%| F|  |TAMS 0x00000000c6600000, 0x00000000c6600000| Untracked 
| 103|0x00000000c6700000, 0x00000000c6700000, 0x00000000c6800000|  0%| F|  |TAMS 0x00000000c6700000, 0x00000000c6700000| Untracked 
| 104|0x00000000c6800000, 0x00000000c6800000, 0x00000000c6900000|  0%| F|  |TAMS 0x00000000c6800000, 0x00000000c6800000| Untracked 
| 105|0x00000000c6900000, 0x00000000c6900000, 0x00000000c6a00000|  0%| F|  |TAMS 0x00000000c6900000, 0x00000000c6900000| Untracked 
| 106|0x00000000c6a00000, 0x00000000c6a00000, 0x00000000c6b00000|  0%| F|  |TAMS 0x00000000c6a00000, 0x00000000c6a00000| Untracked 
| 107|0x00000000c6b00000, 0x00000000c6b00000, 0x00000000c6c00000|  0%| F|  |TAMS 0x00000000c6b00000, 0x00000000c6b00000| Untracked 
| 108|0x00000000c6c00000, 0x00000000c6c00000, 0x00000000c6d00000|  0%| F|  |TAMS 0x00000000c6c00000, 0x00000000c6c00000| Untracked 
| 109|0x00000000c6d00000, 0x00000000c6d00000, 0x00000000c6e00000|  0%| F|  |TAMS 0x00000000c6d00000, 0x00000000c6d00000| Untracked 
| 110|0x00000000c6e00000, 0x00000000c6e00000, 0x00000000c6f00000|  0%| F|  |TAMS 0x00000000c6e00000, 0x00000000c6e00000| Untracked 
| 111|0x00000000c6f00000, 0x00000000c6f00000, 0x00000000c7000000|  0%| F|  |TAMS 0x00000000c6f00000, 0x00000000c6f00000| Untracked 
| 112|0x00000000c7000000, 0x00000000c7000000, 0x00000000c7100000|  0%| F|  |TAMS 0x00000000c7000000, 0x00000000c7000000| Untracked 
| 113|0x00000000c7100000, 0x00000000c7100000, 0x00000000c7200000|  0%| F|  |TAMS 0x00000000c7100000, 0x00000000c7100000| Untracked 
| 114|0x00000000c7200000, 0x00000000c7200000, 0x00000000c7300000|  0%| F|  |TAMS 0x00000000c7200000, 0x00000000c7200000| Untracked 
| 115|0x00000000c7300000, 0x00000000c7300000, 0x00000000c7400000|  0%| F|  |TAMS 0x00000000c7300000, 0x00000000c7300000| Untracked 
| 116|0x00000000c7400000, 0x00000000c7400000, 0x00000000c7500000|  0%| F|  |TAMS 0x00000000c7400000, 0x00000000c7400000| Untracked 
| 117|0x00000000c7500000, 0x00000000c7500000, 0x00000000c7600000|  0%| F|  |TAMS 0x00000000c7500000, 0x00000000c7500000| Untracked 
| 118|0x00000000c7600000, 0x00000000c7600000, 0x00000000c7700000|  0%| F|  |TAMS 0x00000000c7600000, 0x00000000c7600000| Untracked 
| 119|0x00000000c7700000, 0x00000000c7700000, 0x00000000c7800000|  0%| F|  |TAMS 0x00000000c7700000, 0x00000000c7700000| Untracked 
| 120|0x00000000c7800000, 0x00000000c7800000, 0x00000000c7900000|  0%| F|  |TAMS 0x00000000c7800000, 0x00000000c7800000| Untracked 
| 121|0x00000000c7900000, 0x00000000c7900000, 0x00000000c7a00000|  0%| F|  |TAMS 0x00000000c7900000, 0x00000000c7900000| Untracked 
| 122|0x00000000c7a00000, 0x00000000c7a00000, 0x00000000c7b00000|  0%| F|  |TAMS 0x00000000c7a00000, 0x00000000c7a00000| Untracked 
| 123|0x00000000c7b00000, 0x00000000c7b00000, 0x00000000c7c00000|  0%| F|  |TAMS 0x00000000c7b00000, 0x00000000c7b00000| Untracked 
| 124|0x00000000c7c00000, 0x00000000c7c00000, 0x00000000c7d00000|  0%| F|  |TAMS 0x00000000c7c00000, 0x00000000c7c00000| Untracked 
| 125|0x00000000c7d00000, 0x00000000c7d00000, 0x00000000c7e00000|  0%| F|  |TAMS 0x00000000c7d00000, 0x00000000c7d00000| Untracked 
| 126|0x00000000c7e00000, 0x00000000c7e00000, 0x00000000c7f00000|  0%| F|  |TAMS 0x00000000c7e00000, 0x00000000c7e00000| Untracked 
| 127|0x00000000c7f00000, 0x00000000c7f00000, 0x00000000c8000000|  0%| F|  |TAMS 0x00000000c7f00000, 0x00000000c7f00000| Untracked 
| 128|0x00000000c8000000, 0x00000000c8000000, 0x00000000c8100000|  0%| F|  |TAMS 0x00000000c8000000, 0x00000000c8000000| Untracked 
| 129|0x00000000c8100000, 0x00000000c81355e8, 0x00000000c8200000| 20%| E|  |TAMS 0x00000000c8100000, 0x00000000c8100000| Complete 

Card table byte_map: [0x000002d7cfac0000,0x000002d7cfcc0000] _byte_map_base: 0x000002d7cf4c0000

Marking Bits (Prev, Next): (CMBitMap*) 0x000002d7c9c6f960, (CMBitMap*) 0x000002d7c9c6f9a0
 Prev Bits: [0x000002d7cfec0000, 0x000002d7d0ec0000)
 Next Bits: [0x000002d7d0ec0000, 0x000002d7d1ec0000)

Polling page: 0x000002d7c7be0000

Metaspace:

Usage:
  Non-class:     51.31 MB used.
      Class:      7.30 MB used.
       Both:     58.60 MB used.

Virtual space:
  Non-class space:       64.00 MB reserved,      51.81 MB ( 81%) committed,  1 nodes.
      Class space:        1.00 GB reserved,       7.62 MB ( <1%) committed,  1 nodes.
             Both:        1.06 GB reserved,      59.44 MB (  5%) committed. 

Chunk freelists:
   Non-Class:  12.10 MB
       Class:  8.34 MB
        Both:  20.44 MB

MaxMetaspaceSize: unlimited
CompressedClassSpaceSize: 1.00 GB
Initial GC threshold: 21.00 MB
Current GC threshold: 99.00 MB
CDS: off
MetaspaceReclaimPolicy: balanced
 - commit_granule_bytes: 65536.
 - commit_granule_words: 8192.
 - virtual_space_node_default_size: 8388608.
 - enlarge_chunks_in_place: 1.
 - new_chunks_are_fully_committed: 0.
 - uncommit_free_chunks: 1.
 - use_allocation_guard: 0.
 - handle_deallocations: 1.


Internal statistics:

num_allocs_failed_limit: 11.
num_arena_births: 714.
num_arena_deaths: 238.
num_vsnodes_births: 2.
num_vsnodes_deaths: 0.
num_space_committed: 951.
num_space_uncommitted: 0.
num_chunks_returned_to_freelist: 285.
num_chunks_taken_from_freelist: 2630.
num_chunk_merges: 100.
num_chunk_splits: 1852.
num_chunks_enlarged: 1372.
num_inconsistent_stats: 0.

CodeCache: size=49152Kb used=15014Kb max_used=15595Kb free=34137Kb
 bounds [0x000002d7cc8c0000, 0x000002d7cd860000, 0x000002d7cf8c0000]
 total_blobs=8882 nmethods=8207 adapters=601
 compilation: enabled
              stopped_count=0, restarted_count=0
 full_count=0

Compilation events (20 events):
Event: 2719.742 Thread 0x000002d7d4706670 8210       1       sun.util.resources.Bundles$CacheKey::hashCode (5 bytes)
Event: 2719.742 Thread 0x000002d7d4706670 nmethod 8210 0x000002d7cd833a90 code [0x000002d7cd833c20, 0x000002d7cd833cf8]
Event: 2719.908 Thread 0x000002d7d4706670 8211       1       org.springframework.ide.vscode.boot.configurationmetadata.SimpleConfigurationMetadataRepository::getAllProperties (57 bytes)
Event: 2719.947 Thread 0x000002d7d4706670 nmethod 8211 0x000002d7cd833490 code [0x000002d7cd833660, 0x000002d7cd8338c8]
Event: 2719.947 Thread 0x000002d7d4706670 8213       1       com.google.common.cache.LocalCache$Segment::initTable (51 bytes)
Event: 2719.968 Thread 0x000002d7d4706670 nmethod 8213 0x000002d7cd833010 code [0x000002d7cd8331a0, 0x000002d7cd833358]
Event: 2719.968 Thread 0x000002d7d4706670 8214       1       com.google.common.cache.LocalCache::customWeigher (16 bytes)
Event: 2719.968 Thread 0x000002d7d4706670 nmethod 8214 0x000002d7cd832d10 code [0x000002d7cd832ea0, 0x000002d7cd832f98]
Event: 2719.968 Thread 0x000002d7d4706670 8216       1       org.springframework.ide.vscode.commons.util.text.DocumentRegion::trimStart (37 bytes)
Event: 2720.005 Thread 0x000002d7d4706670 nmethod 8216 0x000002d7cd832090 code [0x000002d7cd8322e0, 0x000002d7cd832888]
Event: 2720.005 Thread 0x000002d7d4706670 8217       1       org.springframework.ide.vscode.commons.util.text.DocumentRegion::trimEnd (38 bytes)
Event: 2720.006 Thread 0x000002d7d4706670 nmethod 8217 0x000002d7cd831410 code [0x000002d7cd831660, 0x000002d7cd831c08]
Event: 2720.006 Thread 0x000002d7d4706670 8219       1       org.springframework.ide.vscode.boot.properties.reconcile.PropertyNavigator::<init> (56 bytes)
Event: 2720.036 Thread 0x000002d7d4706670 nmethod 8219 0x000002d7cd830a90 code [0x000002d7cd830c80, 0x000002d7cd831168]
Event: 2720.036 Thread 0x000002d7d4706670 8218       1       org.springframework.ide.vscode.boot.metadata.PropertyInfo::withId (62 bytes)
Event: 2720.060 Thread 0x000002d7d4706670 nmethod 8218 0x000002d7cd830590 code [0x000002d7cd830740, 0x000002d7cd830978]
Event: 2791.981 Thread 0x000002d7d4706670 8220       1       java.lang.Runtime::exec (73 bytes)
Event: 2791.998 Thread 0x000002d7d4706670 nmethod 8220 0x000002d7cd82fa90 code [0x000002d7cd82fca0, 0x000002d7cd830238]
Event: 2791.998 Thread 0x000002d7d4706670 8221       1       java.lang.ProcessBuilder::<init> (56 bytes)
Event: 2792.002 Thread 0x000002d7d4706670 nmethod 8221 0x000002d7cd82f590 code [0x000002d7cd82f740, 0x000002d7cd82f978]

GC Heap History (20 events):
Event: 2678.823 GC heap before
{Heap before GC invocations=275 (full 197):
 garbage-first heap   total 133120K, used 39138K [0x00000000c0000000, 0x0000000100000000)
  region size 1024K, 1 young (1024K), 0 survivors (0K)
 Metaspace       used 60010K, committed 60864K, reserved 1114112K
  class space    used 7471K, committed 7808K, reserved 1048576K
}
Event: 2678.851 GC heap after
{Heap after GC invocations=276 (full 198):
 garbage-first heap   total 133120K, used 39119K [0x00000000c0000000, 0x0000000100000000)
  region size 1024K, 0 young (0K), 0 survivors (0K)
 Metaspace       used 60010K, committed 60864K, reserved 1114112K
  class space    used 7471K, committed 7808K, reserved 1048576K
}
Event: 2689.166 GC heap before
{Heap before GC invocations=276 (full 198):
 garbage-first heap   total 133120K, used 39119K [0x00000000c0000000, 0x0000000100000000)
  region size 1024K, 1 young (1024K), 0 survivors (0K)
 Metaspace       used 60010K, committed 60864K, reserved 1114112K
  class space    used 7471K, committed 7808K, reserved 1048576K
}
Event: 2689.199 GC heap after
{Heap after GC invocations=277 (full 199):
 garbage-first heap   total 133120K, used 39119K [0x00000000c0000000, 0x0000000100000000)
  region size 1024K, 0 young (0K), 0 survivors (0K)
 Metaspace       used 60010K, committed 60864K, reserved 1114112K
  class space    used 7471K, committed 7808K, reserved 1048576K
}
Event: 2699.539 GC heap before
{Heap before GC invocations=277 (full 199):
 garbage-first heap   total 133120K, used 39119K [0x00000000c0000000, 0x0000000100000000)
  region size 1024K, 1 young (1024K), 0 survivors (0K)
 Metaspace       used 60010K, committed 60864K, reserved 1114112K
  class space    used 7471K, committed 7808K, reserved 1048576K
}
Event: 2699.569 GC heap after
{Heap after GC invocations=278 (full 200):
 garbage-first heap   total 133120K, used 39119K [0x00000000c0000000, 0x0000000100000000)
  region size 1024K, 0 young (0K), 0 survivors (0K)
 Metaspace       used 60010K, committed 60864K, reserved 1114112K
  class space    used 7471K, committed 7808K, reserved 1048576K
}
Event: 2709.764 GC heap before
{Heap before GC invocations=278 (full 200):
 garbage-first heap   total 133120K, used 39119K [0x00000000c0000000, 0x0000000100000000)
  region size 1024K, 1 young (1024K), 0 survivors (0K)
 Metaspace       used 60010K, committed 60864K, reserved 1114112K
  class space    used 7471K, committed 7808K, reserved 1048576K
}
Event: 2709.795 GC heap after
{Heap after GC invocations=279 (full 201):
 garbage-first heap   total 133120K, used 39119K [0x00000000c0000000, 0x0000000100000000)
  region size 1024K, 0 young (0K), 0 survivors (0K)
 Metaspace       used 60010K, committed 60864K, reserved 1114112K
  class space    used 7471K, committed 7808K, reserved 1048576K
}
Event: 2719.661 GC heap before
{Heap before GC invocations=279 (full 201):
 garbage-first heap   total 133120K, used 40143K [0x00000000c0000000, 0x0000000100000000)
  region size 1024K, 3 young (3072K), 0 survivors (0K)
 Metaspace       used 60010K, committed 60864K, reserved 1114112K
  class space    used 7471K, committed 7808K, reserved 1048576K
}
Event: 2719.672 GC heap after
{Heap after GC invocations=280 (full 201):
 garbage-first heap   total 133120K, used 39429K [0x00000000c0000000, 0x0000000100000000)
  region size 1024K, 1 young (1024K), 1 survivors (1024K)
 Metaspace       used 60010K, committed 60864K, reserved 1114112K
  class space    used 7471K, committed 7808K, reserved 1048576K
}
Event: 2760.261 GC heap before
{Heap before GC invocations=281 (full 201):
 garbage-first heap   total 133120K, used 55813K [0x00000000c0000000, 0x0000000100000000)
  region size 1024K, 14 young (14336K), 1 survivors (1024K)
 Metaspace       used 60010K, committed 60864K, reserved 1114112K
  class space    used 7471K, committed 7808K, reserved 1048576K
}
Event: 2761.386 GC heap after
{Heap after GC invocations=282 (full 202):
 garbage-first heap   total 133120K, used 39141K [0x00000000c0000000, 0x0000000100000000)
  region size 1024K, 0 young (0K), 0 survivors (0K)
 Metaspace       used 60010K, committed 60864K, reserved 1114112K
  class space    used 7471K, committed 7808K, reserved 1048576K
}
Event: 2771.628 GC heap before
{Heap before GC invocations=282 (full 202):
 garbage-first heap   total 133120K, used 39141K [0x00000000c0000000, 0x0000000100000000)
  region size 1024K, 1 young (1024K), 0 survivors (0K)
 Metaspace       used 60010K, committed 60864K, reserved 1114112K
  class space    used 7471K, committed 7808K, reserved 1048576K
}
Event: 2771.665 GC heap after
{Heap after GC invocations=283 (full 203):
 garbage-first heap   total 133120K, used 39141K [0x00000000c0000000, 0x0000000100000000)
  region size 1024K, 0 young (0K), 0 survivors (0K)
 Metaspace       used 60010K, committed 60864K, reserved 1114112K
  class space    used 7471K, committed 7808K, reserved 1048576K
}
Event: 2781.943 GC heap before
{Heap before GC invocations=283 (full 203):
 garbage-first heap   total 133120K, used 39141K [0x00000000c0000000, 0x0000000100000000)
  region size 1024K, 1 young (1024K), 0 survivors (0K)
 Metaspace       used 60010K, committed 60864K, reserved 1114112K
  class space    used 7471K, committed 7808K, reserved 1048576K
}
Event: 2781.975 GC heap after
{Heap after GC invocations=284 (full 204):
 garbage-first heap   total 133120K, used 39139K [0x00000000c0000000, 0x0000000100000000)
  region size 1024K, 0 young (0K), 0 survivors (0K)
 Metaspace       used 60010K, committed 60864K, reserved 1114112K
  class space    used 7471K, committed 7808K, reserved 1048576K
}
Event: 2792.195 GC heap before
{Heap before GC invocations=284 (full 204):
 garbage-first heap   total 133120K, used 39139K [0x00000000c0000000, 0x0000000100000000)
  region size 1024K, 1 young (1024K), 0 survivors (0K)
 Metaspace       used 60010K, committed 60864K, reserved 1114112K
  class space    used 7471K, committed 7808K, reserved 1048576K
}
Event: 2792.227 GC heap after
{Heap after GC invocations=285 (full 205):
 garbage-first heap   total 133120K, used 39139K [0x00000000c0000000, 0x0000000100000000)
  region size 1024K, 0 young (0K), 0 survivors (0K)
 Metaspace       used 60010K, committed 60864K, reserved 1114112K
  class space    used 7471K, committed 7808K, reserved 1048576K
}
Event: 2802.414 GC heap before
{Heap before GC invocations=285 (full 205):
 garbage-first heap   total 133120K, used 39139K [0x00000000c0000000, 0x0000000100000000)
  region size 1024K, 1 young (1024K), 0 survivors (0K)
 Metaspace       used 60010K, committed 60864K, reserved 1114112K
  class space    used 7471K, committed 7808K, reserved 1048576K
}
Event: 2802.443 GC heap after
{Heap after GC invocations=286 (full 206):
 garbage-first heap   total 133120K, used 39139K [0x00000000c0000000, 0x0000000100000000)
  region size 1024K, 0 young (0K), 0 survivors (0K)
 Metaspace       used 60010K, committed 60864K, reserved 1114112K
  class space    used 7471K, committed 7808K, reserved 1048576K
}

Dll operation events (9 events):
Event: 0.012 Loaded shared library c:\Users\Thalia\.vscode\extensions\redhat.java-1.25.1-win32-x64\jre\17.0.9-win32-x86_64\bin\java.dll
Event: 0.295 Loaded shared library C:\Users\Thalia\.vscode\extensions\redhat.java-1.25.1-win32-x64\jre\17.0.9-win32-x86_64\bin\net.dll
Event: 0.298 Loaded shared library C:\Users\Thalia\.vscode\extensions\redhat.java-1.25.1-win32-x64\jre\17.0.9-win32-x86_64\bin\nio.dll
Event: 0.681 Loaded shared library C:\Users\Thalia\.vscode\extensions\redhat.java-1.25.1-win32-x64\jre\17.0.9-win32-x86_64\bin\zip.dll
Event: 12.469 Loaded shared library C:\Users\Thalia\.vscode\extensions\redhat.java-1.25.1-win32-x64\jre\17.0.9-win32-x86_64\bin\jimage.dll
Event: 21.963 Loaded shared library c:\Users\Thalia\.vscode\extensions\redhat.java-1.25.1-win32-x64\jre\17.0.9-win32-x86_64\bin\verify.dll
Event: 24.260 Loaded shared library C:\Users\Thalia\.vscode\extensions\redhat.java-1.25.1-win32-x64\jre\17.0.9-win32-x86_64\bin\management.dll
Event: 24.277 Loaded shared library C:\Users\Thalia\.vscode\extensions\redhat.java-1.25.1-win32-x64\jre\17.0.9-win32-x86_64\bin\management_ext.dll
Event: 28.804 Loaded shared library C:\Users\Thalia\.vscode\extensions\redhat.java-1.25.1-win32-x64\jre\17.0.9-win32-x86_64\bin\sunmscapi.dll

Deoptimization events (20 events):
Event: 30.358 Thread 0x000002d7d9966320 DEOPT PACKING pc=0x000002d7cd05734c sp=0x000000e72defe6d0
Event: 30.358 Thread 0x000002d7d9966320 DEOPT UNPACKING pc=0x000002d7cc917143 sp=0x000000e72defdbc8 mode 0
Event: 30.367 Thread 0x000002d7d9966320 DEOPT PACKING pc=0x000002d7ccb4640c sp=0x000000e72defea40
Event: 30.367 Thread 0x000002d7d9966320 DEOPT UNPACKING pc=0x000002d7cc917143 sp=0x000000e72defdfa8 mode 0
Event: 30.367 Thread 0x000002d7d9966320 DEOPT PACKING pc=0x000002d7cd05734c sp=0x000000e72defeb70
Event: 30.367 Thread 0x000002d7d9966320 DEOPT UNPACKING pc=0x000002d7cc917143 sp=0x000000e72defe068 mode 0
Event: 31.109 Thread 0x000002d7d9966320 DEOPT PACKING pc=0x000002d7cd4c20b6 sp=0x000000e72defd800
Event: 31.109 Thread 0x000002d7d9966320 DEOPT UNPACKING pc=0x000002d7cc917143 sp=0x000000e72defccf8 mode 3
Event: 31.590 Thread 0x000002d7d9966320 DEOPT PACKING pc=0x000002d7cd26b3f8 sp=0x000000e72defc220
Event: 31.590 Thread 0x000002d7d9966320 DEOPT UNPACKING pc=0x000002d7cc917143 sp=0x000000e72defb6d8 mode 3
Event: 31.590 Thread 0x000002d7d9966320 DEOPT PACKING pc=0x000002d7cd26c504 sp=0x000000e72defc130
Event: 31.590 Thread 0x000002d7d9966320 DEOPT UNPACKING pc=0x000002d7cc917143 sp=0x000000e72defb610 mode 3
Event: 31.678 Thread 0x000002d7d9966320 DEOPT PACKING pc=0x000002d7cd5209a0 sp=0x000000e72defdbb0
Event: 31.678 Thread 0x000002d7d9966320 DEOPT UNPACKING pc=0x000002d7cc917143 sp=0x000000e72defd030 mode 3
Event: 43.922 Thread 0x000002d7d9966320 DEOPT PACKING pc=0x000002d7cd4643d5 sp=0x000000e72defe1f0
Event: 43.923 Thread 0x000002d7d9966320 DEOPT UNPACKING pc=0x000002d7cc917143 sp=0x000000e72defd710 mode 3
Event: 95.978 Thread 0x000002d7d9967760 DEOPT PACKING pc=0x000002d7cd40847d sp=0x000000e72f2fd690
Event: 95.978 Thread 0x000002d7d9967760 DEOPT UNPACKING pc=0x000002d7cc917143 sp=0x000000e72f2fcbf8 mode 3
Event: 260.605 Thread 0x000002d7d9f3cad0 DEOPT PACKING pc=0x000002d7cce20154 sp=0x000000e72e5fee90
Event: 260.607 Thread 0x000002d7d9f3cad0 DEOPT UNPACKING pc=0x000002d7cc917143 sp=0x000000e72e5fe318 mode 0

Classes unloaded (20 events):
Event: 215.630 Thread 0x000002d7d46b8d10 Unloading class 0x0000000100778000 'java/lang/invoke/LambdaForm$MH+0x0000000100778000'
Event: 215.630 Thread 0x000002d7d46b8d10 Unloading class 0x0000000100773c00 'java/lang/invoke/LambdaForm$MH+0x0000000100773c00'
Event: 215.630 Thread 0x000002d7d46b8d10 Unloading class 0x0000000100750400 'jdk/internal/reflect/GeneratedConstructorAccessor31'
Event: 215.630 Thread 0x000002d7d46b8d10 Unloading class 0x0000000100408400 'java/lang/invoke/LambdaForm$MH+0x0000000100408400'
Event: 215.630 Thread 0x000002d7d46b8d10 Unloading class 0x00000001003a6c00 'java/lang/invoke/LambdaForm$MH+0x00000001003a6c00'
Event: 215.630 Thread 0x000002d7d46b8d10 Unloading class 0x00000001003a6400 'java/lang/invoke/LambdaForm$MH+0x00000001003a6400'
Event: 215.630 Thread 0x000002d7d46b8d10 Unloading class 0x00000001003a6000 'java/lang/invoke/LambdaForm$MH+0x00000001003a6000'
Event: 215.630 Thread 0x000002d7d46b8d10 Unloading class 0x00000001003a5c00 'java/lang/invoke/LambdaForm$MH+0x00000001003a5c00'
Event: 215.630 Thread 0x000002d7d46b8d10 Unloading class 0x00000001003a5400 'java/lang/invoke/LambdaForm$MH+0x00000001003a5400'
Event: 215.630 Thread 0x000002d7d46b8d10 Unloading class 0x00000001003a5000 'java/lang/invoke/LambdaForm$MH+0x00000001003a5000'
Event: 215.630 Thread 0x000002d7d46b8d10 Unloading class 0x00000001000ccc00 'java/lang/invoke/LambdaForm$MH+0x00000001000ccc00'
Event: 215.630 Thread 0x000002d7d46b8d10 Unloading class 0x00000001000cc800 'java/lang/invoke/LambdaForm$MH+0x00000001000cc800'
Event: 215.630 Thread 0x000002d7d46b8d10 Unloading class 0x00000001000cc000 'java/lang/invoke/LambdaForm$MH+0x00000001000cc000'
Event: 247.236 Thread 0x000002d7d46b8d10 Unloading class 0x00000001000ce800 'java/lang/invoke/LambdaForm$MH+0x00000001000ce800'
Event: 247.236 Thread 0x000002d7d46b8d10 Unloading class 0x00000001000ce400 'java/lang/invoke/LambdaForm$MH+0x00000001000ce400'
Event: 247.236 Thread 0x000002d7d46b8d10 Unloading class 0x00000001000ce000 'java/lang/invoke/LambdaForm$MH+0x00000001000ce000'
Event: 247.236 Thread 0x000002d7d46b8d10 Unloading class 0x00000001000cdc00 'java/lang/invoke/LambdaForm$MH+0x00000001000cdc00'
Event: 247.236 Thread 0x000002d7d46b8d10 Unloading class 0x00000001000cd800 'java/lang/invoke/LambdaForm$MH+0x00000001000cd800'
Event: 247.236 Thread 0x000002d7d46b8d10 Unloading class 0x00000001000cd400 'java/lang/invoke/LambdaForm$MH+0x00000001000cd400'
Event: 247.236 Thread 0x000002d7d46b8d10 Unloading class 0x00000001000cbc00 'java/lang/invoke/LambdaForm$MH+0x00000001000cbc00'

Classes redefined (0 events):
No events

Internal exceptions (20 events):
Event: 2575.865 Thread 0x000002d7d9967760 Exception <a 'sun/nio/fs/WindowsException'{0x00000000c818f320}> (0x00000000c818f320) 
thrown [s\src\hotspot\share\prims\jni.cpp, line 516]
Event: 2575.866 Thread 0x000002d7d9967760 Exception <a 'sun/nio/fs/WindowsException'{0x00000000c818f990}> (0x00000000c818f990) 
thrown [s\src\hotspot\share\prims\jni.cpp, line 516]
Event: 2575.866 Thread 0x000002d7d9967760 Exception <a 'sun/nio/fs/WindowsException'{0x00000000c818fcd8}> (0x00000000c818fcd8) 
thrown [s\src\hotspot\share\prims\jni.cpp, line 516]
Event: 2575.866 Thread 0x000002d7d9967760 Exception <a 'sun/nio/fs/WindowsException'{0x00000000c8190c98}> (0x00000000c8190c98) 
thrown [s\src\hotspot\share\prims\jni.cpp, line 516]
Event: 2575.866 Thread 0x000002d7d9967760 Exception <a 'sun/nio/fs/WindowsException'{0x00000000c8191020}> (0x00000000c8191020) 
thrown [s\src\hotspot\share\prims\jni.cpp, line 516]
Event: 2719.542 Thread 0x000002d7d9967760 Exception <a 'sun/nio/fs/WindowsException'{0x00000000c818bc58}> (0x00000000c818bc58) 
thrown [s\src\hotspot\share\prims\jni.cpp, line 516]
Event: 2719.548 Thread 0x000002d7d9967760 Exception <a 'sun/nio/fs/WindowsException'{0x00000000c818c2c8}> (0x00000000c818c2c8) 
thrown [s\src\hotspot\share\prims\jni.cpp, line 516]
Event: 2719.548 Thread 0x000002d7d9967760 Exception <a 'sun/nio/fs/WindowsException'{0x00000000c818c610}> (0x00000000c818c610) 
thrown [s\src\hotspot\share\prims\jni.cpp, line 516]
Event: 2719.551 Thread 0x000002d7d9967760 Exception <a 'sun/nio/fs/WindowsException'{0x00000000c818d5d0}> (0x00000000c818d5d0) 
thrown [s\src\hotspot\share\prims\jni.cpp, line 516]
Event: 2719.551 Thread 0x000002d7d9967760 Exception <a 'sun/nio/fs/WindowsException'{0x00000000c818d958}> (0x00000000c818d958) 
thrown [s\src\hotspot\share\prims\jni.cpp, line 516]
Event: 2719.551 Thread 0x000002d7d9967760 Exception <a 'sun/nio/fs/WindowsException'{0x00000000c818e660}> (0x00000000c818e660) 
thrown [s\src\hotspot\share\prims\jni.cpp, line 516]
Event: 2719.552 Thread 0x000002d7d9967760 Exception <a 'sun/nio/fs/WindowsException'{0x00000000c818ecd0}> (0x00000000c818ecd0) 
thrown [s\src\hotspot\share\prims\jni.cpp, line 516]
Event: 2719.552 Thread 0x000002d7d9967760 Exception <a 'sun/nio/fs/WindowsException'{0x00000000c818f018}> (0x00000000c818f018) 
thrown [s\src\hotspot\share\prims\jni.cpp, line 516]
Event: 2719.552 Thread 0x000002d7d9967760 Exception <a 'sun/nio/fs/WindowsException'{0x00000000c818ffd8}> (0x00000000c818ffd8) 
thrown [s\src\hotspot\share\prims\jni.cpp, line 516]
Event: 2719.563 Thread 0x000002d7d9967760 Exception <a 'sun/nio/fs/WindowsException'{0x00000000c8190360}> (0x00000000c8190360) 
thrown [s\src\hotspot\share\prims\jni.cpp, line 516]
Event: 2719.566 Thread 0x000002d7d9967760 Exception <a 'sun/nio/fs/WindowsException'{0x00000000c8191068}> (0x00000000c8191068) 
thrown [s\src\hotspot\share\prims\jni.cpp, line 516]
Event: 2719.568 Thread 0x000002d7d9967760 Exception <a 'sun/nio/fs/WindowsException'{0x00000000c81916d8}> (0x00000000c81916d8) 
thrown [s\src\hotspot\share\prims\jni.cpp, line 516]
Event: 2719.568 Thread 0x000002d7d9967760 Exception <a 'sun/nio/fs/WindowsException'{0x00000000c8191a20}> (0x00000000c8191a20) 
thrown [s\src\hotspot\share\prims\jni.cpp, line 516]
Event: 2719.568 Thread 0x000002d7d9967760 Exception <a 'sun/nio/fs/WindowsException'{0x00000000c81929e0}> (0x00000000c81929e0) 
thrown [s\src\hotspot\share\prims\jni.cpp, line 516]
Event: 2719.568 Thread 0x000002d7d9967760 Exception <a 'sun/nio/fs/WindowsException'{0x00000000c8192d68}> (0x00000000c8192d68) 
thrown [s\src\hotspot\share\prims\jni.cpp, line 516]

VM Operations (20 events):
Event: 2709.795 Executing VM operation: G1CollectFull done
Event: 2719.660 Executing VM operation: G1TryInitiateConcMark
Event: 2719.672 Executing VM operation: G1TryInitiateConcMark done
Event: 2719.695 Executing VM operation: G1PauseRemark
Event: 2719.702 Executing VM operation: G1PauseRemark done
Event: 2719.711 Executing VM operation: G1PauseCleanup
Event: 2719.711 Executing VM operation: G1PauseCleanup done
Event: 2720.717 Executing VM operation: Cleanup
Event: 2720.717 Executing VM operation: Cleanup done
Event: 2760.204 Executing VM operation: G1CollectFull
Event: 2761.386 Executing VM operation: G1CollectFull done
Event: 2771.628 Executing VM operation: G1CollectFull
Event: 2771.665 Executing VM operation: G1CollectFull done
Event: 2781.943 Executing VM operation: G1CollectFull
Event: 2781.975 Executing VM operation: G1CollectFull done
Event: 2792.195 Executing VM operation: G1CollectFull
Event: 2792.227 Executing VM operation: G1CollectFull done
Event: 2802.414 Executing VM operation: G1CollectFull
Event: 2802.443 Executing VM operation: G1CollectFull done
Event: 2812.868 Executing VM operation: G1CollectFull

Events (20 events):
Event: 893.698 Thread 0x000002d7dae555a0 Thread exited: 0x000002d7dae555a0
Event: 893.709 Thread 0x000002d7dae564d0 Thread exited: 0x000002d7dae564d0
Event: 1127.206 Thread 0x000002d7dae54670 Thread added: 0x000002d7dae54670
Event: 1187.435 Thread 0x000002d7dae54670 Thread exited: 0x000002d7dae54670
Event: 1342.349 Thread 0x000002d7dae518e0 Thread added: 0x000002d7dae518e0
Event: 1402.418 Thread 0x000002d7dae518e0 Thread exited: 0x000002d7dae518e0
Event: 1671.391 Thread 0x000002d7dae56ef0 Thread added: 0x000002d7dae56ef0
Event: 1731.464 Thread 0x000002d7dae56ef0 Thread exited: 0x000002d7dae56ef0
Event: 1987.208 Thread 0x000002d7dae54160 Thread added: 0x000002d7dae54160
Event: 2047.254 Thread 0x000002d7dae54160 Thread exited: 0x000002d7dae54160
Event: 2097.643 Thread 0x000002d7dae55090 Thread added: 0x000002d7dae55090
Event: 2157.654 Thread 0x000002d7dae55090 Thread exited: 0x000002d7dae55090
Event: 2225.020 Thread 0x000002d7dae564d0 Thread added: 0x000002d7dae564d0
Event: 2338.765 Thread 0x000002d7dae564d0 Thread exited: 0x000002d7dae564d0
Event: 2364.133 Thread 0x000002d7dae57e20 Thread added: 0x000002d7dae57e20
Event: 2424.159 Thread 0x000002d7dae57e20 Thread exited: 0x000002d7dae57e20
Event: 2468.966 Thread 0x000002d7dae52300 Thread added: 0x000002d7dae52300
Event: 2635.876 Thread 0x000002d7dae52300 Thread exited: 0x000002d7dae52300
Event: 2719.554 Thread 0x000002d7dae57400 Thread added: 0x000002d7dae57400
Event: 2779.621 Thread 0x000002d7dae57400 Thread exited: 0x000002d7dae57400


Dynamic libraries:
0x00007ff78b640000 - 0x00007ff78b64e000 	c:\Users\Thalia\.vscode\extensions\redhat.java-1.25.1-win32-x64\jre\17.0.9-win32-x86_64\bin\java.exe
0x00007ffd431f0000 - 0x00007ffd43407000 	C:\Windows\SYSTEM32\ntdll.dll
0x00007ffd425e0000 - 0x00007ffd426a4000 	C:\Windows\System32\KERNEL32.DLL
0x00007ffd40620000 - 0x00007ffd409c6000 	C:\Windows\System32\KERNELBASE.dll
0x00007ffd40b20000 - 0x00007ffd40c31000 	C:\Windows\System32\ucrtbase.dll
0x00007ffd16730000 - 0x00007ffd1674b000 	c:\Users\Thalia\.vscode\extensions\redhat.java-1.25.1-win32-x64\jre\17.0.9-win32-x86_64\bin\VCRUNTIME140.dll
0x00007ffd215b0000 - 0x00007ffd215c7000 	c:\Users\Thalia\.vscode\extensions\redhat.java-1.25.1-win32-x64\jre\17.0.9-win32-x86_64\bin\jli.dll
0x00007ffd42b20000 - 0x00007ffd42cce000 	C:\Windows\System32\USER32.dll
0x00007ffd40af0000 - 0x00007ffd40b16000 	C:\Windows\System32\win32u.dll
0x00007ffd42fc0000 - 0x00007ffd42fe9000 	C:\Windows\System32\GDI32.dll
0x00007ffd409d0000 - 0x00007ffd40ae8000 	C:\Windows\System32\gdi32full.dll
0x00007ffd40e30000 - 0x00007ffd40eca000 	C:\Windows\System32\msvcp_win.dll
0x00007ffd29bb0000 - 0x00007ffd29e43000 	C:\Windows\WinSxS\amd64_microsoft.windows.common-controls_6595b64144ccf1df_6.0.22621.2506_none_270c5ae97388e100\COMCTL32.dll
0x00007ffd41880000 - 0x00007ffd41927000 	C:\Windows\System32\msvcrt.dll
0x00007ffd429e0000 - 0x00007ffd42a11000 	C:\Windows\System32\IMM32.DLL
0x00007ffd331b0000 - 0x00007ffd331bc000 	c:\Users\Thalia\.vscode\extensions\redhat.java-1.25.1-win32-x64\jre\17.0.9-win32-x86_64\bin\vcruntime140_1.dll
0x00007ffcfa3f0000 - 0x00007ffcfa47d000 	c:\Users\Thalia\.vscode\extensions\redhat.java-1.25.1-win32-x64\jre\17.0.9-win32-x86_64\bin\msvcp140.dll
0x00007ffcc64d0000 - 0x00007ffcc7131000 	c:\Users\Thalia\.vscode\extensions\redhat.java-1.25.1-win32-x64\jre\17.0.9-win32-x86_64\bin\server\jvm.dll
0x00007ffd41e10000 - 0x00007ffd41ec1000 	C:\Windows\System32\ADVAPI32.dll
0x00007ffd40f40000 - 0x00007ffd40fe5000 	C:\Windows\System32\sechost.dll
0x00007ffd42d00000 - 0x00007ffd42e17000 	C:\Windows\System32\RPCRT4.dll
0x00007ffd3f710000 - 0x00007ffd3f75d000 	C:\Windows\SYSTEM32\POWRPROF.dll
0x00007ffd37f30000 - 0x00007ffd37f39000 	C:\Windows\SYSTEM32\WSOCK32.dll
0x00007ffd424b0000 - 0x00007ffd42521000 	C:\Windows\System32\WS2_32.dll
0x00007ffd37750000 - 0x00007ffd37784000 	C:\Windows\SYSTEM32\WINMM.dll
0x00007ffd37bb0000 - 0x00007ffd37bba000 	C:\Windows\SYSTEM32\VERSION.dll
0x00007ffd3f6f0000 - 0x00007ffd3f703000 	C:\Windows\SYSTEM32\UMPDC.dll
0x00007ffd3f590000 - 0x00007ffd3f5a8000 	C:\Windows\SYSTEM32\kernel.appcore.dll
0x00007ffd31af0000 - 0x00007ffd31afa000 	c:\Users\Thalia\.vscode\extensions\redhat.java-1.25.1-win32-x64\jre\17.0.9-win32-x86_64\bin\jimage.dll
0x00007ffd3e1d0000 - 0x00007ffd3e403000 	C:\Windows\SYSTEM32\DBGHELP.DLL
0x00007ffd41a80000 - 0x00007ffd41e09000 	C:\Windows\System32\combase.dll
0x00007ffd42720000 - 0x00007ffd427f7000 	C:\Windows\System32\OLEAUT32.dll
0x00007ffd2c840000 - 0x00007ffd2c872000 	C:\Windows\SYSTEM32\dbgcore.DLL
0x00007ffd40c40000 - 0x00007ffd40cba000 	C:\Windows\System32\bcryptPrimitives.dll
0x00007ffd14630000 - 0x00007ffd14655000 	c:\Users\Thalia\.vscode\extensions\redhat.java-1.25.1-win32-x64\jre\17.0.9-win32-x86_64\bin\java.dll
0x00007ffd16710000 - 0x00007ffd16728000 	c:\Users\Thalia\.vscode\extensions\redhat.java-1.25.1-win32-x64\jre\17.0.9-win32-x86_64\bin\zip.dll
0x00007ffd40ff0000 - 0x00007ffd4184a000 	C:\Windows\System32\SHELL32.dll
0x00007ffd3e430000 - 0x00007ffd3ed26000 	C:\Windows\SYSTEM32\windows.storage.dll
0x00007ffd3e090000 - 0x00007ffd3e1ce000 	C:\Windows\SYSTEM32\wintypes.dll
0x00007ffd42a20000 - 0x00007ffd42b13000 	C:\Windows\System32\SHCORE.dll
0x00007ffd423e0000 - 0x00007ffd4243e000 	C:\Windows\System32\shlwapi.dll
0x00007ffd40490000 - 0x00007ffd404b6000 	C:\Windows\SYSTEM32\profapi.dll
0x00007ffd16010000 - 0x00007ffd16029000 	C:\Users\Thalia\.vscode\extensions\redhat.java-1.25.1-win32-x64\jre\17.0.9-win32-x86_64\bin\net.dll
0x00007ffd3a310000 - 0x00007ffd3a447000 	C:\Windows\SYSTEM32\WINHTTP.dll
0x00007ffd3fa80000 - 0x00007ffd3fae9000 	C:\Windows\system32\mswsock.dll
0x00007ffd0ee40000 - 0x00007ffd0ee56000 	C:\Users\Thalia\.vscode\extensions\redhat.java-1.25.1-win32-x64\jre\17.0.9-win32-x86_64\bin\nio.dll
0x00007ffd3fd20000 - 0x00007ffd3fd3b000 	C:\Windows\SYSTEM32\CRYPTSP.dll
0x00007ffd3f480000 - 0x00007ffd3f4b5000 	C:\Windows\system32\rsaenh.dll
0x00007ffd3fb20000 - 0x00007ffd3fb4c000 	C:\Windows\SYSTEM32\USERENV.dll
0x00007ffd3ff10000 - 0x00007ffd3ff38000 	C:\Windows\SYSTEM32\bcrypt.dll
0x00007ffd3fc80000 - 0x00007ffd3fc8c000 	C:\Windows\SYSTEM32\CRYPTBASE.dll
0x00007ffd3f020000 - 0x00007ffd3f04d000 	C:\Windows\SYSTEM32\IPHLPAPI.DLL
0x00007ffd42880000 - 0x00007ffd42889000 	C:\Windows\System32\NSI.dll
0x00007ffd3a620000 - 0x00007ffd3a639000 	C:\Windows\SYSTEM32\dhcpcsvc6.DLL
0x00007ffd39fa0000 - 0x00007ffd39fbf000 	C:\Windows\SYSTEM32\dhcpcsvc.DLL
0x00007ffd3f050000 - 0x00007ffd3f149000 	C:\Windows\SYSTEM32\DNSAPI.dll
0x00007ffd2ceb0000 - 0x00007ffd2cec0000 	c:\Users\Thalia\.vscode\extensions\redhat.java-1.25.1-win32-x64\jre\17.0.9-win32-x86_64\bin\verify.dll
0x00007ffd34500000 - 0x00007ffd34509000 	C:\Users\Thalia\.vscode\extensions\redhat.java-1.25.1-win32-x64\jre\17.0.9-win32-x86_64\bin\management.dll
0x00007ffd34460000 - 0x00007ffd3446b000 	C:\Users\Thalia\.vscode\extensions\redhat.java-1.25.1-win32-x64\jre\17.0.9-win32-x86_64\bin\management_ext.dll
0x00007ffd41850000 - 0x00007ffd41858000 	C:\Windows\System32\PSAPI.DLL
0x00007ffd2c690000 - 0x00007ffd2c69e000 	C:\Users\Thalia\.vscode\extensions\redhat.java-1.25.1-win32-x64\jre\17.0.9-win32-x86_64\bin\sunmscapi.dll
0x00007ffd40cc0000 - 0x00007ffd40e26000 	C:\Windows\System32\CRYPT32.dll
0x00007ffd3fee0000 - 0x00007ffd3ff0d000 	C:\Windows\SYSTEM32\ncrypt.dll
0x00007ffd3fea0000 - 0x00007ffd3fed7000 	C:\Windows\SYSTEM32\NTASN1.dll
0x00007ffd37980000 - 0x00007ffd3798a000 	C:\Windows\System32\rasadhlp.dll
0x00007ffd37be0000 - 0x00007ffd37c63000 	C:\Windows\System32\fwpuclnt.dll

dbghelp: loaded successfully - version: 4.0.5 - missing functions: none
symbol engine: initialized successfully - sym options: 0x614 - pdb path: .;c:\Users\Thalia\.vscode\extensions\redhat.java-1.25.1-win32-x64\jre\17.0.9-win32-x86_64\bin;C:\Windows\SYSTEM32;C:\Windows\WinSxS\amd64_microsoft.windows.common-controls_6595b64144ccf1df_6.0.22621.2506_none_270c5ae97388e100;c:\Users\Thalia\.vscode\extensions\redhat.java-1.25.1-win32-x64\jre\17.0.9-win32-x86_64\bin\server

VM Arguments:
jvm_args: -XX:+HeapDumpOnOutOfMemoryError -Xmx1024m -Dsts.lsp.client=vscode -Dsts.log.file=/dev/null -XX:TieredStopAtLevel=1 -Xlog:jni+resolve=off -Dspring.config.location=file:c:\Users\Thalia\.vscode\extensions\vmware.vscode-spring-boot-1.51.0\language-server\BOOT-INF\classes\application.properties 
java_command: org.springframework.ide.vscode.boot.app.BootLanguageServerBootApp
java_class_path (initial): c:\Users\Thalia\.vscode\extensions\vmware.vscode-spring-boot-1.51.0\language-server\BOOT-INF\classes;c:\Users\Thalia\.vscode\extensions\vmware.vscode-spring-boot-1.51.0\language-server\BOOT-INF\lib\annotations-24.1.0.jar;c:\Users\Thalia\.vscode\extensions\vmware.vscode-spring-boot-1.51.0\language-server\BOOT-INF\lib\antlr-runtime-3.5.3.jar;c:\Users\Thalia\.vscode\extensions\vmware.vscode-spring-boot-1.51.0\language-server\BOOT-INF\lib\antlr4-4.11.1.jar;c:\Users\Thalia\.vscode\extensions\vmware.vscode-spring-boot-1.51.0\language-server\BOOT-INF\lib\antlr4-runtime-4.11.1.jar;c:\Users\Thalia\.vscode\extensions\vmware.vscode-spring-boot-1.51.0\language-server\BOOT-INF\lib\asm-9.6.jar;c:\Users\Thalia\.vscode\extensions\vmware.vscode-spring-boot-1.51.0\language-server\BOOT-INF\lib\asm-analysis-9.6.jar;c:\Users\Thalia\.vscode\extensions\vmware.vscode-spring-boot-1.51.0\language-server\BOOT-INF\lib\asm-tree-9.6.jar;c:\Users\Thalia\.vscode\extensions\vmware.vscode-spring-boot-1.51.0\language-server\BOOT-INF\lib\asm-util-9.6.jar;c:\Users\Thalia\.vscode\extensions\vmware.vscode-spring-boot-1.51.0\language-server\BOOT-INF\lib\bosh-language-server-1.51.0-SNAPSHOT.jar;c:\Users\Thalia\.vscode\extensions\vmware.vscode-spring-boot-1.51.0\language-server\BOOT-INF\lib\caffeine-3.1.8.jar;c:\Users\Thalia\.vscode\extensions\vmware.vscode-spring-boot-1.51.0\language-server\BOOT-INF\lib\checker-qual-3.12.0.jar;c:\Users\Thalia\.vscode\extensions\vmware.vscode-spring-boot-1.51.0\language-server\BOOT-INF\lib\classgraph-4.8.149.jar;c:\Users\Thalia\.vscode\extensions\vmware.vscode-spring-boot-1.51.0\language-server\BOOT-INF\lib\commons-codec-1.15.jar;c:\Users\Thalia\.vscode\extensions\vmware.vscode-spring-boot-1.51.0\language-server\BOOT-INF\lib\commons-compress-1.25.0.jar;c:\Users\Thalia\.vscode\extensions\vmware.vscode-spring-boot-1.51.0\language-server\BOOT-INF\lib\commons-io-2.4.jar;c:\Users\Thalia\.vscode\extensions\vmware.vscode-spring-boot-1.51.0\language-ser
Launcher Type: SUN_STANDARD

[Global flags]
     intx CICompilerCount                          = 3                                         {product} {ergonomic}
     uint ConcGCThreads                            = 2                                         {product} {ergonomic}
     uint G1ConcRefinementThreads                  = 6                                         {product} {ergonomic}
   size_t G1HeapRegionSize                         = 1048576                                   {product} {ergonomic}
    uintx GCDrainStackTargetSize                   = 64                                        {product} {ergonomic}
     bool HeapDumpOnOutOfMemoryError               = true                                   {manageable} {command line}
   size_t InitialHeapSize                          = 125829120                                 {product} {ergonomic}
   size_t MarkStackSize                            = 4194304                                   {product} {ergonomic}
   size_t MaxHeapSize                              = 1073741824                                {product} {command line}
   size_t MaxNewSize                               = 643825664                                 {product} {ergonomic}
   size_t MinHeapDeltaBytes                        = 1048576                                   {product} {ergonomic}
   size_t MinHeapSize                              = 8388608                                   {product} {ergonomic}
    uintx NonProfiledCodeHeapSize                  = 0                                      {pd product} {ergonomic}
     bool ProfileInterpreter                       = false                                  {pd product} {command line}
    uintx ProfiledCodeHeapSize                     = 0                                      {pd product} {ergonomic}
   size_t SoftMaxHeapSize                          = 1073741824                             {manageable} {ergonomic}
     intx TieredStopAtLevel                        = 1                                         {product} {command line}
     bool UseCompressedClassPointers               = true                           {product lp64_product} {ergonomic}
     bool UseCompressedOops                        = true                           {product lp64_product} {ergonomic}
     bool UseG1GC                                  = true                                      {product} {ergonomic}
     bool UseLargePagesIndividualAllocation        = false                                  {pd product} {ergonomic}

Logging:
Log output configuration:
 #0: stdout all=warning,jni+resolve=off uptime,level,tags
 #1: stderr all=off uptime,level,tags

Environment Variables:
JAVA_HOME=C:\Program Files\Java\jdk-17
PATH=C:\Program Files\Java\jdk-17\bin;C:\Program Files\Common Files\Oracle\Java\javapath;C:\Program Files (x86)\Common Files\Oracle\Java\javapath;C:\Windows\system32;C:\Windows;C:\Windows\System32\Wbem;C:\Windows\System32\WindowsPowerShell\v1.0\;C:\Windows\System32\OpenSSH\;C:\Program Files\Git\cmd;C:\Program Files\PuTTY\;;C:\Program Files\Docker\Docker\resources\bin;C:\Users\Thalia\AppData\Local\Programs\Python\Python311\Scripts\;C:\Users\Thalia\AppData\Local\Programs\Python\Python311\;C:\Users\Thalia\AppData\Local\Microsoft\WindowsApps;C:\Users\Thalia\AppData\Local\Programs\Microsoft VS Code\bin;C:\flutter_windows_3.3.9-stable\flutter\bin;C:\Users\Thalia\AppData\Local\Microsoft\WindowsApps\python.exe;
USERNAME=Thalia
OS=Windows_NT
PROCESSOR_IDENTIFIER=AMD64 Family 23 Model 96 Stepping 1, AuthenticAMD
TMP=C:\Users\Thalia\AppData\Local\Temp
TEMP=C:\Users\Thalia\AppData\Local\Temp



Periodic native trim disabled


---------------  S Y S T E M  ---------------

OS:
 Windows 11 , 64 bit Build 22621 (10.0.22621.2506)
OS uptime: 3 days 0:09 hours
Hyper-V role detected

CPU: total 6 (initial active 6) (6 cores per cpu, 1 threads per core) family 23 model 96 stepping 1 microcode 0x0, cx8, cmov, fxsr, mmx, 3dnowpref, sse, sse2, sse3, ssse3, sse4a, sse4.1, sse4.2, popcnt, lzcnt, tsc, tscinvbit, avx, avx2, aes, clmul, bmi1, bmi2, adx, sha, fma, vzeroupper, clflush, clflushopt, hv
Processor Information for all 6 processors :
  Max Mhz: 2375, Current Mhz: 2375, Mhz Limit: 2375

Memory: 4k page, system-wide physical 7600M (213M free)
TotalPageFile size 31152M (AvailPageFile size 10M)
current process WorkingSet (physical memory assigned to process): 73M, peak: 295M
current process commit charge ("private bytes"): 300M, peak: 344M

vm_info: OpenJDK 64-Bit Server VM (17.0.9+9) for windows-amd64 JRE (17.0.9+9), built on Oct 26 2023 14:01:42 by "admin" with MS VC++ 16.10 / 16.11 (VS2019)

END.
