#
# There is insufficient memory for the Java Runtime Environment to continue.
# Native memory allocation (malloc) failed to allocate 2097152 bytes for AllocateHeap
# Possible reasons:
#   The system is out of physical RAM or swap space
#   The process is running with CompressedOops enabled, and the Java Heap may be blocking the growth of the native heap
# Possible solutions:
#   Reduce memory load on the system
#   Increase physical memory or swap space
#   Check if swap backing store is full
#   Decrease Java heap size (-Xmx/-Xms)
#   Decrease number of Java threads
#   Decrease Java thread stack sizes (-Xss)
#   Set larger code cache with -XX:ReservedCodeCacheSize=
#   JVM is running with Unscaled Compressed Oops mode in which the Java heap is
#     placed in the first 4GB address space. The Java Heap base address is the
#     maximum limit for the native heap growth. Please use -XX:HeapBaseMinAddress
#     to set the Java Heap base and to place the Java Heap above 4GB virtual address.
# This output file may be truncated or incomplete.
#
#  Out of Memory Error (allocation.cpp:44), pid=10620, tid=7892
#
# JRE version: OpenJDK Runtime Environment Temurin-17.0.9+9 (17.0.9+9) (build 17.0.9+9)
# Java VM: OpenJDK 64-Bit Server VM Temurin-17.0.9+9 (17.0.9+9, mixed mode, emulated-client, tiered, compressed oops, compressed class ptrs, g1 gc, windows-amd64)
# No core dump will be written. Minidumps are not enabled by default on client versions of Windows
#

---------------  S U M M A R Y ------------

Command Line: -XX:+HeapDumpOnOutOfMemoryError -Xmx1024m -Dsts.lsp.client=vscode -Dsts.log.file=/dev/null -XX:TieredStopAtLevel=1 -Xlog:jni+resolve=off -Dspring.config.location=file:c:\Users\Thalia\.vscode\extensions\vmware.vscode-spring-boot-1.51.0\language-server\BOOT-INF\classes\application.properties org.springframework.ide.vscode.boot.app.BootLanguageServerBootApp

Host: AMD Ryzen 5 4500U with Radeon Graphics         , 6 cores, 7G,  Windows 11 , 64 bit Build 22621 (10.0.22621.2506)
Time: Sun Dec 10 14:56:09 2023 SE Asia Standard Time elapsed time: 75379.264429 seconds (0d 20h 56m 19s)

---------------  T H R E A D  ---------------

Current thread (0x000001fec28f5b50):  VMThread "VM Thread" [stack: 0x000000eb18f00000,0x000000eb19000000] [id=7892]

Stack: [0x000000eb18f00000,0x000000eb19000000]
Native frames: (J=compiled Java code, j=interpreted, Vv=VM code, C=native code)
V  [jvm.dll+0x67cf49]
V  [jvm.dll+0x83478a]
V  [jvm.dll+0x83624e]
V  [jvm.dll+0x8368b3]
V  [jvm.dll+0x247f1f]
V  [jvm.dll+0xa6b4b]
V  [jvm.dll+0x2f8f01]
V  [jvm.dll+0x2f4af0]
V  [jvm.dll+0x2dd0d7]
V  [jvm.dll+0x320357]
V  [jvm.dll+0x83adab]
V  [jvm.dll+0x83baf1]
V  [jvm.dll+0x83c00d]
V  [jvm.dll+0x83c3e4]
V  [jvm.dll+0x83c4b0]
V  [jvm.dll+0x7e3c3a]
V  [jvm.dll+0x67be35]
C  [ucrtbase.dll+0x29363]
C  [KERNEL32.DLL+0x1257d]
C  [ntdll.dll+0x5aa58]

VM_Operation (0x000000eb1a4feba0): G1CollectFull, mode: safepoint, requested by thread 0x000001fec819e730


---------------  P R O C E S S  ---------------

Threads class SMR info:
_java_thread_list=0x000001fec83c8db0, length=24, elements={
0x000001fec290c380, 0x000001fec290d8b0, 0x000001fec293c800, 0x000001fec293f1e0,
0x000001fec2a72010, 0x000001fec2a73080, 0x000001fec2a73950, 0x000001fec2955bb0,
0x000001fec2c5de50, 0x000001fec2c66600, 0x000001fec819d2f0, 0x000001fec819e730,
0x000001fec819cde0, 0x000001fec819d800, 0x000001fec819dd10, 0x000001fec819e220,
0x000001fec837e9f0, 0x000001fec837b750, 0x000001fec837f920, 0x000001fec837fe30,
0x000001fec837e4e0, 0x000001fec837d5b0, 0x000001fec837dfd0, 0x000001fec837b240
}

Java Threads: ( => current thread )
  0x000001fec290c380 JavaThread "Reference Handler" daemon [_thread_blocked, id=28796, stack(0x000000eb19000000,0x000000eb19100000)]
  0x000001fec290d8b0 JavaThread "Finalizer" daemon [_thread_blocked, id=32032, stack(0x000000eb19100000,0x000000eb19200000)]
  0x000001fec293c800 JavaThread "Signal Dispatcher" daemon [_thread_blocked, id=20824, stack(0x000000eb19200000,0x000000eb19300000)]
  0x000001fec293f1e0 JavaThread "Attach Listener" daemon [_thread_blocked, id=29256, stack(0x000000eb19300000,0x000000eb19400000)]
  0x000001fec2a72010 JavaThread "Service Thread" daemon [_thread_blocked, id=3760, stack(0x000000eb19400000,0x000000eb19500000)]
  0x000001fec2a73080 JavaThread "Monitor Deflation Thread" daemon [_thread_blocked, id=31852, stack(0x000000eb19500000,0x000000eb19600000)]
  0x000001fec2a73950 JavaThread "C1 CompilerThread0" daemon [_thread_blocked, id=7828, stack(0x000000eb19600000,0x000000eb19700000)]
  0x000001fec2955bb0 JavaThread "Sweeper thread" daemon [_thread_blocked, id=15172, stack(0x000000eb19700000,0x000000eb19800000)]
  0x000001fec2c5de50 JavaThread "Notification Thread" daemon [_thread_blocked, id=15432, stack(0x000000eb19800000,0x000000eb19900000)]
  0x000001fec2c66600 JavaThread "Common-Cleaner" daemon [_thread_blocked, id=32604, stack(0x000000eb19a00000,0x000000eb19b00000)]
  0x000001fec819d2f0 JavaThread "boundedElastic-evictor-1" daemon [_thread_blocked, id=16360, stack(0x000000eb1a200000,0x000000eb1a300000)]
  0x000001fec819e730 JavaThread "pool-12-thread-1" [_thread_blocked, id=24624, stack(0x000000eb1a400000,0x000000eb1a500000)]
  0x000001fec819cde0 JavaThread "LanguageServerApp-lifecycle" [_thread_blocked, id=26444, stack(0x000000eb1a500000,0x000000eb1a600000)]
  0x000001fec819d800 JavaThread "DestroyJavaVM" [_thread_blocked, id=13552, stack(0x000000eb18900000,0x000000eb18a00000)]
  0x000001fec819dd10 JavaThread "pool-13-thread-1" [_thread_in_native, id=26868, stack(0x000000eb1a600000,0x000000eb1a700000)]
  0x000001fec819e220 JavaThread "Simple-Language-Server main thread" daemon [_thread_blocked, id=12608, stack(0x000000eb1a700000,0x000000eb1a800000)]
  0x000001fec837e9f0 JavaThread "pool-8-thread-1" [_thread_blocked, id=18248, stack(0x000000eb1a800000,0x000000eb1a900000)]
  0x000001fec837b750 JavaThread "parallel-1" daemon [_thread_blocked, id=14044, stack(0x000000eb1a900000,0x000000eb1aa00000)]
  0x000001fec837f920 JavaThread "parallel-2" daemon [_thread_blocked, id=28392, stack(0x000000eb1aa00000,0x000000eb1ab00000)]
  0x000001fec837fe30 JavaThread "parallel-3" daemon [_thread_blocked, id=8076, stack(0x000000eb1ab00000,0x000000eb1ac00000)]
  0x000001fec837e4e0 JavaThread "parallel-4" daemon [_thread_blocked, id=24224, stack(0x000000eb1ac00000,0x000000eb1ad00000)]
  0x000001fec837d5b0 JavaThread "Reconciler-1" daemon [_thread_blocked, id=29120, stack(0x000000eb1af00000,0x000000eb1b000000)]
  0x000001fec837dfd0 JavaThread "parallel-5" daemon [_thread_blocked, id=25804, stack(0x000000eb18700000,0x000000eb18800000)]
  0x000001fec837b240 JavaThread "parallel-6" daemon [_thread_blocked, id=3436, stack(0x000000eb18600000,0x000000eb18700000)]

Other Threads:
=>0x000001fec28f5b50 VMThread "VM Thread" [stack: 0x000000eb18f00000,0x000000eb19000000] [id=7892]
  0x000001fec2c5e330 WatcherThread [stack: 0x000000eb19900000,0x000000eb19a00000] [id=9368]
  0x000001feb7fbe800 GCTaskThread "GC Thread#0" [stack: 0x000000eb18a00000,0x000000eb18b00000] [id=26128]
  0x000001fec77368b0 GCTaskThread "GC Thread#1" [stack: 0x000000eb19b00000,0x000000eb19c00000] [id=28224]
  0x000001fec77fea70 GCTaskThread "GC Thread#2" [stack: 0x000000eb19c00000,0x000000eb19d00000] [id=10464]
  0x000001fec789c090 GCTaskThread "GC Thread#3" [stack: 0x000000eb19d00000,0x000000eb19e00000] [id=21728]
  0x000001fec7a1d3a0 GCTaskThread "GC Thread#4" [stack: 0x000000eb1a000000,0x000000eb1a100000] [id=9904]
  0x000001fec7a1d660 GCTaskThread "GC Thread#5" [stack: 0x000000eb1a100000,0x000000eb1a200000] [id=25024]
  0x000001feb7fc7660 ConcurrentGCThread "G1 Main Marker" [stack: 0x000000eb18b00000,0x000000eb18c00000] [id=25404]
  0x000001feb7fc7f90 ConcurrentGCThread "G1 Conc#0" [stack: 0x000000eb18c00000,0x000000eb18d00000] [id=3700]
  0x000001fec7b8eae0 ConcurrentGCThread "G1 Conc#1" [stack: 0x000000eb1a300000,0x000000eb1a400000] [id=24700]
  0x000001feb8025100 ConcurrentGCThread "G1 Refine#0" [stack: 0x000000eb18d00000,0x000000eb18e00000] [id=30424]
  0x000001feb8025a40 ConcurrentGCThread "G1 Service" [stack: 0x000000eb18e00000,0x000000eb18f00000] [id=18400]

Threads with active compile tasks:

VM state: at safepoint (normal execution)

VM Mutex/Monitor currently owned by a thread:  ([mutex/lock_event])
[0x000001feb5d4c820] Threads_lock - owner thread: 0x000001fec28f5b50
[0x000001feb7f7e3b0] Heap_lock - owner thread: 0x000001fec819e730

Heap address: 0x00000000c0000000, size: 1024 MB, Compressed Oops mode: 32-bit

CDS archive(s) not mapped
Compressed class space mapped at: 0x0000000100000000-0x0000000140000000, reserved size: 1073741824
Narrow klass base: 0x0000000000000000, Narrow klass shift: 3, Narrow klass range: 0x140000000

GC Precious Log:
 CPUs: 6 total, 6 available
 Memory: 7600M
 Large Page Support: Disabled
 NUMA Support: Disabled
 Compressed Oops: Enabled (32-bit)
 Heap Region Size: 1M
 Heap Min Capacity: 8M
 Heap Initial Capacity: 120M
 Heap Max Capacity: 1G
 Pre-touch: Disabled
 Parallel Workers: 6
 Concurrent Workers: 2
 Concurrent Refinement Workers: 6
 Periodic GC: Disabled

Heap:
 garbage-first heap   total 68608K, used 22383K [0x00000000c0000000, 0x0000000100000000)
  region size 1024K, 1 young (1024K), 0 survivors (0K)
 Metaspace       used 39257K, committed 39744K, reserved 1114112K
  class space    used 5186K, committed 5376K, reserved 1048576K

Heap Regions: E=young(eden), S=young(survivor), O=old, HS=humongous(starts), HC=humongous(continues), CS=collection set, F=free, OA=open archive, CA=closed archive, TAMS=top-at-mark-start (previous, next)
|   0|0x00000000c0000000, 0x00000000c0100000, 0x00000000c0100000|100%|HS|  |TAMS 0x00000000c0100000, 0x00000000c0000000| Untracked 
|   1|0x00000000c0100000, 0x00000000c0200000, 0x00000000c0200000|100%|HC|  |TAMS 0x00000000c0200000, 0x00000000c0100000| Untracked 
|   2|0x00000000c0200000, 0x00000000c0300000, 0x00000000c0300000|100%|HC|  |TAMS 0x00000000c0300000, 0x00000000c0200000| Untracked 
|   3|0x00000000c0300000, 0x00000000c0400000, 0x00000000c0400000|100%|HC|  |TAMS 0x00000000c0400000, 0x00000000c0300000| Untracked 
|   4|0x00000000c0400000, 0x00000000c0500000, 0x00000000c0500000|100%| O|  |TAMS 0x00000000c0500000, 0x00000000c0400000| Untracked 
|   5|0x00000000c0500000, 0x00000000c05ffcd0, 0x00000000c0600000| 99%| O|  |TAMS 0x00000000c05ffcd0, 0x00000000c0500000| Untracked 
|   6|0x00000000c0600000, 0x00000000c0700000, 0x00000000c0700000|100%| O|  |TAMS 0x00000000c0700000, 0x00000000c0600000| Untracked 
|   7|0x00000000c0700000, 0x00000000c07ffff0, 0x00000000c0800000| 99%| O|  |TAMS 0x00000000c07ffff0, 0x00000000c0700000| Untracked 
|   8|0x00000000c0800000, 0x00000000c0900000, 0x00000000c0900000|100%| O|  |TAMS 0x00000000c0900000, 0x00000000c0800000| Untracked 
|   9|0x00000000c0900000, 0x00000000c09feab0, 0x00000000c0a00000| 99%| O|  |TAMS 0x00000000c09feab0, 0x00000000c0900000| Untracked 
|  10|0x00000000c0a00000, 0x00000000c0afe548, 0x00000000c0b00000| 99%| O|  |TAMS 0x00000000c0afe548, 0x00000000c0a00000| Untracked 
|  11|0x00000000c0b00000, 0x00000000c0c00000, 0x00000000c0c00000|100%| O|  |TAMS 0x00000000c0c00000, 0x00000000c0b00000| Untracked 
|  12|0x00000000c0c00000, 0x00000000c0d00000, 0x00000000c0d00000|100%| O|  |TAMS 0x00000000c0d00000, 0x00000000c0c00000| Untracked 
|  13|0x00000000c0d00000, 0x00000000c0dfffe0, 0x00000000c0e00000| 99%| O|  |TAMS 0x00000000c0dfffe0, 0x00000000c0d00000| Untracked 
|  14|0x00000000c0e00000, 0x00000000c0effff8, 0x00000000c0f00000| 99%| O|  |TAMS 0x00000000c0effff8, 0x00000000c0e00000| Untracked 
|  15|0x00000000c0f00000, 0x00000000c0ffffe0, 0x00000000c1000000| 99%| O|  |TAMS 0x00000000c0ffffe0, 0x00000000c0f00000| Untracked 
|  16|0x00000000c1000000, 0x00000000c10ffff0, 0x00000000c1100000| 99%| O|  |TAMS 0x00000000c10ffff0, 0x00000000c1000000| Untracked 
|  17|0x00000000c1100000, 0x00000000c11fffe8, 0x00000000c1200000| 99%| O|  |TAMS 0x00000000c11fffe8, 0x00000000c1100000| Untracked 
|  18|0x00000000c1200000, 0x00000000c12ffff8, 0x00000000c1300000| 99%| O|  |TAMS 0x00000000c12ffff8, 0x00000000c1200000| Untracked 
|  19|0x00000000c1300000, 0x00000000c13ffff8, 0x00000000c1400000| 99%| O|  |TAMS 0x00000000c13ffff8, 0x00000000c1300000| Untracked 
|  20|0x00000000c1400000, 0x00000000c14df080, 0x00000000c1500000| 87%| O|  |TAMS 0x00000000c1400000, 0x00000000c1400000| Untracked 
|  21|0x00000000c1500000, 0x00000000c15fffd8, 0x00000000c1600000| 99%| O|  |TAMS 0x00000000c15fffd8, 0x00000000c1500000| Untracked 
|  22|0x00000000c1600000, 0x00000000c1600000, 0x00000000c1700000|  0%| F|  |TAMS 0x00000000c1600000, 0x00000000c1600000| Untracked 
|  23|0x00000000c1700000, 0x00000000c1700000, 0x00000000c1800000|  0%| F|  |TAMS 0x00000000c1700000, 0x00000000c1700000| Untracked 
|  24|0x00000000c1800000, 0x00000000c1800000, 0x00000000c1900000|  0%| F|  |TAMS 0x00000000c1800000, 0x00000000c1800000| Untracked 
|  25|0x00000000c1900000, 0x00000000c1900000, 0x00000000c1a00000|  0%| F|  |TAMS 0x00000000c1900000, 0x00000000c1900000| Untracked 
|  26|0x00000000c1a00000, 0x00000000c1a00000, 0x00000000c1b00000|  0%| F|  |TAMS 0x00000000c1a00000, 0x00000000c1a00000| Untracked 
|  27|0x00000000c1b00000, 0x00000000c1b00000, 0x00000000c1c00000|  0%| F|  |TAMS 0x00000000c1b00000, 0x00000000c1b00000| Untracked 
|  28|0x00000000c1c00000, 0x00000000c1c00000, 0x00000000c1d00000|  0%| F|  |TAMS 0x00000000c1c00000, 0x00000000c1c00000| Untracked 
|  29|0x00000000c1d00000, 0x00000000c1d00000, 0x00000000c1e00000|  0%| F|  |TAMS 0x00000000c1d00000, 0x00000000c1d00000| Untracked 
|  30|0x00000000c1e00000, 0x00000000c1e00000, 0x00000000c1f00000|  0%| F|  |TAMS 0x00000000c1e00000, 0x00000000c1e00000| Untracked 
|  31|0x00000000c1f00000, 0x00000000c1f00000, 0x00000000c2000000|  0%| F|  |TAMS 0x00000000c1f00000, 0x00000000c1f00000| Untracked 
|  32|0x00000000c2000000, 0x00000000c2000000, 0x00000000c2100000|  0%| F|  |TAMS 0x00000000c2000000, 0x00000000c2000000| Untracked 
|  33|0x00000000c2100000, 0x00000000c2100000, 0x00000000c2200000|  0%| F|  |TAMS 0x00000000c2100000, 0x00000000c2100000| Untracked 
|  34|0x00000000c2200000, 0x00000000c2200000, 0x00000000c2300000|  0%| F|  |TAMS 0x00000000c2200000, 0x00000000c2200000| Untracked 
|  35|0x00000000c2300000, 0x00000000c2300000, 0x00000000c2400000|  0%| F|  |TAMS 0x00000000c2300000, 0x00000000c2300000| Untracked 
|  36|0x00000000c2400000, 0x00000000c2400000, 0x00000000c2500000|  0%| F|  |TAMS 0x00000000c2400000, 0x00000000c2400000| Untracked 
|  37|0x00000000c2500000, 0x00000000c2500000, 0x00000000c2600000|  0%| F|  |TAMS 0x00000000c2500000, 0x00000000c2500000| Untracked 
|  38|0x00000000c2600000, 0x00000000c2600000, 0x00000000c2700000|  0%| F|  |TAMS 0x00000000c2600000, 0x00000000c2600000| Untracked 
|  39|0x00000000c2700000, 0x00000000c2700000, 0x00000000c2800000|  0%| F|  |TAMS 0x00000000c2700000, 0x00000000c2700000| Untracked 
|  40|0x00000000c2800000, 0x00000000c2800000, 0x00000000c2900000|  0%| F|  |TAMS 0x00000000c2800000, 0x00000000c2800000| Untracked 
|  41|0x00000000c2900000, 0x00000000c2900000, 0x00000000c2a00000|  0%| F|  |TAMS 0x00000000c2900000, 0x00000000c2900000| Untracked 
|  42|0x00000000c2a00000, 0x00000000c2a00000, 0x00000000c2b00000|  0%| F|  |TAMS 0x00000000c2a00000, 0x00000000c2a00000| Untracked 
|  43|0x00000000c2b00000, 0x00000000c2b00000, 0x00000000c2c00000|  0%| F|  |TAMS 0x00000000c2b00000, 0x00000000c2b00000| Untracked 
|  44|0x00000000c2c00000, 0x00000000c2c00000, 0x00000000c2d00000|  0%| F|  |TAMS 0x00000000c2c00000, 0x00000000c2c00000| Untracked 
|  45|0x00000000c2d00000, 0x00000000c2d00000, 0x00000000c2e00000|  0%| F|  |TAMS 0x00000000c2d00000, 0x00000000c2d00000| Untracked 
|  46|0x00000000c2e00000, 0x00000000c2e00000, 0x00000000c2f00000|  0%| F|  |TAMS 0x00000000c2e00000, 0x00000000c2e00000| Untracked 
|  47|0x00000000c2f00000, 0x00000000c2f00000, 0x00000000c3000000|  0%| F|  |TAMS 0x00000000c2f00000, 0x00000000c2f00000| Untracked 
|  48|0x00000000c3000000, 0x00000000c3000000, 0x00000000c3100000|  0%| F|  |TAMS 0x00000000c3000000, 0x00000000c3000000| Untracked 
|  49|0x00000000c3100000, 0x00000000c3100000, 0x00000000c3200000|  0%| F|  |TAMS 0x00000000c3100000, 0x00000000c3100000| Untracked 
|  50|0x00000000c3200000, 0x00000000c3200000, 0x00000000c3300000|  0%| F|  |TAMS 0x00000000c3200000, 0x00000000c3200000| Untracked 
|  51|0x00000000c3300000, 0x00000000c3300000, 0x00000000c3400000|  0%| F|  |TAMS 0x00000000c3300000, 0x00000000c3300000| Untracked 
|  52|0x00000000c3400000, 0x00000000c3400000, 0x00000000c3500000|  0%| F|  |TAMS 0x00000000c3400000, 0x00000000c3400000| Untracked 
|  53|0x00000000c3500000, 0x00000000c3500000, 0x00000000c3600000|  0%| F|  |TAMS 0x00000000c3500000, 0x00000000c3500000| Untracked 
|  54|0x00000000c3600000, 0x00000000c3600000, 0x00000000c3700000|  0%| F|  |TAMS 0x00000000c3600000, 0x00000000c3600000| Untracked 
|  55|0x00000000c3700000, 0x00000000c3700000, 0x00000000c3800000|  0%| F|  |TAMS 0x00000000c3700000, 0x00000000c3700000| Untracked 
|  56|0x00000000c3800000, 0x00000000c3800000, 0x00000000c3900000|  0%| F|  |TAMS 0x00000000c3800000, 0x00000000c3800000| Untracked 
|  57|0x00000000c3900000, 0x00000000c3900000, 0x00000000c3a00000|  0%| F|  |TAMS 0x00000000c3900000, 0x00000000c3900000| Untracked 
|  58|0x00000000c3a00000, 0x00000000c3a00000, 0x00000000c3b00000|  0%| F|  |TAMS 0x00000000c3a00000, 0x00000000c3a00000| Untracked 
|  59|0x00000000c3b00000, 0x00000000c3b00000, 0x00000000c3c00000|  0%| F|  |TAMS 0x00000000c3b00000, 0x00000000c3b00000| Untracked 
|  60|0x00000000c3c00000, 0x00000000c3c00000, 0x00000000c3d00000|  0%| F|  |TAMS 0x00000000c3c00000, 0x00000000c3c00000| Untracked 
|  78|0x00000000c4e00000, 0x00000000c4e00000, 0x00000000c4f00000|  0%| F|  |TAMS 0x00000000c4e00000, 0x00000000c4e00000| Untracked 
|  79|0x00000000c4f00000, 0x00000000c4f00000, 0x00000000c5000000|  0%| F|  |TAMS 0x00000000c4f00000, 0x00000000c4f00000| Untracked 
|  80|0x00000000c5000000, 0x00000000c5000000, 0x00000000c5100000|  0%| F|  |TAMS 0x00000000c5000000, 0x00000000c5000000| Untracked 
|  81|0x00000000c5100000, 0x00000000c5100000, 0x00000000c5200000|  0%| F|  |TAMS 0x00000000c5100000, 0x00000000c5100000| Untracked 
|  82|0x00000000c5200000, 0x00000000c5200000, 0x00000000c5300000|  0%| F|  |TAMS 0x00000000c5200000, 0x00000000c5200000| Untracked 
| 119|0x00000000c7700000, 0x00000000c77168a0, 0x00000000c7800000|  8%| E|  |TAMS 0x00000000c7700000, 0x00000000c7700000| Complete 

Card table byte_map: [0x000001febde10000,0x000001febe010000] _byte_map_base: 0x000001febd810000

Marking Bits (Prev, Next): (CMBitMap*) 0x000001feb7fbed30, (CMBitMap*) 0x000001feb7fbed70
 Prev Bits: [0x000001febe210000, 0x000001febf210000)
 Next Bits: [0x000001febf210000, 0x000001fec0210000)

Polling page: 0x000001feb5ee0000

Metaspace:

Usage:
  Non-class:     33.27 MB used.
      Class:      5.07 MB used.
       Both:     38.34 MB used.

Virtual space:
  Non-class space:       64.00 MB reserved,      33.56 MB ( 52%) committed,  1 nodes.
      Class space:        1.00 GB reserved,       5.25 MB ( <1%) committed,  1 nodes.
             Both:        1.06 GB reserved,      38.81 MB (  4%) committed. 

Chunk freelists:
   Non-Class:  13.90 MB
       Class:  10.84 MB
        Both:  24.74 MB

MaxMetaspaceSize: unlimited
CompressedClassSpaceSize: 1.00 GB
Initial GC threshold: 21.00 MB
Current GC threshold: 64.69 MB
CDS: off
MetaspaceReclaimPolicy: balanced
 - commit_granule_bytes: 65536.
 - commit_granule_words: 8192.
 - virtual_space_node_default_size: 8388608.
 - enlarge_chunks_in_place: 1.
 - new_chunks_are_fully_committed: 0.
 - uncommit_free_chunks: 1.
 - use_allocation_guard: 0.
 - handle_deallocations: 1.


Internal statistics:

num_allocs_failed_limit: 8.
num_arena_births: 518.
num_arena_deaths: 158.
num_vsnodes_births: 2.
num_vsnodes_deaths: 0.
num_space_committed: 621.
num_space_uncommitted: 0.
num_chunks_returned_to_freelist: 179.
num_chunks_taken_from_freelist: 1692.
num_chunk_merges: 53.
num_chunk_splits: 1165.
num_chunks_enlarged: 886.
num_inconsistent_stats: 0.

CodeCache: size=49152Kb used=8375Kb max_used=9498Kb free=40776Kb
 bounds [0x000001febac10000, 0x000001febb5e0000, 0x000001febdc10000]
 total_blobs=5116 nmethods=4571 adapters=471
 compilation: enabled
              stopped_count=0, restarted_count=0
 full_count=0

Compilation events (20 events):
Event: 61215.259 Thread 0x000001fec2a73950 4639       1       com.google.gson.stream.JsonReader::endArray (90 bytes)
Event: 61215.260 Thread 0x000001fec2a73950 nmethod 4639 0x000001febb46dc90 code [0x000001febb46dec0, 0x000001febb46e378]
Event: 61215.260 Thread 0x000001fec2a73950 4640       1       org.eclipse.lsp4j.jsonrpc.json.adapters.MessageTypeAdapter::parseParams (235 bytes)
Event: 61215.285 Thread 0x000001fec2a73950 nmethod 4640 0x000001febb46c790 code [0x000001febb46ca20, 0x000001febb46d498]
Event: 61215.286 Thread 0x000001fec2a73950 4641       1       org.eclipse.lsp4j.jsonrpc.json.adapters.MessageTypeAdapter::parseResult (115 bytes)
Event: 61215.296 Thread 0x000001fec2a73950 nmethod 4641 0x000001febb46bc10 code [0x000001febb46be40, 0x000001febb46c3b8]
Event: 63414.936 Thread 0x000001fec2a73950 4644       1       reactor.core.publisher.MonoToCompletableFuture::onSubscribe (37 bytes)
Event: 63414.987 Thread 0x000001fec2a73950 nmethod 4644 0x000001febb46af90 code [0x000001febb46b1e0, 0x000001febb46b8a8]
Event: 63414.988 Thread 0x000001fec2a73950 4645       1       reactor.core.publisher.MonoToCompletableFuture::onComplete (18 bytes)
Event: 63414.998 Thread 0x000001fec2a73950 nmethod 4645 0x000001febb46a310 code [0x000001febb46a540, 0x000001febb46abf8]
Event: 64069.015 Thread 0x000001fec2a73950 4646   !   1       reactor.core.publisher.Operators::onDiscard (44 bytes)
Event: 64069.031 Thread 0x000001fec2a73950 nmethod 4646 0x000001febb469f10 code [0x000001febb46a0a0, 0x000001febb46a1b8]
Event: 64069.039 Thread 0x000001fec2a73950 4654   !   1       reactor.core.publisher.MonoRunnable::subscribe (59 bytes)
Event: 64069.052 Thread 0x000001fec8122520 4647       1       reactor.core.publisher.MonoPublishOn$PublishOnSubscriber::onComplete (15 bytes)
Event: 64069.052 Thread 0x000001fec8122000 4648       1       reactor.core.publisher.MonoDoFinally::subscribeOrReturn (9 bytes)
Event: 64069.066 Thread 0x000001fec2a73950 nmethod 4654 0x000001febb469890 code [0x000001febb469a80, 0x000001febb469d58]
Event: 64069.067 Thread 0x000001fec8122520 nmethod 4647 0x000001febb469590 code [0x000001febb469720, 0x000001febb469828]
Event: 64069.072 Thread 0x000001fec8122000 nmethod 4648 0x000001febb468f90 code [0x000001febb469140, 0x000001febb469468]
Event: 64282.460 Thread 0x000001fec2a73950 4661   !   1       reactor.core.publisher.FluxSubscribeOnCallable$CallableSubscribeOnSubscription::request (114 bytes)
Event: 64282.555 Thread 0x000001fec2a73950 nmethod 4661 0x000001febb467f90 code [0x000001febb468220, 0x000001febb468a68]

GC Heap History (20 events):
Event: 75264.719 GC heap before
{Heap before GC invocations=2693 (full 2684):
 garbage-first heap   total 68608K, used 22383K [0x00000000c0000000, 0x0000000100000000)
  region size 1024K, 1 young (1024K), 0 survivors (0K)
 Metaspace       used 39257K, committed 39744K, reserved 1114112K
  class space    used 5186K, committed 5376K, reserved 1048576K
}
Event: 75265.249 GC heap after
{Heap after GC invocations=2694 (full 2685):
 garbage-first heap   total 68608K, used 22383K [0x00000000c0000000, 0x0000000100000000)
  region size 1024K, 0 young (0K), 0 survivors (0K)
 Metaspace       used 39257K, committed 39744K, reserved 1114112K
  class space    used 5186K, committed 5376K, reserved 1048576K
}
Event: 75276.431 GC heap before
{Heap before GC invocations=2694 (full 2685):
 garbage-first heap   total 68608K, used 22383K [0x00000000c0000000, 0x0000000100000000)
  region size 1024K, 1 young (1024K), 0 survivors (0K)
 Metaspace       used 39257K, committed 39744K, reserved 1114112K
  class space    used 5186K, committed 5376K, reserved 1048576K
}
Event: 75278.337 GC heap after
{Heap after GC invocations=2695 (full 2686):
 garbage-first heap   total 68608K, used 22383K [0x00000000c0000000, 0x0000000100000000)
  region size 1024K, 0 young (0K), 0 survivors (0K)
 Metaspace       used 39257K, committed 39744K, reserved 1114112K
  class space    used 5186K, committed 5376K, reserved 1048576K
}
Event: 75289.361 GC heap before
{Heap before GC invocations=2695 (full 2686):
 garbage-first heap   total 68608K, used 22383K [0x00000000c0000000, 0x0000000100000000)
  region size 1024K, 1 young (1024K), 0 survivors (0K)
 Metaspace       used 39257K, committed 39744K, reserved 1114112K
  class space    used 5186K, committed 5376K, reserved 1048576K
}
Event: 75290.221 GC heap after
{Heap after GC invocations=2696 (full 2687):
 garbage-first heap   total 68608K, used 22383K [0x00000000c0000000, 0x0000000100000000)
  region size 1024K, 0 young (0K), 0 survivors (0K)
 Metaspace       used 39257K, committed 39744K, reserved 1114112K
  class space    used 5186K, committed 5376K, reserved 1048576K
}
Event: 75301.312 GC heap before
{Heap before GC invocations=2696 (full 2687):
 garbage-first heap   total 68608K, used 22383K [0x00000000c0000000, 0x0000000100000000)
  region size 1024K, 1 young (1024K), 0 survivors (0K)
 Metaspace       used 39257K, committed 39744K, reserved 1114112K
  class space    used 5186K, committed 5376K, reserved 1048576K
}
Event: 75302.829 GC heap after
{Heap after GC invocations=2697 (full 2688):
 garbage-first heap   total 68608K, used 22383K [0x00000000c0000000, 0x0000000100000000)
  region size 1024K, 0 young (0K), 0 survivors (0K)
 Metaspace       used 39257K, committed 39744K, reserved 1114112K
  class space    used 5186K, committed 5376K, reserved 1048576K
}
Event: 75313.193 GC heap before
{Heap before GC invocations=2697 (full 2688):
 garbage-first heap   total 68608K, used 22383K [0x00000000c0000000, 0x0000000100000000)
  region size 1024K, 1 young (1024K), 0 survivors (0K)
 Metaspace       used 39257K, committed 39744K, reserved 1114112K
  class space    used 5186K, committed 5376K, reserved 1048576K
}
Event: 75315.582 GC heap after
{Heap after GC invocations=2698 (full 2689):
 garbage-first heap   total 68608K, used 22383K [0x00000000c0000000, 0x0000000100000000)
  region size 1024K, 0 young (0K), 0 survivors (0K)
 Metaspace       used 39257K, committed 39744K, reserved 1114112K
  class space    used 5186K, committed 5376K, reserved 1048576K
}
Event: 75326.159 GC heap before
{Heap before GC invocations=2698 (full 2689):
 garbage-first heap   total 68608K, used 22383K [0x00000000c0000000, 0x0000000100000000)
  region size 1024K, 1 young (1024K), 0 survivors (0K)
 Metaspace       used 39257K, committed 39744K, reserved 1114112K
  class space    used 5186K, committed 5376K, reserved 1048576K
}
Event: 75326.198 GC heap after
{Heap after GC invocations=2699 (full 2690):
 garbage-first heap   total 68608K, used 22383K [0x00000000c0000000, 0x0000000100000000)
  region size 1024K, 0 young (0K), 0 survivors (0K)
 Metaspace       used 39257K, committed 39744K, reserved 1114112K
  class space    used 5186K, committed 5376K, reserved 1048576K
}
Event: 75336.773 GC heap before
{Heap before GC invocations=2699 (full 2690):
 garbage-first heap   total 68608K, used 22383K [0x00000000c0000000, 0x0000000100000000)
  region size 1024K, 1 young (1024K), 0 survivors (0K)
 Metaspace       used 39257K, committed 39744K, reserved 1114112K
  class space    used 5186K, committed 5376K, reserved 1048576K
}
Event: 75336.796 GC heap after
{Heap after GC invocations=2700 (full 2691):
 garbage-first heap   total 68608K, used 22383K [0x00000000c0000000, 0x0000000100000000)
  region size 1024K, 0 young (0K), 0 survivors (0K)
 Metaspace       used 39257K, committed 39744K, reserved 1114112K
  class space    used 5186K, committed 5376K, reserved 1048576K
}
Event: 75347.164 GC heap before
{Heap before GC invocations=2700 (full 2691):
 garbage-first heap   total 68608K, used 22383K [0x00000000c0000000, 0x0000000100000000)
  region size 1024K, 1 young (1024K), 0 survivors (0K)
 Metaspace       used 39257K, committed 39744K, reserved 1114112K
  class space    used 5186K, committed 5376K, reserved 1048576K
}
Event: 75347.204 GC heap after
{Heap after GC invocations=2701 (full 2692):
 garbage-first heap   total 68608K, used 22383K [0x00000000c0000000, 0x0000000100000000)
  region size 1024K, 0 young (0K), 0 survivors (0K)
 Metaspace       used 39257K, committed 39744K, reserved 1114112K
  class space    used 5186K, committed 5376K, reserved 1048576K
}
Event: 75357.876 GC heap before
{Heap before GC invocations=2701 (full 2692):
 garbage-first heap   total 68608K, used 22383K [0x00000000c0000000, 0x0000000100000000)
  region size 1024K, 1 young (1024K), 0 survivors (0K)
 Metaspace       used 39257K, committed 39744K, reserved 1114112K
  class space    used 5186K, committed 5376K, reserved 1048576K
}
Event: 75358.155 GC heap after
{Heap after GC invocations=2702 (full 2693):
 garbage-first heap   total 68608K, used 22383K [0x00000000c0000000, 0x0000000100000000)
  region size 1024K, 0 young (0K), 0 survivors (0K)
 Metaspace       used 39257K, committed 39744K, reserved 1114112K
  class space    used 5186K, committed 5376K, reserved 1048576K
}
Event: 75368.472 GC heap before
{Heap before GC invocations=2702 (full 2693):
 garbage-first heap   total 68608K, used 22383K [0x00000000c0000000, 0x0000000100000000)
  region size 1024K, 1 young (1024K), 0 survivors (0K)
 Metaspace       used 39257K, committed 39744K, reserved 1114112K
  class space    used 5186K, committed 5376K, reserved 1048576K
}
Event: 75368.626 GC heap after
{Heap after GC invocations=2703 (full 2694):
 garbage-first heap   total 68608K, used 22383K [0x00000000c0000000, 0x0000000100000000)
  region size 1024K, 0 young (0K), 0 survivors (0K)
 Metaspace       used 39257K, committed 39744K, reserved 1114112K
  class space    used 5186K, committed 5376K, reserved 1048576K
}

Dll operation events (8 events):
Event: 0.022 Loaded shared library c:\Users\Thalia\.vscode\extensions\redhat.java-1.25.1-win32-x64\jre\17.0.9-win32-x86_64\bin\java.dll
Event: 0.354 Loaded shared library C:\Users\Thalia\.vscode\extensions\redhat.java-1.25.1-win32-x64\jre\17.0.9-win32-x86_64\bin\net.dll
Event: 0.360 Loaded shared library C:\Users\Thalia\.vscode\extensions\redhat.java-1.25.1-win32-x64\jre\17.0.9-win32-x86_64\bin\nio.dll
Event: 0.405 Loaded shared library C:\Users\Thalia\.vscode\extensions\redhat.java-1.25.1-win32-x64\jre\17.0.9-win32-x86_64\bin\zip.dll
Event: 1.697 Loaded shared library C:\Users\Thalia\.vscode\extensions\redhat.java-1.25.1-win32-x64\jre\17.0.9-win32-x86_64\bin\jimage.dll
Event: 10.552 Loaded shared library c:\Users\Thalia\.vscode\extensions\redhat.java-1.25.1-win32-x64\jre\17.0.9-win32-x86_64\bin\verify.dll
Event: 11.709 Loaded shared library C:\Users\Thalia\.vscode\extensions\redhat.java-1.25.1-win32-x64\jre\17.0.9-win32-x86_64\bin\management.dll
Event: 11.716 Loaded shared library C:\Users\Thalia\.vscode\extensions\redhat.java-1.25.1-win32-x64\jre\17.0.9-win32-x86_64\bin\management_ext.dll

Deoptimization events (12 events):
Event: 7.474 Thread 0x000001feb7f805a0 DEOPT PACKING pc=0x000001febb184a19 sp=0x000000eb189fd6d0
Event: 7.474 Thread 0x000001feb7f805a0 DEOPT UNPACKING pc=0x000001febac67143 sp=0x000000eb189fcbb0 mode 3
Event: 8.607 Thread 0x000001feb7f805a0 DEOPT PACKING pc=0x000001febb1fb5d5 sp=0x000000eb189fed10
Event: 8.607 Thread 0x000001feb7f805a0 DEOPT UNPACKING pc=0x000001febac67143 sp=0x000000eb189fe1b8 mode 3
Event: 12.300 Thread 0x000001fec819e220 DEOPT PACKING pc=0x000001febb38a9b5 sp=0x000000eb1a7fe370
Event: 12.300 Thread 0x000001fec819e220 DEOPT UNPACKING pc=0x000001febac67143 sp=0x000000eb1a7fd898 mode 3
Event: 12.374 Thread 0x000001fec819dd10 DEOPT PACKING pc=0x000001febb13e201 sp=0x000000eb1a6fde30
Event: 12.374 Thread 0x000001fec819dd10 DEOPT UNPACKING pc=0x000001febac67143 sp=0x000000eb1a6fd2c0 mode 3
Event: 12.380 Thread 0x000001fec837e9f0 DEOPT PACKING pc=0x000001febb11c617 sp=0x000000eb1a8fee30
Event: 12.380 Thread 0x000001fec837e9f0 DEOPT UNPACKING pc=0x000001febac67143 sp=0x000000eb1a8fe288 mode 3
Event: 130.371 Thread 0x000001fec819dd10 DEOPT PACKING pc=0x000001febb201fd4 sp=0x000000eb1a6ff010
Event: 130.371 Thread 0x000001fec819dd10 DEOPT UNPACKING pc=0x000001febac67143 sp=0x000000eb1a6fe4b8 mode 0

Classes unloaded (20 events):
Event: 72.393 Thread 0x000001fec28f5b50 Unloading class 0x00000001000d5c00 'java/lang/invoke/LambdaForm$MH+0x00000001000d5c00'
Event: 72.393 Thread 0x000001fec28f5b50 Unloading class 0x00000001000d5800 'java/lang/invoke/LambdaForm$MH+0x00000001000d5800'
Event: 72.393 Thread 0x000001fec28f5b50 Unloading class 0x00000001000d5400 'java/lang/invoke/LambdaForm$MH+0x00000001000d5400'
Event: 72.393 Thread 0x000001fec28f5b50 Unloading class 0x00000001000d5000 'java/lang/invoke/LambdaForm$MH+0x00000001000d5000'
Event: 72.394 Thread 0x000001fec28f5b50 Unloading class 0x00000001000d4c00 'java/lang/invoke/LambdaForm$MH+0x00000001000d4c00'
Event: 72.394 Thread 0x000001fec28f5b50 Unloading class 0x00000001000d4800 'java/lang/invoke/LambdaForm$MH+0x00000001000d4800'
Event: 72.394 Thread 0x000001fec28f5b50 Unloading class 0x00000001000d4400 'java/lang/invoke/LambdaForm$MH+0x00000001000d4400'
Event: 72.394 Thread 0x000001fec28f5b50 Unloading class 0x00000001000ce800 'java/lang/invoke/LambdaForm$MH+0x00000001000ce800'
Event: 72.394 Thread 0x000001fec28f5b50 Unloading class 0x00000001000ce400 'java/lang/invoke/LambdaForm$MH+0x00000001000ce400'
Event: 72.394 Thread 0x000001fec28f5b50 Unloading class 0x00000001000ce000 'java/lang/invoke/LambdaForm$MH+0x00000001000ce000'
Event: 72.394 Thread 0x000001fec28f5b50 Unloading class 0x00000001000cdc00 'java/lang/invoke/LambdaForm$MH+0x00000001000cdc00'
Event: 72.394 Thread 0x000001fec28f5b50 Unloading class 0x00000001000cd800 'java/lang/invoke/LambdaForm$MH+0x00000001000cd800'
Event: 72.394 Thread 0x000001fec28f5b50 Unloading class 0x00000001000cd400 'java/lang/invoke/LambdaForm$MH+0x00000001000cd400'
Event: 72.394 Thread 0x000001fec28f5b50 Unloading class 0x00000001000ccc00 'java/lang/invoke/LambdaForm$MH+0x00000001000ccc00'
Event: 72.394 Thread 0x000001fec28f5b50 Unloading class 0x00000001000cc800 'java/lang/invoke/LambdaForm$MH+0x00000001000cc800'
Event: 72.394 Thread 0x000001fec28f5b50 Unloading class 0x00000001000cc000 'java/lang/invoke/LambdaForm$MH+0x00000001000cc000'
Event: 72.394 Thread 0x000001fec28f5b50 Unloading class 0x00000001000cbc00 'java/lang/invoke/LambdaForm$MH+0x00000001000cbc00'
Event: 23225.921 Thread 0x000001fec28f5b50 Unloading class 0x00000001000d6000 'java/lang/invoke/LambdaForm$MH+0x00000001000d6000'
Event: 23225.923 Thread 0x000001fec28f5b50 Unloading class 0x00000001003a1c00 'java/lang/invoke/LambdaForm$MH+0x00000001003a1c00'
Event: 23225.923 Thread 0x000001fec28f5b50 Unloading class 0x00000001003a2c00 'java/lang/invoke/LambdaForm$MH+0x00000001003a2c00'

Classes redefined (0 events):
No events

Internal exceptions (20 events):
Event: 9.195 Thread 0x000001feb7f805a0 Exception <a 'java/lang/NoSuchMethodError'{0x00000000c352ecb8}: 'java.lang.Object java.lang.invoke.DirectMethodHandle$Holder.invokeSpecial(java.lang.Object, java.lang.Object, int, java.lang.Object, java.lang.Object)'> (0x00000000c352ecb8) 
thrown [s\src\hotspot\share\interpreter\linkResolver.cpp, line 759]
Event: 9.196 Thread 0x000001feb7f805a0 Exception <a 'java/lang/NoSuchMethodError'{0x00000000c3532960}: 'java.lang.Object java.lang.invoke.DelegatingMethodHandle$Holder.delegate(java.lang.Object, int, java.lang.Object, java.lang.Object)'> (0x00000000c3532960) 
thrown [s\src\hotspot\share\interpreter\linkResolver.cpp, line 759]
Event: 9.199 Thread 0x000001feb7f805a0 Exception <a 'java/lang/NoSuchMethodError'{0x00000000c35437e8}: 'int java.lang.invoke.Invokers$Holder.linkToTargetMethod(java.lang.Object, java.lang.Object, java.lang.Object)'> (0x00000000c35437e8) 
thrown [s\src\hotspot\share\interpreter\linkResolver.cpp, line 759]
Event: 9.408 Thread 0x000001feb7f805a0 Exception <a 'java/lang/NoSuchMethodError'{0x00000000c31a28e0}: 'java.lang.Object java.lang.invoke.DirectMethodHandle$Holder.invokeStaticInit(java.lang.Object, int, int, int, int)'> (0x00000000c31a28e0) 
thrown [s\src\hotspot\share\interpreter\linkResolver.cpp, line 759]
Event: 9.627 Thread 0x000001feb7f805a0 Exception <a 'java/lang/NoSuchMethodError'{0x00000000c308dbb0}: 'java.lang.Object java.lang.invoke.DirectMethodHandle$Holder.invokeStaticInit(java.lang.Object, java.lang.Object, int, int, int, int)'> (0x00000000c308dbb0) 
thrown [s\src\hotspot\share\interpreter\linkResolver.cpp, line 759]
Event: 10.113 Thread 0x000001feb7f805a0 Exception <a 'java/lang/NoSuchMethodError'{0x00000000c4f99210}: 'void java.lang.invoke.DirectMethodHandle$Holder.invokeSpecialIFC(java.lang.Object, java.lang.Object, java.lang.Object)'> (0x00000000c4f99210) 
thrown [s\src\hotspot\share\interpreter\linkResolver.cpp, line 759]
Event: 10.809 Thread 0x000001feb7f805a0 Exception <a 'java/lang/NoSuchMethodError'{0x00000000c2d032c0}: 'int java.lang.invoke.DirectMethodHandle$Holder.invokeStaticInit(java.lang.Object, java.lang.Object, int, java.lang.Object)'> (0x00000000c2d032c0) 
thrown [s\src\hotspot\share\interpreter\linkResolver.cpp, line 759]
Event: 10.937 Thread 0x000001feb7f805a0 Exception <a 'java/lang/NoSuchMethodError'{0x00000000c2a10160}: 'void java.lang.invoke.DirectMethodHandle$Holder.invokeSpecial(java.lang.Object, java.lang.Object, java.lang.Object, java.lang.Object, java.lang.Object, java.lang.Object, java.lang.Object)'> (0x00000000c2a10160) 
thrown [s\src\hotspot\share\interpreter\linkResolver.cpp, line 759]
Event: 11.395 Thread 0x000001feb7f805a0 Exception <a 'java/lang/NoSuchMethodError'{0x00000000c5015430}: 'java.lang.Object java.lang.invoke.DirectMethodHandle$Holder.invokeInterface(java.lang.Object, java.lang.Object, int)'> (0x00000000c5015430) 
thrown [s\src\hotspot\share\interpreter\linkResolver.cpp, line 759]
Event: 11.401 Thread 0x000001feb7f805a0 Exception <a 'java/lang/IncompatibleClassChangeError'{0x00000000c5028a28}: Found class java.lang.Object, but interface was expected> (0x00000000c5028a28) 
thrown [s\src\hotspot\share\interpreter\linkResolver.cpp, line 826]
Event: 11.694 Thread 0x000001feb7f805a0 Exception <a 'java/lang/NoSuchMethodError'{0x00000000c77bfa30}: 'java.lang.Object java.lang.invoke.DirectMethodHandle$Holder.newInvokeSpecial(java.lang.Object, java.lang.Object, int, java.lang.Object, java.lang.Object)'> (0x00000000c77bfa30) 
thrown [s\src\hotspot\share\interpreter\linkResolver.cpp, line 759]
Event: 11.696 Thread 0x000001feb7f805a0 Exception <a 'java/lang/NoSuchMethodError'{0x00000000c77d27c8}: 'java.lang.Object java.lang.invoke.DirectMethodHandle$Holder.invokeSpecial(java.lang.Object, java.lang.Object, int, java.lang.Object, int, java.lang.Object)'> (0x00000000c77d27c8) 
thrown [s\src\hotspot\share\interpreter\linkResolver.cpp, line 759]
Event: 11.696 Thread 0x000001feb7f805a0 Exception <a 'java/lang/NoSuchMethodError'{0x00000000c77f7d58}: 'java.lang.Object java.lang.invoke.DirectMethodHandle$Holder.newInvokeSpecial(java.lang.Object, java.lang.Object, int, java.lang.Object, int)'> (0x00000000c77f7d58) 
thrown [s\src\hotspot\share\interpreter\linkResolver.cpp, line 759]
Event: 11.697 Thread 0x000001feb7f805a0 Exception <a 'java/lang/NoSuchMethodError'{0x00000000c77fbe58}: 'java.lang.Object java.lang.invoke.DirectMethodHandle$Holder.invokeSpecial(java.lang.Object, java.lang.Object, java.lang.Object, int, java.lang.Object, int)'> (0x00000000c77fbe58) 
thrown [s\src\hotspot\share\interpreter\linkResolver.cpp, line 759]
Event: 12.298 Thread 0x000001fec819e220 Exception <a 'java/lang/NoSuchMethodError'{0x00000000c367fdc0}: 'java.lang.Object java.lang.invoke.DirectMethodHandle$Holder.invokeStatic(java.lang.Object, int, java.lang.Object)'> (0x00000000c367fdc0) 
thrown [s\src\hotspot\share\interpreter\linkResolver.cpp, line 759]
Event: 12.332 Thread 0x000001fec819dd10 Exception <a 'java/lang/NoSuchMethodError'{0x00000000c3657748}: 'java.lang.Object java.lang.invoke.DirectMethodHandle$Holder.invokeStatic(java.lang.Object, java.lang.Object, java.lang.Object, int, java.lang.Object, java.lang.Object)'> (0x00000000c3657748) 
thrown [s\src\hotspot\share\interpreter\linkResolver.cpp, line 759]
Event: 13.114 Thread 0x000001fec837d5b0 Exception <a 'java/lang/NoSuchMethodError'{0x00000000c2f21100}: 'int java.lang.invoke.DirectMethodHandle$Holder.invokeStatic(java.lang.Object)'> (0x00000000c2f21100) 
thrown [s\src\hotspot\share\interpreter\linkResolver.cpp, line 759]
Event: 13.115 Thread 0x000001fec837d5b0 Exception <a 'java/lang/NoSuchMethodError'{0x00000000c2f24500}: 'int java.lang.invoke.DirectMethodHandle$Holder.invokeStaticInit(java.lang.Object)'> (0x00000000c2f24500) 
thrown [s\src\hotspot\share\interpreter\linkResolver.cpp, line 759]
Event: 51.703 Thread 0x000001fec819e730 Exception <a 'java/lang/NoSuchMethodError'{0x00000000c77d8470}: 'void java.lang.invoke.DirectMethodHandle$Holder.invokeStatic(java.lang.Object, long)'> (0x00000000c77d8470) 
thrown [s\src\hotspot\share\interpreter\linkResolver.cpp, line 759]
Event: 51.704 Thread 0x000001fec819e730 Exception <a 'java/lang/NoSuchMethodError'{0x00000000c77dd818}: 'java.lang.Object java.lang.invoke.DirectMethodHandle$Holder.newInvokeSpecial(java.lang.Object, long)'> (0x00000000c77dd818) 
thrown [s\src\hotspot\share\interpreter\linkResolver.cpp, line 759]

VM Operations (20 events):
Event: 75265.249 Executing VM operation: G1CollectFull done
Event: 75276.346 Executing VM operation: G1CollectFull
Event: 75278.337 Executing VM operation: G1CollectFull done
Event: 75289.310 Executing VM operation: G1CollectFull
Event: 75290.221 Executing VM operation: G1CollectFull done
Event: 75301.298 Executing VM operation: G1CollectFull
Event: 75302.829 Executing VM operation: G1CollectFull done
Event: 75313.180 Executing VM operation: G1CollectFull
Event: 75315.582 Executing VM operation: G1CollectFull done
Event: 75326.147 Executing VM operation: G1CollectFull
Event: 75326.198 Executing VM operation: G1CollectFull done
Event: 75336.763 Executing VM operation: G1CollectFull
Event: 75336.800 Executing VM operation: G1CollectFull done
Event: 75347.163 Executing VM operation: G1CollectFull
Event: 75347.204 Executing VM operation: G1CollectFull done
Event: 75357.875 Executing VM operation: G1CollectFull
Event: 75358.160 Executing VM operation: G1CollectFull done
Event: 75368.470 Executing VM operation: G1CollectFull
Event: 75368.626 Executing VM operation: G1CollectFull done
Event: 75379.239 Executing VM operation: G1CollectFull

Events (20 events):
Event: 21289.934 Thread 0x000001fec78274c0 Thread added: 0x000001fec78274c0
Event: 21294.946 Thread 0x000001fec78274c0 Thread exited: 0x000001fec78274c0
Event: 23167.358 Thread 0x000001fec83821a0 Thread added: 0x000001fec83821a0
Event: 23227.387 Thread 0x000001fec83821a0 Thread exited: 0x000001fec83821a0
Event: 23265.201 Thread 0x000001fec837dac0 Thread added: 0x000001fec837dac0
Event: 23325.215 Thread 0x000001fec837dac0 Thread exited: 0x000001fec837dac0
Event: 23862.408 Thread 0x000001fec837ad30 Thread added: 0x000001fec837ad30
Event: 23924.478 Thread 0x000001fec837ad30 Thread exited: 0x000001fec837ad30
Event: 58930.189 Thread 0x000001fec77cf530 Thread added: 0x000001fec77cf530
Event: 58935.226 Thread 0x000001fec77cf530 Thread exited: 0x000001fec77cf530
Event: 59324.746 Thread 0x000001fec8122240 Thread added: 0x000001fec8122240
Event: 59329.821 Thread 0x000001fec8122240 Thread exited: 0x000001fec8122240
Event: 61143.613 Thread 0x000001fec82206b0 Thread added: 0x000001fec82206b0
Event: 61148.670 Thread 0x000001fec82206b0 Thread exited: 0x000001fec82206b0
Event: 61169.201 Thread 0x000001fec82206b0 Thread added: 0x000001fec82206b0
Event: 61174.251 Thread 0x000001fec82206b0 Thread exited: 0x000001fec82206b0
Event: 64069.038 Thread 0x000001fec8122000 Thread added: 0x000001fec8122000
Event: 64069.038 Thread 0x000001fec8122520 Thread added: 0x000001fec8122520
Event: 64074.078 Thread 0x000001fec8122520 Thread exited: 0x000001fec8122520
Event: 64079.086 Thread 0x000001fec8122000 Thread exited: 0x000001fec8122000


Dynamic libraries:
0x00007ff78b640000 - 0x00007ff78b64e000 	c:\Users\Thalia\.vscode\extensions\redhat.java-1.25.1-win32-x64\jre\17.0.9-win32-x86_64\bin\java.exe
0x00007ffd431f0000 - 0x00007ffd43407000 	C:\Windows\SYSTEM32\ntdll.dll
0x00007ffd425e0000 - 0x00007ffd426a4000 	C:\Windows\System32\KERNEL32.DLL
0x00007ffd40620000 - 0x00007ffd409c6000 	C:\Windows\System32\KERNELBASE.dll
0x00007ffd40b20000 - 0x00007ffd40c31000 	C:\Windows\System32\ucrtbase.dll
0x00007ffd16730000 - 0x00007ffd1674b000 	c:\Users\Thalia\.vscode\extensions\redhat.java-1.25.1-win32-x64\jre\17.0.9-win32-x86_64\bin\VCRUNTIME140.dll
0x00007ffd215b0000 - 0x00007ffd215c7000 	c:\Users\Thalia\.vscode\extensions\redhat.java-1.25.1-win32-x64\jre\17.0.9-win32-x86_64\bin\jli.dll
0x00007ffd42b20000 - 0x00007ffd42cce000 	C:\Windows\System32\USER32.dll
0x00007ffd40af0000 - 0x00007ffd40b16000 	C:\Windows\System32\win32u.dll
0x00007ffd29bb0000 - 0x00007ffd29e43000 	C:\Windows\WinSxS\amd64_microsoft.windows.common-controls_6595b64144ccf1df_6.0.22621.2506_none_270c5ae97388e100\COMCTL32.dll
0x00007ffd41880000 - 0x00007ffd41927000 	C:\Windows\System32\msvcrt.dll
0x00007ffd42fc0000 - 0x00007ffd42fe9000 	C:\Windows\System32\GDI32.dll
0x00007ffd409d0000 - 0x00007ffd40ae8000 	C:\Windows\System32\gdi32full.dll
0x00007ffd40e30000 - 0x00007ffd40eca000 	C:\Windows\System32\msvcp_win.dll
0x00007ffd429e0000 - 0x00007ffd42a11000 	C:\Windows\System32\IMM32.DLL
0x00007ffd331b0000 - 0x00007ffd331bc000 	c:\Users\Thalia\.vscode\extensions\redhat.java-1.25.1-win32-x64\jre\17.0.9-win32-x86_64\bin\vcruntime140_1.dll
0x00007ffcfa3f0000 - 0x00007ffcfa47d000 	c:\Users\Thalia\.vscode\extensions\redhat.java-1.25.1-win32-x64\jre\17.0.9-win32-x86_64\bin\msvcp140.dll
0x00007ffcc64d0000 - 0x00007ffcc7131000 	c:\Users\Thalia\.vscode\extensions\redhat.java-1.25.1-win32-x64\jre\17.0.9-win32-x86_64\bin\server\jvm.dll
0x00007ffd41e10000 - 0x00007ffd41ec1000 	C:\Windows\System32\ADVAPI32.dll
0x00007ffd40f40000 - 0x00007ffd40fe5000 	C:\Windows\System32\sechost.dll
0x00007ffd42d00000 - 0x00007ffd42e17000 	C:\Windows\System32\RPCRT4.dll
0x00007ffd3f710000 - 0x00007ffd3f75d000 	C:\Windows\SYSTEM32\POWRPROF.dll
0x00007ffd37f30000 - 0x00007ffd37f39000 	C:\Windows\SYSTEM32\WSOCK32.dll
0x00007ffd424b0000 - 0x00007ffd42521000 	C:\Windows\System32\WS2_32.dll
0x00007ffd37750000 - 0x00007ffd37784000 	C:\Windows\SYSTEM32\WINMM.dll
0x00007ffd37bb0000 - 0x00007ffd37bba000 	C:\Windows\SYSTEM32\VERSION.dll
0x00007ffd3f6f0000 - 0x00007ffd3f703000 	C:\Windows\SYSTEM32\UMPDC.dll
0x00007ffd3f590000 - 0x00007ffd3f5a8000 	C:\Windows\SYSTEM32\kernel.appcore.dll
0x00007ffd31af0000 - 0x00007ffd31afa000 	c:\Users\Thalia\.vscode\extensions\redhat.java-1.25.1-win32-x64\jre\17.0.9-win32-x86_64\bin\jimage.dll
0x00007ffd3e1d0000 - 0x00007ffd3e403000 	C:\Windows\SYSTEM32\DBGHELP.DLL
0x00007ffd41a80000 - 0x00007ffd41e09000 	C:\Windows\System32\combase.dll
0x00007ffd42720000 - 0x00007ffd427f7000 	C:\Windows\System32\OLEAUT32.dll
0x00007ffd2c840000 - 0x00007ffd2c872000 	C:\Windows\SYSTEM32\dbgcore.DLL
0x00007ffd40c40000 - 0x00007ffd40cba000 	C:\Windows\System32\bcryptPrimitives.dll
0x00007ffd14630000 - 0x00007ffd14655000 	c:\Users\Thalia\.vscode\extensions\redhat.java-1.25.1-win32-x64\jre\17.0.9-win32-x86_64\bin\java.dll
0x00007ffd16710000 - 0x00007ffd16728000 	c:\Users\Thalia\.vscode\extensions\redhat.java-1.25.1-win32-x64\jre\17.0.9-win32-x86_64\bin\zip.dll
0x00007ffd40ff0000 - 0x00007ffd4184a000 	C:\Windows\System32\SHELL32.dll
0x00007ffd3e430000 - 0x00007ffd3ed26000 	C:\Windows\SYSTEM32\windows.storage.dll
0x00007ffd3e090000 - 0x00007ffd3e1ce000 	C:\Windows\SYSTEM32\wintypes.dll
0x00007ffd42a20000 - 0x00007ffd42b13000 	C:\Windows\System32\SHCORE.dll
0x00007ffd423e0000 - 0x00007ffd4243e000 	C:\Windows\System32\shlwapi.dll
0x00007ffd40490000 - 0x00007ffd404b6000 	C:\Windows\SYSTEM32\profapi.dll
0x00007ffd16010000 - 0x00007ffd16029000 	C:\Users\Thalia\.vscode\extensions\redhat.java-1.25.1-win32-x64\jre\17.0.9-win32-x86_64\bin\net.dll
0x00007ffd3a310000 - 0x00007ffd3a447000 	C:\Windows\SYSTEM32\WINHTTP.dll
0x00007ffd3fa80000 - 0x00007ffd3fae9000 	C:\Windows\system32\mswsock.dll
0x00007ffd0ee40000 - 0x00007ffd0ee56000 	C:\Users\Thalia\.vscode\extensions\redhat.java-1.25.1-win32-x64\jre\17.0.9-win32-x86_64\bin\nio.dll
0x00007ffd3fd20000 - 0x00007ffd3fd3b000 	C:\Windows\SYSTEM32\CRYPTSP.dll
0x00007ffd3f480000 - 0x00007ffd3f4b5000 	C:\Windows\system32\rsaenh.dll
0x00007ffd3fb20000 - 0x00007ffd3fb4c000 	C:\Windows\SYSTEM32\USERENV.dll
0x00007ffd3ff10000 - 0x00007ffd3ff38000 	C:\Windows\SYSTEM32\bcrypt.dll
0x00007ffd3fc80000 - 0x00007ffd3fc8c000 	C:\Windows\SYSTEM32\CRYPTBASE.dll
0x00007ffd3f020000 - 0x00007ffd3f04d000 	C:\Windows\SYSTEM32\IPHLPAPI.DLL
0x00007ffd42880000 - 0x00007ffd42889000 	C:\Windows\System32\NSI.dll
0x00007ffd3a620000 - 0x00007ffd3a639000 	C:\Windows\SYSTEM32\dhcpcsvc6.DLL
0x00007ffd39fa0000 - 0x00007ffd39fbf000 	C:\Windows\SYSTEM32\dhcpcsvc.DLL
0x00007ffd3f050000 - 0x00007ffd3f149000 	C:\Windows\SYSTEM32\DNSAPI.dll
0x00007ffd2ceb0000 - 0x00007ffd2cec0000 	c:\Users\Thalia\.vscode\extensions\redhat.java-1.25.1-win32-x64\jre\17.0.9-win32-x86_64\bin\verify.dll
0x00007ffd34500000 - 0x00007ffd34509000 	C:\Users\Thalia\.vscode\extensions\redhat.java-1.25.1-win32-x64\jre\17.0.9-win32-x86_64\bin\management.dll
0x00007ffd34460000 - 0x00007ffd3446b000 	C:\Users\Thalia\.vscode\extensions\redhat.java-1.25.1-win32-x64\jre\17.0.9-win32-x86_64\bin\management_ext.dll
0x00007ffd41850000 - 0x00007ffd41858000 	C:\Windows\System32\PSAPI.DLL

dbghelp: loaded successfully - version: 4.0.5 - missing functions: none
symbol engine: initialized successfully - sym options: 0x614 - pdb path: .;c:\Users\Thalia\.vscode\extensions\redhat.java-1.25.1-win32-x64\jre\17.0.9-win32-x86_64\bin;C:\Windows\SYSTEM32;C:\Windows\WinSxS\amd64_microsoft.windows.common-controls_6595b64144ccf1df_6.0.22621.2506_none_270c5ae97388e100;c:\Users\Thalia\.vscode\extensions\redhat.java-1.25.1-win32-x64\jre\17.0.9-win32-x86_64\bin\server

VM Arguments:
jvm_args: -XX:+HeapDumpOnOutOfMemoryError -Xmx1024m -Dsts.lsp.client=vscode -Dsts.log.file=/dev/null -XX:TieredStopAtLevel=1 -Xlog:jni+resolve=off -Dspring.config.location=file:c:\Users\Thalia\.vscode\extensions\vmware.vscode-spring-boot-1.51.0\language-server\BOOT-INF\classes\application.properties 
java_command: org.springframework.ide.vscode.boot.app.BootLanguageServerBootApp
java_class_path (initial): c:\Users\Thalia\.vscode\extensions\vmware.vscode-spring-boot-1.51.0\language-server\BOOT-INF\classes;c:\Users\Thalia\.vscode\extensions\vmware.vscode-spring-boot-1.51.0\language-server\BOOT-INF\lib\annotations-24.1.0.jar;c:\Users\Thalia\.vscode\extensions\vmware.vscode-spring-boot-1.51.0\language-server\BOOT-INF\lib\antlr-runtime-3.5.3.jar;c:\Users\Thalia\.vscode\extensions\vmware.vscode-spring-boot-1.51.0\language-server\BOOT-INF\lib\antlr4-4.11.1.jar;c:\Users\Thalia\.vscode\extensions\vmware.vscode-spring-boot-1.51.0\language-server\BOOT-INF\lib\antlr4-runtime-4.11.1.jar;c:\Users\Thalia\.vscode\extensions\vmware.vscode-spring-boot-1.51.0\language-server\BOOT-INF\lib\asm-9.6.jar;c:\Users\Thalia\.vscode\extensions\vmware.vscode-spring-boot-1.51.0\language-server\BOOT-INF\lib\asm-analysis-9.6.jar;c:\Users\Thalia\.vscode\extensions\vmware.vscode-spring-boot-1.51.0\language-server\BOOT-INF\lib\asm-tree-9.6.jar;c:\Users\Thalia\.vscode\extensions\vmware.vscode-spring-boot-1.51.0\language-server\BOOT-INF\lib\asm-util-9.6.jar;c:\Users\Thalia\.vscode\extensions\vmware.vscode-spring-boot-1.51.0\language-server\BOOT-INF\lib\bosh-language-server-1.51.0-SNAPSHOT.jar;c:\Users\Thalia\.vscode\extensions\vmware.vscode-spring-boot-1.51.0\language-server\BOOT-INF\lib\caffeine-3.1.8.jar;c:\Users\Thalia\.vscode\extensions\vmware.vscode-spring-boot-1.51.0\language-server\BOOT-INF\lib\checker-qual-3.12.0.jar;c:\Users\Thalia\.vscode\extensions\vmware.vscode-spring-boot-1.51.0\language-server\BOOT-INF\lib\classgraph-4.8.149.jar;c:\Users\Thalia\.vscode\extensions\vmware.vscode-spring-boot-1.51.0\language-server\BOOT-INF\lib\commons-codec-1.15.jar;c:\Users\Thalia\.vscode\extensions\vmware.vscode-spring-boot-1.51.0\language-server\BOOT-INF\lib\commons-compress-1.25.0.jar;c:\Users\Thalia\.vscode\extensions\vmware.vscode-spring-boot-1.51.0\language-server\BOOT-INF\lib\commons-io-2.4.jar;c:\Users\Thalia\.vscode\extensions\vmware.vscode-spring-boot-1.51.0\language-ser
Launcher Type: SUN_STANDARD

[Global flags]
     intx CICompilerCount                          = 3                                         {product} {ergonomic}
     uint ConcGCThreads                            = 2                                         {product} {ergonomic}
     uint G1ConcRefinementThreads                  = 6                                         {product} {ergonomic}
   size_t G1HeapRegionSize                         = 1048576                                   {product} {ergonomic}
    uintx GCDrainStackTargetSize                   = 64                                        {product} {ergonomic}
     bool HeapDumpOnOutOfMemoryError               = true                                   {manageable} {command line}
   size_t InitialHeapSize                          = 125829120                                 {product} {ergonomic}
   size_t MarkStackSize                            = 4194304                                   {product} {ergonomic}
   size_t MaxHeapSize                              = 1073741824                                {product} {command line}
   size_t MaxNewSize                               = 643825664                                 {product} {ergonomic}
   size_t MinHeapDeltaBytes                        = 1048576                                   {product} {ergonomic}
   size_t MinHeapSize                              = 8388608                                   {product} {ergonomic}
    uintx NonProfiledCodeHeapSize                  = 0                                      {pd product} {ergonomic}
     bool ProfileInterpreter                       = false                                  {pd product} {command line}
    uintx ProfiledCodeHeapSize                     = 0                                      {pd product} {ergonomic}
   size_t SoftMaxHeapSize                          = 1073741824                             {manageable} {ergonomic}
     intx TieredStopAtLevel                        = 1                                         {product} {command line}
     bool UseCompressedClassPointers               = true                           {product lp64_product} {ergonomic}
     bool UseCompressedOops                        = true                           {product lp64_product} {ergonomic}
     bool UseG1GC                                  = true                                      {product} {ergonomic}
     bool UseLargePagesIndividualAllocation        = false                                  {pd product} {ergonomic}

Logging:
Log output configuration:
 #0: stdout all=warning,jni+resolve=off uptime,level,tags
 #1: stderr all=off uptime,level,tags

Environment Variables:
JAVA_HOME=C:\Program Files\Java\jdk-17
PATH=C:\Program Files\Java\jdk-17\bin;C:\Program Files\Common Files\Oracle\Java\javapath;C:\Program Files (x86)\Common Files\Oracle\Java\javapath;C:\Windows\system32;C:\Windows;C:\Windows\System32\Wbem;C:\Windows\System32\WindowsPowerShell\v1.0\;C:\Windows\System32\OpenSSH\;C:\Program Files\Git\cmd;C:\Program Files\PuTTY\;;C:\Program Files\Docker\Docker\resources\bin;C:\Users\Thalia\AppData\Local\Programs\Python\Python311\Scripts\;C:\Users\Thalia\AppData\Local\Programs\Python\Python311\;C:\Users\Thalia\AppData\Local\Microsoft\WindowsApps;C:\Users\Thalia\AppData\Local\Programs\Microsoft VS Code\bin;C:\flutter_windows_3.3.9-stable\flutter\bin;C:\Users\Thalia\AppData\Local\Microsoft\WindowsApps\python.exe;
USERNAME=Thalia
OS=Windows_NT
PROCESSOR_IDENTIFIER=AMD64 Family 23 Model 96 Stepping 1, AuthenticAMD
TMP=C:\Users\Thalia\AppData\Local\Temp
TEMP=C:\Users\Thalia\AppData\Local\Temp



Periodic native trim disabled


---------------  S Y S T E M  ---------------

OS:
 Windows 11 , 64 bit Build 22621 (10.0.22621.2506)
OS uptime: 3 days 21:04 hours
Hyper-V role detected

CPU: total 6 (initial active 6) (6 cores per cpu, 1 threads per core) family 23 model 96 stepping 1 microcode 0x0, cx8, cmov, fxsr, mmx, 3dnowpref, sse, sse2, sse3, ssse3, sse4a, sse4.1, sse4.2, popcnt, lzcnt, tsc, tscinvbit, avx, avx2, aes, clmul, bmi1, bmi2, adx, sha, fma, vzeroupper, clflush, clflushopt, hv
Processor Information for all 6 processors :
  Max Mhz: 2375, Current Mhz: 2375, Mhz Limit: 2375

Memory: 4k page, system-wide physical 7600M (332M free)
TotalPageFile size 31152M (AvailPageFile size 251M)
current process WorkingSet (physical memory assigned to process): 36M, peak: 157M
current process commit charge ("private bytes"): 198M, peak: 220M

vm_info: OpenJDK 64-Bit Server VM (17.0.9+9) for windows-amd64 JRE (17.0.9+9), built on Oct 26 2023 14:01:42 by "admin" with MS VC++ 16.10 / 16.11 (VS2019)

END.
