#
# There is insufficient memory for the Java Runtime Environment to continue.
# Native memory allocation (malloc) failed to allocate 2097152 bytes for AllocateHeap
# Possible reasons:
#   The system is out of physical RAM or swap space
#   The process is running with CompressedOops enabled, and the Java Heap may be blocking the growth of the native heap
# Possible solutions:
#   Reduce memory load on the system
#   Increase physical memory or swap space
#   Check if swap backing store is full
#   Decrease Java heap size (-Xmx/-Xms)
#   Decrease number of Java threads
#   Decrease Java thread stack sizes (-Xss)
#   Set larger code cache with -XX:ReservedCodeCacheSize=
#   JVM is running with Unscaled Compressed Oops mode in which the Java heap is
#     placed in the first 4GB address space. The Java Heap base address is the
#     maximum limit for the native heap growth. Please use -XX:HeapBaseMinAddress
#     to set the Java Heap base and to place the Java Heap above 4GB virtual address.
# This output file may be truncated or incomplete.
#
#  Out of Memory Error (allocation.cpp:44), pid=3400, tid=14012
#
# JRE version: OpenJDK Runtime Environment Temurin-17.0.9+9 (17.0.9+9) (build 17.0.9+9)
# Java VM: OpenJDK 64-Bit Server VM Temurin-17.0.9+9 (17.0.9+9, mixed mode, emulated-client, tiered, compressed oops, compressed class ptrs, g1 gc, windows-amd64)
# No core dump will be written. Minidumps are not enabled by default on client versions of Windows
#

---------------  S U M M A R Y ------------

Command Line: -XX:+HeapDumpOnOutOfMemoryError -Xmx1024m -Dsts.lsp.client=vscode -Dsts.log.file=/dev/null -XX:TieredStopAtLevel=1 -Xlog:jni+resolve=off -Dspring.config.location=file:c:\Users\Thalia\.vscode\extensions\vmware.vscode-spring-boot-1.51.0\language-server\BOOT-INF\classes\application.properties org.springframework.ide.vscode.boot.app.BootLanguageServerBootApp

Host: AMD Ryzen 5 4500U with Radeon Graphics         , 6 cores, 7G,  Windows 11 , 64 bit Build 22621 (10.0.22621.2506)
Time: Sat Dec  9 18:01:08 2023 SE Asia Standard Time elapsed time: 2567.185242 seconds (0d 0h 42m 47s)

---------------  T H R E A D  ---------------

Current thread (0x0000019de4896e90):  VMThread "VM Thread" [stack: 0x00000002dcf00000,0x00000002dd000000] [id=14012]

Stack: [0x00000002dcf00000,0x00000002dd000000]
Native frames: (J=compiled Java code, j=interpreted, Vv=VM code, C=native code)
V  [jvm.dll+0x67cf49]
V  [jvm.dll+0x83478a]
V  [jvm.dll+0x83624e]
V  [jvm.dll+0x8368b3]
V  [jvm.dll+0x247f1f]
V  [jvm.dll+0xa6b4b]
V  [jvm.dll+0x2f8f01]
V  [jvm.dll+0x2f4af0]
V  [jvm.dll+0x2dd0d7]
V  [jvm.dll+0x320357]
V  [jvm.dll+0x83adab]
V  [jvm.dll+0x83baf1]
V  [jvm.dll+0x83c00d]
V  [jvm.dll+0x83c3e4]
V  [jvm.dll+0x83c4b0]
V  [jvm.dll+0x7e3c3a]
V  [jvm.dll+0x67be35]
C  [ucrtbase.dll+0x29363]
C  [KERNEL32.DLL+0x1257d]
C  [ntdll.dll+0x5aa58]

VM_Operation (0x00000002de3fefc0): G1CollectFull, mode: safepoint, requested by thread 0x0000019dea27c440


---------------  P R O C E S S  ---------------

Threads class SMR info:
_java_thread_list=0x0000019df2b8b8d0, length=25, elements={
0x0000019de48ac380, 0x0000019de48ad110, 0x0000019de48ed530, 0x0000019de48eff10,
0x0000019de48f07e0, 0x0000019de48f10b0, 0x0000019de48f3a40, 0x0000019de48f4350,
0x0000019de4bf3110, 0x0000019de4c09010, 0x0000019de9c43270, 0x0000019dea27c440,
0x0000019dea05e860, 0x0000019dd9e113e0, 0x0000019dea3840b0, 0x0000019dea396850,
0x0000019dea3ab020, 0x0000019dea3abf50, 0x0000019dea3aa0f0, 0x0000019dea3ac460,
0x0000019dea3ad390, 0x0000019dea3ace80, 0x0000019dea3aab10, 0x0000019de4b24760,
0x0000019de4b223f0
}

Java Threads: ( => current thread )
  0x0000019de48ac380 JavaThread "Reference Handler" daemon [_thread_blocked, id=9256, stack(0x00000002dd000000,0x00000002dd100000)]
  0x0000019de48ad110 JavaThread "Finalizer" daemon [_thread_blocked, id=20836, stack(0x00000002dd100000,0x00000002dd200000)]
  0x0000019de48ed530 JavaThread "Signal Dispatcher" daemon [_thread_blocked, id=15828, stack(0x00000002dd200000,0x00000002dd300000)]
  0x0000019de48eff10 JavaThread "Attach Listener" daemon [_thread_blocked, id=5132, stack(0x00000002dd300000,0x00000002dd400000)]
  0x0000019de48f07e0 JavaThread "Service Thread" daemon [_thread_blocked, id=15352, stack(0x00000002dd400000,0x00000002dd500000)]
  0x0000019de48f10b0 JavaThread "Monitor Deflation Thread" daemon [_thread_blocked, id=18104, stack(0x00000002dd500000,0x00000002dd600000)]
  0x0000019de48f3a40 JavaThread "C1 CompilerThread0" daemon [_thread_blocked, id=29616, stack(0x00000002dd600000,0x00000002dd700000)]
  0x0000019de48f4350 JavaThread "Sweeper thread" daemon [_thread_blocked, id=6192, stack(0x00000002dd700000,0x00000002dd800000)]
  0x0000019de4bf3110 JavaThread "Notification Thread" daemon [_thread_blocked, id=30780, stack(0x00000002dd800000,0x00000002dd900000)]
  0x0000019de4c09010 JavaThread "Common-Cleaner" daemon [_thread_blocked, id=16936, stack(0x00000002dda00000,0x00000002ddb00000)]
  0x0000019de9c43270 JavaThread "boundedElastic-evictor-1" daemon [_thread_blocked, id=12872, stack(0x00000002de100000,0x00000002de200000)]
  0x0000019dea27c440 JavaThread "pool-12-thread-1" [_thread_blocked, id=6548, stack(0x00000002de300000,0x00000002de400000)]
  0x0000019dea05e860 JavaThread "LanguageServerApp-lifecycle" [_thread_blocked, id=23640, stack(0x00000002de400000,0x00000002de500000)]
  0x0000019dd9e113e0 JavaThread "DestroyJavaVM" [_thread_blocked, id=7424, stack(0x00000002dc900000,0x00000002dca00000)]
  0x0000019dea3840b0 JavaThread "pool-13-thread-1" [_thread_in_native, id=23504, stack(0x00000002de500000,0x00000002de600000)]
  0x0000019dea396850 JavaThread "Simple-Language-Server main thread" daemon [_thread_blocked, id=14964, stack(0x00000002de600000,0x00000002de700000)]
  0x0000019dea3ab020 JavaThread "pool-8-thread-1" [_thread_blocked, id=13720, stack(0x00000002dea00000,0x00000002deb00000)]
  0x0000019dea3abf50 JavaThread "parallel-1" daemon [_thread_blocked, id=5028, stack(0x00000002deb00000,0x00000002dec00000)]
  0x0000019dea3aa0f0 JavaThread "pool-6-thread-1" [_thread_blocked, id=27940, stack(0x00000002dec00000,0x00000002ded00000)]
  0x0000019dea3ac460 JavaThread "parallel-2" daemon [_thread_blocked, id=32244, stack(0x00000002ded00000,0x00000002dee00000)]
  0x0000019dea3ad390 JavaThread "parallel-3" daemon [_thread_blocked, id=12808, stack(0x00000002dee00000,0x00000002def00000)]
  0x0000019dea3ace80 JavaThread "Reconciler-1" daemon [_thread_blocked, id=13464, stack(0x00000002df200000,0x00000002df300000)]
  0x0000019dea3aab10 JavaThread "parallel-4" daemon [_thread_blocked, id=13780, stack(0x00000002df300000,0x00000002df400000)]
  0x0000019de4b24760 JavaThread "parallel-5" daemon [_thread_blocked, id=8244, stack(0x00000002df500000,0x00000002df600000)]
  0x0000019de4b223f0 JavaThread "parallel-6" daemon [_thread_blocked, id=16388, stack(0x00000002dc700000,0x00000002dc800000)]

Other Threads:
=>0x0000019de4896e90 VMThread "VM Thread" [stack: 0x00000002dcf00000,0x00000002dd000000] [id=14012]
  0x0000019de4bf35f0 WatcherThread [stack: 0x00000002dd900000,0x00000002dda00000] [id=32108]
  0x0000019dd9e4ee00 GCTaskThread "GC Thread#0" [stack: 0x00000002dca00000,0x00000002dcb00000] [id=15636]
  0x0000019de9878c20 GCTaskThread "GC Thread#1" [stack: 0x00000002ddc00000,0x00000002ddd00000] [id=24812]
  0x0000019de98abc50 GCTaskThread "GC Thread#2" [stack: 0x00000002ddd00000,0x00000002dde00000] [id=21744]
  0x0000019de981d4f0 GCTaskThread "GC Thread#3" [stack: 0x00000002dde00000,0x00000002ddf00000] [id=4900]
  0x0000019de9874a00 GCTaskThread "GC Thread#4" [stack: 0x00000002ddf00000,0x00000002de000000] [id=23424]
  0x0000019de98aac30 GCTaskThread "GC Thread#5" [stack: 0x00000002de000000,0x00000002de100000] [id=7024]
  0x0000019dd9e57c60 ConcurrentGCThread "G1 Main Marker" [stack: 0x00000002dcb00000,0x00000002dcc00000] [id=9912]
  0x0000019dd9e58590 ConcurrentGCThread "G1 Conc#0" [stack: 0x00000002dcc00000,0x00000002dcd00000] [id=26496]
  0x0000019de9cc1ab0 ConcurrentGCThread "G1 Conc#1" [stack: 0x00000002de200000,0x00000002de300000] [id=22456]
  0x0000019dd9eb4d80 ConcurrentGCThread "G1 Refine#0" [stack: 0x00000002dcd00000,0x00000002dce00000] [id=29864]
  0x0000019dd9eb56c0 ConcurrentGCThread "G1 Service" [stack: 0x00000002dce00000,0x00000002dcf00000] [id=19612]

Threads with active compile tasks:

VM state: at safepoint (normal execution)

VM Mutex/Monitor currently owned by a thread:  ([mutex/lock_event])
[0x0000019dd7afdf90] Threads_lock - owner thread: 0x0000019de4896e90
[0x0000019dd9e0ded0] Heap_lock - owner thread: 0x0000019dea27c440

Heap address: 0x00000000c0000000, size: 1024 MB, Compressed Oops mode: 32-bit

CDS archive(s) not mapped
Compressed class space mapped at: 0x0000000100000000-0x0000000140000000, reserved size: 1073741824
Narrow klass base: 0x0000000000000000, Narrow klass shift: 3, Narrow klass range: 0x140000000

GC Precious Log:
 CPUs: 6 total, 6 available
 Memory: 7600M
 Large Page Support: Disabled
 NUMA Support: Disabled
 Compressed Oops: Enabled (32-bit)
 Heap Region Size: 1M
 Heap Min Capacity: 8M
 Heap Initial Capacity: 120M
 Heap Max Capacity: 1G
 Pre-touch: Disabled
 Parallel Workers: 6
 Concurrent Workers: 2
 Concurrent Refinement Workers: 6
 Periodic GC: Disabled

Heap:
 garbage-first heap   total 89088K, used 36793K [0x00000000c0000000, 0x0000000100000000)
  region size 1024K, 1 young (1024K), 0 survivors (0K)
 Metaspace       used 59728K, committed 60160K, reserved 1114112K
  class space    used 7431K, committed 7616K, reserved 1048576K

Heap Regions: E=young(eden), S=young(survivor), O=old, HS=humongous(starts), HC=humongous(continues), CS=collection set, F=free, OA=open archive, CA=closed archive, TAMS=top-at-mark-start (previous, next)
|   0|0x00000000c0000000, 0x00000000c0100000, 0x00000000c0100000|100%|HS|  |TAMS 0x00000000c0100000, 0x00000000c0000000| Untracked 
|   1|0x00000000c0100000, 0x00000000c0200000, 0x00000000c0200000|100%|HC|  |TAMS 0x00000000c0200000, 0x00000000c0100000| Untracked 
|   2|0x00000000c0200000, 0x00000000c0300000, 0x00000000c0300000|100%|HC|  |TAMS 0x00000000c0300000, 0x00000000c0200000| Untracked 
|   3|0x00000000c0300000, 0x00000000c0400000, 0x00000000c0400000|100%|HC|  |TAMS 0x00000000c0400000, 0x00000000c0300000| Untracked 
|   4|0x00000000c0400000, 0x00000000c04fffe8, 0x00000000c0500000| 99%| O|  |TAMS 0x00000000c04fffe8, 0x00000000c0400000| Untracked 
|   5|0x00000000c0500000, 0x00000000c0600000, 0x00000000c0600000|100%| O|  |TAMS 0x00000000c0600000, 0x00000000c0500000| Untracked 
|   6|0x00000000c0600000, 0x00000000c06f3e38, 0x00000000c0700000| 95%| O|  |TAMS 0x00000000c06f3e38, 0x00000000c0600000| Untracked 
|   7|0x00000000c0700000, 0x00000000c07ffff0, 0x00000000c0800000| 99%| O|  |TAMS 0x00000000c07ffff0, 0x00000000c0700000| Untracked 
|   8|0x00000000c0800000, 0x00000000c0900000, 0x00000000c0900000|100%| O|  |TAMS 0x00000000c0900000, 0x00000000c0800000| Untracked 
|   9|0x00000000c0900000, 0x00000000c09fffd8, 0x00000000c0a00000| 99%| O|  |TAMS 0x00000000c09fffd8, 0x00000000c0900000| Untracked 
|  10|0x00000000c0a00000, 0x00000000c0aff328, 0x00000000c0b00000| 99%| O|  |TAMS 0x00000000c0aff328, 0x00000000c0a00000| Untracked 
|  11|0x00000000c0b00000, 0x00000000c0bffff8, 0x00000000c0c00000| 99%| O|  |TAMS 0x00000000c0bffff8, 0x00000000c0b00000| Untracked 
|  12|0x00000000c0c00000, 0x00000000c0d00000, 0x00000000c0d00000|100%| O|  |TAMS 0x00000000c0d00000, 0x00000000c0c00000| Untracked 
|  13|0x00000000c0d00000, 0x00000000c0e00000, 0x00000000c0e00000|100%| O|  |TAMS 0x00000000c0e00000, 0x00000000c0d00000| Untracked 
|  14|0x00000000c0e00000, 0x00000000c0effff0, 0x00000000c0f00000| 99%| O|  |TAMS 0x00000000c0effff0, 0x00000000c0e00000| Untracked 
|  15|0x00000000c0f00000, 0x00000000c0fffff8, 0x00000000c1000000| 99%| O|  |TAMS 0x00000000c0fffff8, 0x00000000c0f00000| Untracked 
|  16|0x00000000c1000000, 0x00000000c10ff290, 0x00000000c1100000| 99%| O|  |TAMS 0x00000000c10ff290, 0x00000000c1000000| Untracked 
|  17|0x00000000c1100000, 0x00000000c1200000, 0x00000000c1200000|100%| O|  |TAMS 0x00000000c1200000, 0x00000000c1100000| Untracked 
|  18|0x00000000c1200000, 0x00000000c12fffe8, 0x00000000c1300000| 99%| O|  |TAMS 0x00000000c12fffe8, 0x00000000c1200000| Untracked 
|  19|0x00000000c1300000, 0x00000000c13ffdb8, 0x00000000c1400000| 99%| O|  |TAMS 0x00000000c13ffdb8, 0x00000000c1300000| Untracked 
|  20|0x00000000c1400000, 0x00000000c1500000, 0x00000000c1500000|100%| O|  |TAMS 0x00000000c1500000, 0x00000000c1400000| Untracked 
|  21|0x00000000c1500000, 0x00000000c15fffe8, 0x00000000c1600000| 99%| O|  |TAMS 0x00000000c15fffe8, 0x00000000c1500000| Untracked 
|  22|0x00000000c1600000, 0x00000000c16fffd0, 0x00000000c1700000| 99%| O|  |TAMS 0x00000000c16fffd0, 0x00000000c1600000| Untracked 
|  23|0x00000000c1700000, 0x00000000c1800000, 0x00000000c1800000|100%| O|  |TAMS 0x00000000c1800000, 0x00000000c1700000| Untracked 
|  24|0x00000000c1800000, 0x00000000c18ffff8, 0x00000000c1900000| 99%| O|  |TAMS 0x00000000c18ffff8, 0x00000000c1800000| Untracked 
|  25|0x00000000c1900000, 0x00000000c19fffc8, 0x00000000c1a00000| 99%| O|  |TAMS 0x00000000c19fffc8, 0x00000000c1900000| Untracked 
|  26|0x00000000c1a00000, 0x00000000c1afffc0, 0x00000000c1b00000| 99%| O|  |TAMS 0x00000000c1afffc0, 0x00000000c1a00000| Untracked 
|  27|0x00000000c1b00000, 0x00000000c1c00000, 0x00000000c1c00000|100%| O|  |TAMS 0x00000000c1c00000, 0x00000000c1b00000| Untracked 
|  28|0x00000000c1c00000, 0x00000000c1cfe7e8, 0x00000000c1d00000| 99%| O|  |TAMS 0x00000000c1cfe7e8, 0x00000000c1c00000| Untracked 
|  29|0x00000000c1d00000, 0x00000000c1e00000, 0x00000000c1e00000|100%|HS|  |TAMS 0x00000000c1e00000, 0x00000000c1d00000| Untracked 
|  30|0x00000000c1e00000, 0x00000000c1f00000, 0x00000000c1f00000|100%| O|  |TAMS 0x00000000c1f00000, 0x00000000c1e00000| Untracked 
|  31|0x00000000c1f00000, 0x00000000c2000000, 0x00000000c2000000|100%| O|  |TAMS 0x00000000c2000000, 0x00000000c1f00000| Untracked 
|  32|0x00000000c2000000, 0x00000000c20fc168, 0x00000000c2100000| 98%| O|  |TAMS 0x00000000c20fc168, 0x00000000c2000000| Untracked 
|  33|0x00000000c2100000, 0x00000000c21ff8d0, 0x00000000c2200000| 99%| O|  |TAMS 0x00000000c21ff8d0, 0x00000000c2100000| Untracked 
|  34|0x00000000c2200000, 0x00000000c22f9758, 0x00000000c2300000| 97%| O|  |TAMS 0x00000000c22f9758, 0x00000000c2200000| Untracked 
|  35|0x00000000c2300000, 0x00000000c2308ce0, 0x00000000c2400000|  3%| O|  |TAMS 0x00000000c2300000, 0x00000000c2300000| Untracked 
|  36|0x00000000c2400000, 0x00000000c2400000, 0x00000000c2500000|  0%| F|  |TAMS 0x00000000c2400000, 0x00000000c2400000| Untracked 
|  37|0x00000000c2500000, 0x00000000c2500000, 0x00000000c2600000|  0%| F|  |TAMS 0x00000000c2500000, 0x00000000c2500000| Untracked 
|  38|0x00000000c2600000, 0x00000000c2600000, 0x00000000c2700000|  0%| F|  |TAMS 0x00000000c2600000, 0x00000000c2600000| Untracked 
|  39|0x00000000c2700000, 0x00000000c2700000, 0x00000000c2800000|  0%| F|  |TAMS 0x00000000c2700000, 0x00000000c2700000| Untracked 
|  40|0x00000000c2800000, 0x00000000c2800000, 0x00000000c2900000|  0%| F|  |TAMS 0x00000000c2800000, 0x00000000c2800000| Untracked 
|  41|0x00000000c2900000, 0x00000000c2900000, 0x00000000c2a00000|  0%| F|  |TAMS 0x00000000c2900000, 0x00000000c2900000| Untracked 
|  42|0x00000000c2a00000, 0x00000000c2a00000, 0x00000000c2b00000|  0%| F|  |TAMS 0x00000000c2a00000, 0x00000000c2a00000| Untracked 
|  43|0x00000000c2b00000, 0x00000000c2b00000, 0x00000000c2c00000|  0%| F|  |TAMS 0x00000000c2b00000, 0x00000000c2b00000| Untracked 
|  44|0x00000000c2c00000, 0x00000000c2c00000, 0x00000000c2d00000|  0%| F|  |TAMS 0x00000000c2c00000, 0x00000000c2c00000| Untracked 
|  45|0x00000000c2d00000, 0x00000000c2d00000, 0x00000000c2e00000|  0%| F|  |TAMS 0x00000000c2d00000, 0x00000000c2d00000| Untracked 
|  46|0x00000000c2e00000, 0x00000000c2e00000, 0x00000000c2f00000|  0%| F|  |TAMS 0x00000000c2e00000, 0x00000000c2e00000| Untracked 
|  47|0x00000000c2f00000, 0x00000000c2f00000, 0x00000000c3000000|  0%| F|  |TAMS 0x00000000c2f00000, 0x00000000c2f00000| Untracked 
|  48|0x00000000c3000000, 0x00000000c3000000, 0x00000000c3100000|  0%| F|  |TAMS 0x00000000c3000000, 0x00000000c3000000| Untracked 
|  49|0x00000000c3100000, 0x00000000c3100000, 0x00000000c3200000|  0%| F|  |TAMS 0x00000000c3100000, 0x00000000c3100000| Untracked 
|  50|0x00000000c3200000, 0x00000000c3200000, 0x00000000c3300000|  0%| F|  |TAMS 0x00000000c3200000, 0x00000000c3200000| Untracked 
|  51|0x00000000c3300000, 0x00000000c3300000, 0x00000000c3400000|  0%| F|  |TAMS 0x00000000c3300000, 0x00000000c3300000| Untracked 
|  52|0x00000000c3400000, 0x00000000c3400000, 0x00000000c3500000|  0%| F|  |TAMS 0x00000000c3400000, 0x00000000c3400000| Untracked 
|  53|0x00000000c3500000, 0x00000000c3500000, 0x00000000c3600000|  0%| F|  |TAMS 0x00000000c3500000, 0x00000000c3500000| Untracked 
|  54|0x00000000c3600000, 0x00000000c3600000, 0x00000000c3700000|  0%| F|  |TAMS 0x00000000c3600000, 0x00000000c3600000| Untracked 
|  55|0x00000000c3700000, 0x00000000c3700000, 0x00000000c3800000|  0%| F|  |TAMS 0x00000000c3700000, 0x00000000c3700000| Untracked 
|  56|0x00000000c3800000, 0x00000000c3800000, 0x00000000c3900000|  0%| F|  |TAMS 0x00000000c3800000, 0x00000000c3800000| Untracked 
|  57|0x00000000c3900000, 0x00000000c3900000, 0x00000000c3a00000|  0%| F|  |TAMS 0x00000000c3900000, 0x00000000c3900000| Untracked 
|  58|0x00000000c3a00000, 0x00000000c3a00000, 0x00000000c3b00000|  0%| F|  |TAMS 0x00000000c3a00000, 0x00000000c3a00000| Untracked 
|  59|0x00000000c3b00000, 0x00000000c3b00000, 0x00000000c3c00000|  0%| F|  |TAMS 0x00000000c3b00000, 0x00000000c3b00000| Untracked 
|  60|0x00000000c3c00000, 0x00000000c3c00000, 0x00000000c3d00000|  0%| F|  |TAMS 0x00000000c3c00000, 0x00000000c3c00000| Untracked 
|  61|0x00000000c3d00000, 0x00000000c3d00000, 0x00000000c3e00000|  0%| F|  |TAMS 0x00000000c3d00000, 0x00000000c3d00000| Untracked 
|  62|0x00000000c3e00000, 0x00000000c3e00000, 0x00000000c3f00000|  0%| F|  |TAMS 0x00000000c3e00000, 0x00000000c3e00000| Untracked 
|  63|0x00000000c3f00000, 0x00000000c3f00000, 0x00000000c4000000|  0%| F|  |TAMS 0x00000000c3f00000, 0x00000000c3f00000| Untracked 
|  64|0x00000000c4000000, 0x00000000c4000000, 0x00000000c4100000|  0%| F|  |TAMS 0x00000000c4000000, 0x00000000c4000000| Untracked 
|  65|0x00000000c4100000, 0x00000000c4100000, 0x00000000c4200000|  0%| F|  |TAMS 0x00000000c4100000, 0x00000000c4100000| Untracked 
|  66|0x00000000c4200000, 0x00000000c4200000, 0x00000000c4300000|  0%| F|  |TAMS 0x00000000c4200000, 0x00000000c4200000| Untracked 
|  67|0x00000000c4300000, 0x00000000c4300000, 0x00000000c4400000|  0%| F|  |TAMS 0x00000000c4300000, 0x00000000c4300000| Untracked 
|  68|0x00000000c4400000, 0x00000000c4400000, 0x00000000c4500000|  0%| F|  |TAMS 0x00000000c4400000, 0x00000000c4400000| Untracked 
|  69|0x00000000c4500000, 0x00000000c4500000, 0x00000000c4600000|  0%| F|  |TAMS 0x00000000c4500000, 0x00000000c4500000| Untracked 
|  70|0x00000000c4600000, 0x00000000c4600000, 0x00000000c4700000|  0%| F|  |TAMS 0x00000000c4600000, 0x00000000c4600000| Untracked 
|  71|0x00000000c4700000, 0x00000000c4700000, 0x00000000c4800000|  0%| F|  |TAMS 0x00000000c4700000, 0x00000000c4700000| Untracked 
|  72|0x00000000c4800000, 0x00000000c4800000, 0x00000000c4900000|  0%| F|  |TAMS 0x00000000c4800000, 0x00000000c4800000| Untracked 
|  73|0x00000000c4900000, 0x00000000c4900000, 0x00000000c4a00000|  0%| F|  |TAMS 0x00000000c4900000, 0x00000000c4900000| Untracked 
|  74|0x00000000c4a00000, 0x00000000c4a00000, 0x00000000c4b00000|  0%| F|  |TAMS 0x00000000c4a00000, 0x00000000c4a00000| Untracked 
|  75|0x00000000c4b00000, 0x00000000c4b00000, 0x00000000c4c00000|  0%| F|  |TAMS 0x00000000c4b00000, 0x00000000c4b00000| Untracked 
|  76|0x00000000c4c00000, 0x00000000c4c00000, 0x00000000c4d00000|  0%| F|  |TAMS 0x00000000c4c00000, 0x00000000c4c00000| Untracked 
|  77|0x00000000c4d00000, 0x00000000c4d00000, 0x00000000c4e00000|  0%| F|  |TAMS 0x00000000c4d00000, 0x00000000c4d00000| Untracked 
|  78|0x00000000c4e00000, 0x00000000c4e00000, 0x00000000c4f00000|  0%| F|  |TAMS 0x00000000c4e00000, 0x00000000c4e00000| Untracked 
|  79|0x00000000c4f00000, 0x00000000c4f00000, 0x00000000c5000000|  0%| F|  |TAMS 0x00000000c4f00000, 0x00000000c4f00000| Untracked 
|  80|0x00000000c5000000, 0x00000000c5000000, 0x00000000c5100000|  0%| F|  |TAMS 0x00000000c5000000, 0x00000000c5000000| Untracked 
|  81|0x00000000c5100000, 0x00000000c5100000, 0x00000000c5200000|  0%| F|  |TAMS 0x00000000c5100000, 0x00000000c5100000| Untracked 
|  82|0x00000000c5200000, 0x00000000c5200000, 0x00000000c5300000|  0%| F|  |TAMS 0x00000000c5200000, 0x00000000c5200000| Untracked 
|  83|0x00000000c5300000, 0x00000000c5300000, 0x00000000c5400000|  0%| F|  |TAMS 0x00000000c5300000, 0x00000000c5300000| Untracked 
| 117|0x00000000c7500000, 0x00000000c7600000, 0x00000000c7600000|100%| O|  |TAMS 0x00000000c7600000, 0x00000000c7500000| Untracked 
| 118|0x00000000c7600000, 0x00000000c7600000, 0x00000000c7700000|  0%| F|  |TAMS 0x00000000c7600000, 0x00000000c7600000| Untracked 
| 119|0x00000000c7700000, 0x00000000c770b160, 0x00000000c7800000|  4%| E|  |TAMS 0x00000000c7700000, 0x00000000c7700000| Complete 

Card table byte_map: [0x0000019ddfca0000,0x0000019ddfea0000] _byte_map_base: 0x0000019ddf6a0000

Marking Bits (Prev, Next): (CMBitMap*) 0x0000019dd9e4f330, (CMBitMap*) 0x0000019dd9e4f370
 Prev Bits: [0x0000019de00a0000, 0x0000019de10a0000)
 Next Bits: [0x0000019de10a0000, 0x0000019de20a0000)

Polling page: 0x0000019dd7db0000

Metaspace:

Usage:
  Non-class:     51.07 MB used.
      Class:      7.26 MB used.
       Both:     58.33 MB used.

Virtual space:
  Non-class space:       64.00 MB reserved,      51.31 MB ( 80%) committed,  1 nodes.
      Class space:        1.00 GB reserved,       7.44 MB ( <1%) committed,  1 nodes.
             Both:        1.06 GB reserved,      58.75 MB (  5%) committed. 

Chunk freelists:
   Non-Class:  11.80 MB
       Class:  8.40 MB
        Both:  20.20 MB

MaxMetaspaceSize: unlimited
CompressedClassSpaceSize: 1.00 GB
Initial GC threshold: 21.00 MB
Current GC threshold: 97.94 MB
CDS: off
MetaspaceReclaimPolicy: balanced
 - commit_granule_bytes: 65536.
 - commit_granule_words: 8192.
 - virtual_space_node_default_size: 8388608.
 - enlarge_chunks_in_place: 1.
 - new_chunks_are_fully_committed: 0.
 - uncommit_free_chunks: 1.
 - use_allocation_guard: 0.
 - handle_deallocations: 1.


Internal statistics:

num_allocs_failed_limit: 14.
num_arena_births: 714.
num_arena_deaths: 260.
num_vsnodes_births: 2.
num_vsnodes_deaths: 0.
num_space_committed: 940.
num_space_uncommitted: 0.
num_chunks_returned_to_freelist: 325.
num_chunks_taken_from_freelist: 2677.
num_chunk_merges: 97.
num_chunk_splits: 1806.
num_chunks_enlarged: 1361.
num_inconsistent_stats: 0.

CodeCache: size=49152Kb used=13346Kb max_used=14115Kb free=35805Kb
 bounds [0x0000019ddcaa0000, 0x0000019ddd8b0000, 0x0000019ddfaa0000]
 total_blobs=7928 nmethods=7250 adapters=601
 compilation: enabled
              stopped_count=0, restarted_count=0
 full_count=0

Compilation events (20 events):
Event: 1560.123 Thread 0x0000019de48f3a40 7239       1       java.lang.ProcessImpl::getInputStream (5 bytes)
Event: 1560.123 Thread 0x0000019de48f3a40 nmethod 7239 0x0000019ddd882790 code [0x0000019ddd882920, 0x0000019ddd8829f8]
Event: 1560.123 Thread 0x0000019de48f3a40 7240       1       java.lang.ProcessImpl::getErrorStream (5 bytes)
Event: 1560.123 Thread 0x0000019de48f3a40 nmethod 7240 0x0000019ddd882490 code [0x0000019ddd882620, 0x0000019ddd8826f8]
Event: 1560.123 Thread 0x0000019de48f3a40 7242       1       java.lang.ProcessImpl::getOutputStream (5 bytes)
Event: 1560.124 Thread 0x0000019de48f3a40 nmethod 7242 0x0000019ddd882190 code [0x0000019ddd882320, 0x0000019ddd8823f8]
Event: 1960.092 Thread 0x0000019de48f3a40 7244       1       java.util.Properties::getProperty (16 bytes)
Event: 1960.095 Thread 0x0000019de48f3a40 nmethod 7244 0x0000019ddd881a90 code [0x0000019ddd881c20, 0x0000019ddd881d28]
Event: 2108.817 Thread 0x0000019de48f3a40 7245       1       java.util.concurrent.ConcurrentLinkedDeque::first (65 bytes)
Event: 2108.843 Thread 0x0000019de48f3a40 nmethod 7245 0x0000019ddd881090 code [0x0000019ddd881280, 0x0000019ddd881778]
Event: 2237.954 Thread 0x0000019de48f3a40 7246       1       java.lang.System::getProperty (26 bytes)
Event: 2238.075 Thread 0x0000019de48f3a40 nmethod 7246 0x0000019ddd880810 code [0x0000019ddd880a20, 0x0000019ddd880e08]
Event: 2350.827 Thread 0x0000019de48f3a40 7247       1       java.lang.Runtime::exec (73 bytes)
Event: 2350.843 Thread 0x0000019de48f3a40 nmethod 7247 0x0000019ddd87fd10 code [0x0000019ddd87ff20, 0x0000019ddd8804b8]
Event: 2350.843 Thread 0x0000019de48f3a40 7248       1       java.lang.ProcessBuilder::<init> (56 bytes)
Event: 2350.848 Thread 0x0000019de48f3a40 nmethod 7248 0x0000019ddd87f810 code [0x0000019ddd87f9c0, 0x0000019ddd87fbf8]
Event: 2558.813 Thread 0x0000019de48f3a40 7249       1       java.time.Clock$TickClock::millis (23 bytes)
Event: 2558.824 Thread 0x0000019de48f3a40 nmethod 7249 0x0000019ddd87f390 code [0x0000019ddd87f540, 0x0000019ddd87f6e8]
Event: 2558.824 Thread 0x0000019de48f3a40 7250       1       java.time.Clock$SystemClock::millis (4 bytes)
Event: 2558.824 Thread 0x0000019de48f3a40 nmethod 7250 0x0000019ddd87f090 code [0x0000019ddd87f220, 0x0000019ddd87f2f8]

GC Heap History (20 events):
Event: 2464.005 GC heap before
{Heap before GC invocations=244 (full 215):
 garbage-first heap   total 89088K, used 36793K [0x00000000c0000000, 0x0000000100000000)
  region size 1024K, 1 young (1024K), 0 survivors (0K)
 Metaspace       used 59728K, committed 60160K, reserved 1114112K
  class space    used 7431K, committed 7616K, reserved 1048576K
}
Event: 2464.037 GC heap after
{Heap after GC invocations=245 (full 216):
 garbage-first heap   total 89088K, used 36793K [0x00000000c0000000, 0x0000000100000000)
  region size 1024K, 0 young (0K), 0 survivors (0K)
 Metaspace       used 59728K, committed 60160K, reserved 1114112K
  class space    used 7431K, committed 7616K, reserved 1048576K
}
Event: 2474.341 GC heap before
{Heap before GC invocations=245 (full 216):
 garbage-first heap   total 89088K, used 36793K [0x00000000c0000000, 0x0000000100000000)
  region size 1024K, 1 young (1024K), 0 survivors (0K)
 Metaspace       used 59728K, committed 60160K, reserved 1114112K
  class space    used 7431K, committed 7616K, reserved 1048576K
}
Event: 2474.376 GC heap after
{Heap after GC invocations=246 (full 217):
 garbage-first heap   total 89088K, used 36793K [0x00000000c0000000, 0x0000000100000000)
  region size 1024K, 0 young (0K), 0 survivors (0K)
 Metaspace       used 59728K, committed 60160K, reserved 1114112K
  class space    used 7431K, committed 7616K, reserved 1048576K
}
Event: 2484.723 GC heap before
{Heap before GC invocations=246 (full 217):
 garbage-first heap   total 89088K, used 36793K [0x00000000c0000000, 0x0000000100000000)
  region size 1024K, 1 young (1024K), 0 survivors (0K)
 Metaspace       used 59728K, committed 60160K, reserved 1114112K
  class space    used 7431K, committed 7616K, reserved 1048576K
}
Event: 2484.758 GC heap after
{Heap after GC invocations=247 (full 218):
 garbage-first heap   total 89088K, used 36793K [0x00000000c0000000, 0x0000000100000000)
  region size 1024K, 0 young (0K), 0 survivors (0K)
 Metaspace       used 59728K, committed 60160K, reserved 1114112K
  class space    used 7431K, committed 7616K, reserved 1048576K
}
Event: 2495.060 GC heap before
{Heap before GC invocations=247 (full 218):
 garbage-first heap   total 89088K, used 36793K [0x00000000c0000000, 0x0000000100000000)
  region size 1024K, 1 young (1024K), 0 survivors (0K)
 Metaspace       used 59728K, committed 60160K, reserved 1114112K
  class space    used 7431K, committed 7616K, reserved 1048576K
}
Event: 2495.098 GC heap after
{Heap after GC invocations=248 (full 219):
 garbage-first heap   total 89088K, used 36793K [0x00000000c0000000, 0x0000000100000000)
  region size 1024K, 0 young (0K), 0 survivors (0K)
 Metaspace       used 59728K, committed 60160K, reserved 1114112K
  class space    used 7431K, committed 7616K, reserved 1048576K
}
Event: 2505.348 GC heap before
{Heap before GC invocations=248 (full 219):
 garbage-first heap   total 89088K, used 36793K [0x00000000c0000000, 0x0000000100000000)
  region size 1024K, 1 young (1024K), 0 survivors (0K)
 Metaspace       used 59728K, committed 60160K, reserved 1114112K
  class space    used 7431K, committed 7616K, reserved 1048576K
}
Event: 2505.381 GC heap after
{Heap after GC invocations=249 (full 220):
 garbage-first heap   total 89088K, used 36793K [0x00000000c0000000, 0x0000000100000000)
  region size 1024K, 0 young (0K), 0 survivors (0K)
 Metaspace       used 59728K, committed 60160K, reserved 1114112K
  class space    used 7431K, committed 7616K, reserved 1048576K
}
Event: 2515.618 GC heap before
{Heap before GC invocations=249 (full 220):
 garbage-first heap   total 89088K, used 36793K [0x00000000c0000000, 0x0000000100000000)
  region size 1024K, 1 young (1024K), 0 survivors (0K)
 Metaspace       used 59728K, committed 60160K, reserved 1114112K
  class space    used 7431K, committed 7616K, reserved 1048576K
}
Event: 2515.652 GC heap after
{Heap after GC invocations=250 (full 221):
 garbage-first heap   total 89088K, used 36793K [0x00000000c0000000, 0x0000000100000000)
  region size 1024K, 0 young (0K), 0 survivors (0K)
 Metaspace       used 59728K, committed 60160K, reserved 1114112K
  class space    used 7431K, committed 7616K, reserved 1048576K
}
Event: 2525.909 GC heap before
{Heap before GC invocations=250 (full 221):
 garbage-first heap   total 89088K, used 36793K [0x00000000c0000000, 0x0000000100000000)
  region size 1024K, 1 young (1024K), 0 survivors (0K)
 Metaspace       used 59728K, committed 60160K, reserved 1114112K
  class space    used 7431K, committed 7616K, reserved 1048576K
}
Event: 2525.942 GC heap after
{Heap after GC invocations=251 (full 222):
 garbage-first heap   total 89088K, used 36793K [0x00000000c0000000, 0x0000000100000000)
  region size 1024K, 0 young (0K), 0 survivors (0K)
 Metaspace       used 59728K, committed 60160K, reserved 1114112K
  class space    used 7431K, committed 7616K, reserved 1048576K
}
Event: 2536.236 GC heap before
{Heap before GC invocations=251 (full 222):
 garbage-first heap   total 89088K, used 36793K [0x00000000c0000000, 0x0000000100000000)
  region size 1024K, 1 young (1024K), 0 survivors (0K)
 Metaspace       used 59728K, committed 60160K, reserved 1114112K
  class space    used 7431K, committed 7616K, reserved 1048576K
}
Event: 2536.269 GC heap after
{Heap after GC invocations=252 (full 223):
 garbage-first heap   total 89088K, used 36793K [0x00000000c0000000, 0x0000000100000000)
  region size 1024K, 0 young (0K), 0 survivors (0K)
 Metaspace       used 59728K, committed 60160K, reserved 1114112K
  class space    used 7431K, committed 7616K, reserved 1048576K
}
Event: 2546.487 GC heap before
{Heap before GC invocations=252 (full 223):
 garbage-first heap   total 89088K, used 36793K [0x00000000c0000000, 0x0000000100000000)
  region size 1024K, 1 young (1024K), 0 survivors (0K)
 Metaspace       used 59728K, committed 60160K, reserved 1114112K
  class space    used 7431K, committed 7616K, reserved 1048576K
}
Event: 2546.519 GC heap after
{Heap after GC invocations=253 (full 224):
 garbage-first heap   total 89088K, used 36793K [0x00000000c0000000, 0x0000000100000000)
  region size 1024K, 0 young (0K), 0 survivors (0K)
 Metaspace       used 59728K, committed 60160K, reserved 1114112K
  class space    used 7431K, committed 7616K, reserved 1048576K
}
Event: 2556.719 GC heap before
{Heap before GC invocations=253 (full 224):
 garbage-first heap   total 89088K, used 36793K [0x00000000c0000000, 0x0000000100000000)
  region size 1024K, 1 young (1024K), 0 survivors (0K)
 Metaspace       used 59728K, committed 60160K, reserved 1114112K
  class space    used 7431K, committed 7616K, reserved 1048576K
}
Event: 2556.750 GC heap after
{Heap after GC invocations=254 (full 225):
 garbage-first heap   total 89088K, used 36793K [0x00000000c0000000, 0x0000000100000000)
  region size 1024K, 0 young (0K), 0 survivors (0K)
 Metaspace       used 59728K, committed 60160K, reserved 1114112K
  class space    used 7431K, committed 7616K, reserved 1048576K
}

Dll operation events (9 events):
Event: 0.014 Loaded shared library c:\Users\Thalia\.vscode\extensions\redhat.java-1.25.1-win32-x64\jre\17.0.9-win32-x86_64\bin\java.dll
Event: 0.434 Loaded shared library C:\Users\Thalia\.vscode\extensions\redhat.java-1.25.1-win32-x64\jre\17.0.9-win32-x86_64\bin\net.dll
Event: 0.436 Loaded shared library C:\Users\Thalia\.vscode\extensions\redhat.java-1.25.1-win32-x64\jre\17.0.9-win32-x86_64\bin\nio.dll
Event: 0.445 Loaded shared library C:\Users\Thalia\.vscode\extensions\redhat.java-1.25.1-win32-x64\jre\17.0.9-win32-x86_64\bin\zip.dll
Event: 1.311 Loaded shared library C:\Users\Thalia\.vscode\extensions\redhat.java-1.25.1-win32-x64\jre\17.0.9-win32-x86_64\bin\jimage.dll
Event: 7.873 Loaded shared library c:\Users\Thalia\.vscode\extensions\redhat.java-1.25.1-win32-x64\jre\17.0.9-win32-x86_64\bin\verify.dll
Event: 9.157 Loaded shared library C:\Users\Thalia\.vscode\extensions\redhat.java-1.25.1-win32-x64\jre\17.0.9-win32-x86_64\bin\management.dll
Event: 9.164 Loaded shared library C:\Users\Thalia\.vscode\extensions\redhat.java-1.25.1-win32-x64\jre\17.0.9-win32-x86_64\bin\management_ext.dll
Event: 16.603 Loaded shared library C:\Users\Thalia\.vscode\extensions\redhat.java-1.25.1-win32-x64\jre\17.0.9-win32-x86_64\bin\sunmscapi.dll

Deoptimization events (20 events):
Event: 17.872 Thread 0x0000019dea3aa0f0 DEOPT PACKING pc=0x0000019ddd4e4c78 sp=0x00000002decfc9f0
Event: 17.872 Thread 0x0000019dea3aa0f0 DEOPT UNPACKING pc=0x0000019ddcaf7143 sp=0x00000002decfbea8 mode 3
Event: 17.872 Thread 0x0000019dea3aa0f0 DEOPT PACKING pc=0x0000019ddd4e5d84 sp=0x00000002decfc900
Event: 17.872 Thread 0x0000019dea3aa0f0 DEOPT UNPACKING pc=0x0000019ddcaf7143 sp=0x00000002decfbde0 mode 3
Event: 18.275 Thread 0x0000019dea3aa0f0 DEOPT PACKING pc=0x0000019ddd5ca936 sp=0x00000002decfd4c0
Event: 18.275 Thread 0x0000019dea3aa0f0 DEOPT UNPACKING pc=0x0000019ddcaf7143 sp=0x00000002decfc9b8 mode 3
Event: 19.000 Thread 0x0000019dea3aa0f0 DEOPT PACKING pc=0x0000019ddd670aa0 sp=0x00000002decfdb40
Event: 19.000 Thread 0x0000019dea3aa0f0 DEOPT UNPACKING pc=0x0000019ddcaf7143 sp=0x00000002decfcfc0 mode 3
Event: 19.191 Thread 0x0000019dea3aa0f0 DEOPT PACKING pc=0x0000019ddd59ac0c sp=0x00000002decfe350
Event: 19.191 Thread 0x0000019dea3aa0f0 DEOPT UNPACKING pc=0x0000019ddcaf7143 sp=0x00000002decfd8d0 mode 0
Event: 19.191 Thread 0x0000019dea3aa0f0 DEOPT PACKING pc=0x0000019ddd59ac0c sp=0x00000002decfe5b0
Event: 19.191 Thread 0x0000019dea3aa0f0 DEOPT UNPACKING pc=0x0000019ddcaf7143 sp=0x00000002decfdb30 mode 0
Event: 19.200 Thread 0x0000019dea3aa0f0 DEOPT PACKING pc=0x0000019ddd59ac0c sp=0x00000002decfea30
Event: 19.200 Thread 0x0000019dea3aa0f0 DEOPT UNPACKING pc=0x0000019ddcaf7143 sp=0x00000002decfdfb0 mode 0
Event: 19.499 Thread 0x0000019dea3aa0f0 DEOPT PACKING pc=0x0000019ddd589dc4 sp=0x00000002decfe8a0
Event: 19.499 Thread 0x0000019dea3aa0f0 DEOPT UNPACKING pc=0x0000019ddcaf7143 sp=0x00000002decfdde0 mode 0
Event: 199.120 Thread 0x0000019dea3840b0 DEOPT PACKING pc=0x0000019ddd0028d4 sp=0x00000002de5fefc0
Event: 199.120 Thread 0x0000019dea3840b0 DEOPT UNPACKING pc=0x0000019ddcaf7143 sp=0x00000002de5fe448 mode 0
Event: 1071.600 Thread 0x0000019dea3ace80 DEOPT PACKING pc=0x0000019ddd6d307d sp=0x00000002df2fd7d0
Event: 1071.601 Thread 0x0000019dea3ace80 DEOPT UNPACKING pc=0x0000019ddcaf7143 sp=0x00000002df2fcd38 mode 3

Classes unloaded (20 events):
Event: 253.692 Thread 0x0000019de4896e90 Unloading class 0x0000000100531800 'java/lang/invoke/LambdaForm$MH+0x0000000100531800'
Event: 1139.949 Thread 0x0000019de4896e90 Unloading class 0x0000000100798c00 'java/lang/invoke/LambdaForm$MH+0x0000000100798c00'
Event: 1139.949 Thread 0x0000019de4896e90 Unloading class 0x0000000100798800 'java/lang/invoke/LambdaForm$MH+0x0000000100798800'
Event: 1139.949 Thread 0x0000019de4896e90 Unloading class 0x0000000100798400 'java/lang/invoke/LambdaForm$MH+0x0000000100798400'
Event: 1139.949 Thread 0x0000019de4896e90 Unloading class 0x000000010039d400 'java/lang/invoke/LambdaForm$MH+0x000000010039d400'
Event: 1139.949 Thread 0x0000019de4896e90 Unloading class 0x00000001003a8c00 'java/lang/invoke/LambdaForm$MH+0x00000001003a8c00'
Event: 1139.949 Thread 0x0000019de4896e90 Unloading class 0x00000001003a9000 'java/lang/invoke/LambdaForm$MH+0x00000001003a9000'
Event: 1139.949 Thread 0x0000019de4896e90 Unloading class 0x00000001003aa000 'java/lang/invoke/LambdaForm$MH+0x00000001003aa000'
Event: 1139.951 Thread 0x0000019de4896e90 Unloading class 0x00000001003c4800 'java/lang/invoke/LambdaForm$MH+0x00000001003c4800'
Event: 1139.951 Thread 0x0000019de4896e90 Unloading class 0x0000000100404400 'java/lang/invoke/LambdaForm$MH+0x0000000100404400'
Event: 1139.951 Thread 0x0000019de4896e90 Unloading class 0x0000000100408000 'java/lang/invoke/LambdaForm$MH+0x0000000100408000'
Event: 1139.951 Thread 0x0000019de4896e90 Unloading class 0x000000010045c400 'java/lang/invoke/LambdaForm$MH+0x000000010045c400'
Event: 1139.952 Thread 0x0000019de4896e90 Unloading class 0x00000001004e9800 'java/lang/invoke/LambdaForm$MH+0x00000001004e9800'
Event: 1139.952 Thread 0x0000019de4896e90 Unloading class 0x000000010051c000 'java/lang/invoke/LambdaForm$MH+0x000000010051c000'
Event: 1139.952 Thread 0x0000019de4896e90 Unloading class 0x00000001000cc000 'java/lang/invoke/LambdaForm$MH+0x00000001000cc000'
Event: 1139.952 Thread 0x0000019de4896e90 Unloading class 0x00000001000cd400 'java/lang/invoke/LambdaForm$MH+0x00000001000cd400'
Event: 1139.952 Thread 0x0000019de4896e90 Unloading class 0x00000001000ce800 'java/lang/invoke/LambdaForm$MH+0x00000001000ce800'
Event: 1139.952 Thread 0x0000019de4896e90 Unloading class 0x0000000100531800 'java/lang/invoke/LambdaForm$MH+0x0000000100531800'
Event: 1139.952 Thread 0x0000019de4896e90 Unloading class 0x0000000100531000 'java/lang/invoke/LambdaForm$MH+0x0000000100531000'
Event: 1139.952 Thread 0x0000019de4896e90 Unloading class 0x00000001003b1000 'java/lang/invoke/LambdaForm$MH+0x00000001003b1000'

Classes redefined (0 events):
No events

Internal exceptions (20 events):
Event: 1096.222 Thread 0x0000019dea3ace80 Exception <a 'sun/nio/fs/WindowsException'{0x00000000c3d1a580}> (0x00000000c3d1a580) 
thrown [s\src\hotspot\share\prims\jni.cpp, line 516]
Event: 1096.222 Thread 0x0000019dea3ace80 Exception <a 'sun/nio/fs/WindowsException'{0x00000000c3d1ac80}> (0x00000000c3d1ac80) 
thrown [s\src\hotspot\share\prims\jni.cpp, line 516]
Event: 1096.222 Thread 0x0000019dea3ace80 Exception <a 'sun/nio/fs/WindowsException'{0x00000000c3d1b010}> (0x00000000c3d1b010) 
thrown [s\src\hotspot\share\prims\jni.cpp, line 516]
Event: 1096.222 Thread 0x0000019dea3ace80 Exception <a 'sun/nio/fs/WindowsException'{0x00000000c3d1bf48}> (0x00000000c3d1bf48) 
thrown [s\src\hotspot\share\prims\jni.cpp, line 516]
Event: 1096.222 Thread 0x0000019dea3ace80 Exception <a 'sun/nio/fs/WindowsException'{0x00000000c3d1c318}> (0x00000000c3d1c318) 
thrown [s\src\hotspot\share\prims\jni.cpp, line 516]
Event: 1096.223 Thread 0x0000019dea3ace80 Exception <a 'sun/nio/fs/WindowsException'{0x00000000c3d1d060}> (0x00000000c3d1d060) 
thrown [s\src\hotspot\share\prims\jni.cpp, line 516]
Event: 1096.223 Thread 0x0000019dea3ace80 Exception <a 'sun/nio/fs/WindowsException'{0x00000000c3d1d780}> (0x00000000c3d1d780) 
thrown [s\src\hotspot\share\prims\jni.cpp, line 516]
Event: 1096.223 Thread 0x0000019dea3ace80 Exception <a 'sun/nio/fs/WindowsException'{0x00000000c3d1db20}> (0x00000000c3d1db20) 
thrown [s\src\hotspot\share\prims\jni.cpp, line 516]
Event: 1096.223 Thread 0x0000019dea3ace80 Exception <a 'sun/nio/fs/WindowsException'{0x00000000c3d1ea70}> (0x00000000c3d1ea70) 
thrown [s\src\hotspot\share\prims\jni.cpp, line 516]
Event: 1096.223 Thread 0x0000019dea3ace80 Exception <a 'sun/nio/fs/WindowsException'{0x00000000c3d1ee50}> (0x00000000c3d1ee50) 
thrown [s\src\hotspot\share\prims\jni.cpp, line 516]
Event: 1096.224 Thread 0x0000019dea3ace80 Exception <a 'sun/nio/fs/WindowsException'{0x00000000c3d1fb98}> (0x00000000c3d1fb98) 
thrown [s\src\hotspot\share\prims\jni.cpp, line 516]
Event: 1096.224 Thread 0x0000019dea3ace80 Exception <a 'sun/nio/fs/WindowsException'{0x00000000c3d202b8}> (0x00000000c3d202b8) 
thrown [s\src\hotspot\share\prims\jni.cpp, line 516]
Event: 1096.224 Thread 0x0000019dea3ace80 Exception <a 'sun/nio/fs/WindowsException'{0x00000000c3d20658}> (0x00000000c3d20658) 
thrown [s\src\hotspot\share\prims\jni.cpp, line 516]
Event: 1096.227 Thread 0x0000019dea3ace80 Exception <a 'sun/nio/fs/WindowsException'{0x00000000c3d215a8}> (0x00000000c3d215a8) 
thrown [s\src\hotspot\share\prims\jni.cpp, line 516]
Event: 1096.227 Thread 0x0000019dea3ace80 Exception <a 'sun/nio/fs/WindowsException'{0x00000000c3d21988}> (0x00000000c3d21988) 
thrown [s\src\hotspot\share\prims\jni.cpp, line 516]
Event: 1096.227 Thread 0x0000019dea3ace80 Exception <a 'sun/nio/fs/WindowsException'{0x00000000c3d226d0}> (0x00000000c3d226d0) 
thrown [s\src\hotspot\share\prims\jni.cpp, line 516]
Event: 1096.227 Thread 0x0000019dea3ace80 Exception <a 'sun/nio/fs/WindowsException'{0x00000000c3d22df0}> (0x00000000c3d22df0) 
thrown [s\src\hotspot\share\prims\jni.cpp, line 516]
Event: 1096.230 Thread 0x0000019dea3ace80 Exception <a 'sun/nio/fs/WindowsException'{0x00000000c3d23190}> (0x00000000c3d23190) 
thrown [s\src\hotspot\share\prims\jni.cpp, line 516]
Event: 1096.230 Thread 0x0000019dea3ace80 Exception <a 'sun/nio/fs/WindowsException'{0x00000000c3d240e0}> (0x00000000c3d240e0) 
thrown [s\src\hotspot\share\prims\jni.cpp, line 516]
Event: 1096.231 Thread 0x0000019dea3ace80 Exception <a 'sun/nio/fs/WindowsException'{0x00000000c3d244c0}> (0x00000000c3d244c0) 
thrown [s\src\hotspot\share\prims\jni.cpp, line 516]

VM Operations (20 events):
Event: 2464.038 Executing VM operation: G1CollectFull done
Event: 2474.341 Executing VM operation: G1CollectFull
Event: 2474.377 Executing VM operation: G1CollectFull done
Event: 2484.722 Executing VM operation: G1CollectFull
Event: 2484.758 Executing VM operation: G1CollectFull done
Event: 2495.060 Executing VM operation: G1CollectFull
Event: 2495.098 Executing VM operation: G1CollectFull done
Event: 2505.348 Executing VM operation: G1CollectFull
Event: 2505.382 Executing VM operation: G1CollectFull done
Event: 2515.618 Executing VM operation: G1CollectFull
Event: 2515.652 Executing VM operation: G1CollectFull done
Event: 2525.909 Executing VM operation: G1CollectFull
Event: 2525.942 Executing VM operation: G1CollectFull done
Event: 2536.236 Executing VM operation: G1CollectFull
Event: 2536.270 Executing VM operation: G1CollectFull done
Event: 2546.487 Executing VM operation: G1CollectFull
Event: 2546.519 Executing VM operation: G1CollectFull done
Event: 2556.719 Executing VM operation: G1CollectFull
Event: 2556.750 Executing VM operation: G1CollectFull done
Event: 2567.173 Executing VM operation: G1CollectFull

Events (20 events):
Event: 1071.798 loading class java/text/CharacterIterator done
Event: 1071.798 loading class java/text/StringCharacterIterator done
Event: 1071.820 Thread 0x0000019de96ed540 Thread added: 0x0000019de96ed540
Event: 1072.220 loading class java/util/EmptyStackException
Event: 1072.220 loading class java/util/EmptyStackException done
Event: 1072.236 loading class java/io/InvalidClassException
Event: 1072.236 loading class java/io/InvalidClassException done
Event: 1072.251 loading class java/util/ArrayList$ListItr
Event: 1072.252 loading class java/util/ArrayList$ListItr done
Event: 1072.306 loading class java/util/regex/Pattern$1
Event: 1072.306 loading class java/util/regex/Pattern$1 done
Event: 1072.310 Thread 0x0000019de4a9f800 Thread added: 0x0000019de4a9f800
Event: 1075.142 Thread 0x0000019de4a9f800 Thread exited: 0x0000019de4a9f800
Event: 1075.188 Thread 0x0000019de96ed540 Thread exited: 0x0000019de96ed540
Event: 1075.223 Thread 0x0000019de4b25690 Thread added: 0x0000019de4b25690
Event: 1128.602 Thread 0x0000019de4b25180 Thread exited: 0x0000019de4b25180
Event: 1136.241 Thread 0x0000019de4b24c70 Thread exited: 0x0000019de4b24c70
Event: 1137.267 Thread 0x0000019de4b25690 Thread exited: 0x0000019de4b25690
Event: 1139.415 Thread 0x0000019de4b25ba0 Thread exited: 0x0000019de4b25ba0
Event: 1156.227 Thread 0x0000019de4b23320 Thread exited: 0x0000019de4b23320


Dynamic libraries:
0x00007ff78b640000 - 0x00007ff78b64e000 	c:\Users\Thalia\.vscode\extensions\redhat.java-1.25.1-win32-x64\jre\17.0.9-win32-x86_64\bin\java.exe
0x00007ffd431f0000 - 0x00007ffd43407000 	C:\Windows\SYSTEM32\ntdll.dll
0x00007ffd425e0000 - 0x00007ffd426a4000 	C:\Windows\System32\KERNEL32.DLL
0x00007ffd40620000 - 0x00007ffd409c6000 	C:\Windows\System32\KERNELBASE.dll
0x00007ffd40b20000 - 0x00007ffd40c31000 	C:\Windows\System32\ucrtbase.dll
0x00007ffd215b0000 - 0x00007ffd215c7000 	c:\Users\Thalia\.vscode\extensions\redhat.java-1.25.1-win32-x64\jre\17.0.9-win32-x86_64\bin\jli.dll
0x00007ffd42b20000 - 0x00007ffd42cce000 	C:\Windows\System32\USER32.dll
0x00007ffd40af0000 - 0x00007ffd40b16000 	C:\Windows\System32\win32u.dll
0x00007ffd42fc0000 - 0x00007ffd42fe9000 	C:\Windows\System32\GDI32.dll
0x00007ffd409d0000 - 0x00007ffd40ae8000 	C:\Windows\System32\gdi32full.dll
0x00007ffd40e30000 - 0x00007ffd40eca000 	C:\Windows\System32\msvcp_win.dll
0x00007ffd16730000 - 0x00007ffd1674b000 	c:\Users\Thalia\.vscode\extensions\redhat.java-1.25.1-win32-x64\jre\17.0.9-win32-x86_64\bin\VCRUNTIME140.dll
0x00007ffd29bb0000 - 0x00007ffd29e43000 	C:\Windows\WinSxS\amd64_microsoft.windows.common-controls_6595b64144ccf1df_6.0.22621.2506_none_270c5ae97388e100\COMCTL32.dll
0x00007ffd41880000 - 0x00007ffd41927000 	C:\Windows\System32\msvcrt.dll
0x00007ffd429e0000 - 0x00007ffd42a11000 	C:\Windows\System32\IMM32.DLL
0x00007ffd331b0000 - 0x00007ffd331bc000 	c:\Users\Thalia\.vscode\extensions\redhat.java-1.25.1-win32-x64\jre\17.0.9-win32-x86_64\bin\vcruntime140_1.dll
0x00007ffcfa3f0000 - 0x00007ffcfa47d000 	c:\Users\Thalia\.vscode\extensions\redhat.java-1.25.1-win32-x64\jre\17.0.9-win32-x86_64\bin\msvcp140.dll
0x00007ffcc64d0000 - 0x00007ffcc7131000 	c:\Users\Thalia\.vscode\extensions\redhat.java-1.25.1-win32-x64\jre\17.0.9-win32-x86_64\bin\server\jvm.dll
0x00007ffd41e10000 - 0x00007ffd41ec1000 	C:\Windows\System32\ADVAPI32.dll
0x00007ffd40f40000 - 0x00007ffd40fe5000 	C:\Windows\System32\sechost.dll
0x00007ffd42d00000 - 0x00007ffd42e17000 	C:\Windows\System32\RPCRT4.dll
0x00007ffd3f710000 - 0x00007ffd3f75d000 	C:\Windows\SYSTEM32\POWRPROF.dll
0x00007ffd37f30000 - 0x00007ffd37f39000 	C:\Windows\SYSTEM32\WSOCK32.dll
0x00007ffd37750000 - 0x00007ffd37784000 	C:\Windows\SYSTEM32\WINMM.dll
0x00007ffd424b0000 - 0x00007ffd42521000 	C:\Windows\System32\WS2_32.dll
0x00007ffd37bb0000 - 0x00007ffd37bba000 	C:\Windows\SYSTEM32\VERSION.dll
0x00007ffd3f6f0000 - 0x00007ffd3f703000 	C:\Windows\SYSTEM32\UMPDC.dll
0x00007ffd3f590000 - 0x00007ffd3f5a8000 	C:\Windows\SYSTEM32\kernel.appcore.dll
0x00007ffd31af0000 - 0x00007ffd31afa000 	c:\Users\Thalia\.vscode\extensions\redhat.java-1.25.1-win32-x64\jre\17.0.9-win32-x86_64\bin\jimage.dll
0x00007ffd3e1d0000 - 0x00007ffd3e403000 	C:\Windows\SYSTEM32\DBGHELP.DLL
0x00007ffd41a80000 - 0x00007ffd41e09000 	C:\Windows\System32\combase.dll
0x00007ffd42720000 - 0x00007ffd427f7000 	C:\Windows\System32\OLEAUT32.dll
0x00007ffd2c840000 - 0x00007ffd2c872000 	C:\Windows\SYSTEM32\dbgcore.DLL
0x00007ffd40c40000 - 0x00007ffd40cba000 	C:\Windows\System32\bcryptPrimitives.dll
0x00007ffd14630000 - 0x00007ffd14655000 	c:\Users\Thalia\.vscode\extensions\redhat.java-1.25.1-win32-x64\jre\17.0.9-win32-x86_64\bin\java.dll
0x00007ffd16710000 - 0x00007ffd16728000 	c:\Users\Thalia\.vscode\extensions\redhat.java-1.25.1-win32-x64\jre\17.0.9-win32-x86_64\bin\zip.dll
0x00007ffd40ff0000 - 0x00007ffd4184a000 	C:\Windows\System32\SHELL32.dll
0x00007ffd3e430000 - 0x00007ffd3ed26000 	C:\Windows\SYSTEM32\windows.storage.dll
0x00007ffd3e090000 - 0x00007ffd3e1ce000 	C:\Windows\SYSTEM32\wintypes.dll
0x00007ffd42a20000 - 0x00007ffd42b13000 	C:\Windows\System32\SHCORE.dll
0x00007ffd423e0000 - 0x00007ffd4243e000 	C:\Windows\System32\shlwapi.dll
0x00007ffd40490000 - 0x00007ffd404b6000 	C:\Windows\SYSTEM32\profapi.dll
0x00007ffd16010000 - 0x00007ffd16029000 	C:\Users\Thalia\.vscode\extensions\redhat.java-1.25.1-win32-x64\jre\17.0.9-win32-x86_64\bin\net.dll
0x00007ffd3a310000 - 0x00007ffd3a447000 	C:\Windows\SYSTEM32\WINHTTP.dll
0x00007ffd3fa80000 - 0x00007ffd3fae9000 	C:\Windows\system32\mswsock.dll
0x00007ffd0ee40000 - 0x00007ffd0ee56000 	C:\Users\Thalia\.vscode\extensions\redhat.java-1.25.1-win32-x64\jre\17.0.9-win32-x86_64\bin\nio.dll
0x00007ffd3fd20000 - 0x00007ffd3fd3b000 	C:\Windows\SYSTEM32\CRYPTSP.dll
0x00007ffd3f480000 - 0x00007ffd3f4b5000 	C:\Windows\system32\rsaenh.dll
0x00007ffd3fb20000 - 0x00007ffd3fb4c000 	C:\Windows\SYSTEM32\USERENV.dll
0x00007ffd3ff10000 - 0x00007ffd3ff38000 	C:\Windows\SYSTEM32\bcrypt.dll
0x00007ffd3fc80000 - 0x00007ffd3fc8c000 	C:\Windows\SYSTEM32\CRYPTBASE.dll
0x00007ffd3f020000 - 0x00007ffd3f04d000 	C:\Windows\SYSTEM32\IPHLPAPI.DLL
0x00007ffd42880000 - 0x00007ffd42889000 	C:\Windows\System32\NSI.dll
0x00007ffd3a620000 - 0x00007ffd3a639000 	C:\Windows\SYSTEM32\dhcpcsvc6.DLL
0x00007ffd39fa0000 - 0x00007ffd39fbf000 	C:\Windows\SYSTEM32\dhcpcsvc.DLL
0x00007ffd3f050000 - 0x00007ffd3f149000 	C:\Windows\SYSTEM32\DNSAPI.dll
0x00007ffd2ceb0000 - 0x00007ffd2cec0000 	c:\Users\Thalia\.vscode\extensions\redhat.java-1.25.1-win32-x64\jre\17.0.9-win32-x86_64\bin\verify.dll
0x00007ffd34500000 - 0x00007ffd34509000 	C:\Users\Thalia\.vscode\extensions\redhat.java-1.25.1-win32-x64\jre\17.0.9-win32-x86_64\bin\management.dll
0x00007ffd34460000 - 0x00007ffd3446b000 	C:\Users\Thalia\.vscode\extensions\redhat.java-1.25.1-win32-x64\jre\17.0.9-win32-x86_64\bin\management_ext.dll
0x00007ffd41850000 - 0x00007ffd41858000 	C:\Windows\System32\PSAPI.DLL
0x00007ffd2c690000 - 0x00007ffd2c69e000 	C:\Users\Thalia\.vscode\extensions\redhat.java-1.25.1-win32-x64\jre\17.0.9-win32-x86_64\bin\sunmscapi.dll
0x00007ffd40cc0000 - 0x00007ffd40e26000 	C:\Windows\System32\CRYPT32.dll
0x00007ffd3fee0000 - 0x00007ffd3ff0d000 	C:\Windows\SYSTEM32\ncrypt.dll
0x00007ffd3fea0000 - 0x00007ffd3fed7000 	C:\Windows\SYSTEM32\NTASN1.dll
0x00007ffd37980000 - 0x00007ffd3798a000 	C:\Windows\System32\rasadhlp.dll
0x00007ffd37be0000 - 0x00007ffd37c63000 	C:\Windows\System32\fwpuclnt.dll

dbghelp: loaded successfully - version: 4.0.5 - missing functions: none
symbol engine: initialized successfully - sym options: 0x614 - pdb path: .;c:\Users\Thalia\.vscode\extensions\redhat.java-1.25.1-win32-x64\jre\17.0.9-win32-x86_64\bin;C:\Windows\SYSTEM32;C:\Windows\WinSxS\amd64_microsoft.windows.common-controls_6595b64144ccf1df_6.0.22621.2506_none_270c5ae97388e100;c:\Users\Thalia\.vscode\extensions\redhat.java-1.25.1-win32-x64\jre\17.0.9-win32-x86_64\bin\server

VM Arguments:
jvm_args: -XX:+HeapDumpOnOutOfMemoryError -Xmx1024m -Dsts.lsp.client=vscode -Dsts.log.file=/dev/null -XX:TieredStopAtLevel=1 -Xlog:jni+resolve=off -Dspring.config.location=file:c:\Users\Thalia\.vscode\extensions\vmware.vscode-spring-boot-1.51.0\language-server\BOOT-INF\classes\application.properties 
java_command: org.springframework.ide.vscode.boot.app.BootLanguageServerBootApp
java_class_path (initial): c:\Users\Thalia\.vscode\extensions\vmware.vscode-spring-boot-1.51.0\language-server\BOOT-INF\classes;c:\Users\Thalia\.vscode\extensions\vmware.vscode-spring-boot-1.51.0\language-server\BOOT-INF\lib\annotations-24.1.0.jar;c:\Users\Thalia\.vscode\extensions\vmware.vscode-spring-boot-1.51.0\language-server\BOOT-INF\lib\antlr-runtime-3.5.3.jar;c:\Users\Thalia\.vscode\extensions\vmware.vscode-spring-boot-1.51.0\language-server\BOOT-INF\lib\antlr4-4.11.1.jar;c:\Users\Thalia\.vscode\extensions\vmware.vscode-spring-boot-1.51.0\language-server\BOOT-INF\lib\antlr4-runtime-4.11.1.jar;c:\Users\Thalia\.vscode\extensions\vmware.vscode-spring-boot-1.51.0\language-server\BOOT-INF\lib\asm-9.6.jar;c:\Users\Thalia\.vscode\extensions\vmware.vscode-spring-boot-1.51.0\language-server\BOOT-INF\lib\asm-analysis-9.6.jar;c:\Users\Thalia\.vscode\extensions\vmware.vscode-spring-boot-1.51.0\language-server\BOOT-INF\lib\asm-tree-9.6.jar;c:\Users\Thalia\.vscode\extensions\vmware.vscode-spring-boot-1.51.0\language-server\BOOT-INF\lib\asm-util-9.6.jar;c:\Users\Thalia\.vscode\extensions\vmware.vscode-spring-boot-1.51.0\language-server\BOOT-INF\lib\bosh-language-server-1.51.0-SNAPSHOT.jar;c:\Users\Thalia\.vscode\extensions\vmware.vscode-spring-boot-1.51.0\language-server\BOOT-INF\lib\caffeine-3.1.8.jar;c:\Users\Thalia\.vscode\extensions\vmware.vscode-spring-boot-1.51.0\language-server\BOOT-INF\lib\checker-qual-3.12.0.jar;c:\Users\Thalia\.vscode\extensions\vmware.vscode-spring-boot-1.51.0\language-server\BOOT-INF\lib\classgraph-4.8.149.jar;c:\Users\Thalia\.vscode\extensions\vmware.vscode-spring-boot-1.51.0\language-server\BOOT-INF\lib\commons-codec-1.15.jar;c:\Users\Thalia\.vscode\extensions\vmware.vscode-spring-boot-1.51.0\language-server\BOOT-INF\lib\commons-compress-1.25.0.jar;c:\Users\Thalia\.vscode\extensions\vmware.vscode-spring-boot-1.51.0\language-server\BOOT-INF\lib\commons-io-2.4.jar;c:\Users\Thalia\.vscode\extensions\vmware.vscode-spring-boot-1.51.0\language-ser
Launcher Type: SUN_STANDARD

[Global flags]
     intx CICompilerCount                          = 3                                         {product} {ergonomic}
     uint ConcGCThreads                            = 2                                         {product} {ergonomic}
     uint G1ConcRefinementThreads                  = 6                                         {product} {ergonomic}
   size_t G1HeapRegionSize                         = 1048576                                   {product} {ergonomic}
    uintx GCDrainStackTargetSize                   = 64                                        {product} {ergonomic}
     bool HeapDumpOnOutOfMemoryError               = true                                   {manageable} {command line}
   size_t InitialHeapSize                          = 125829120                                 {product} {ergonomic}
   size_t MarkStackSize                            = 4194304                                   {product} {ergonomic}
   size_t MaxHeapSize                              = 1073741824                                {product} {command line}
   size_t MaxNewSize                               = 643825664                                 {product} {ergonomic}
   size_t MinHeapDeltaBytes                        = 1048576                                   {product} {ergonomic}
   size_t MinHeapSize                              = 8388608                                   {product} {ergonomic}
    uintx NonProfiledCodeHeapSize                  = 0                                      {pd product} {ergonomic}
     bool ProfileInterpreter                       = false                                  {pd product} {command line}
    uintx ProfiledCodeHeapSize                     = 0                                      {pd product} {ergonomic}
   size_t SoftMaxHeapSize                          = 1073741824                             {manageable} {ergonomic}
     intx TieredStopAtLevel                        = 1                                         {product} {command line}
     bool UseCompressedClassPointers               = true                           {product lp64_product} {ergonomic}
     bool UseCompressedOops                        = true                           {product lp64_product} {ergonomic}
     bool UseG1GC                                  = true                                      {product} {ergonomic}
     bool UseLargePagesIndividualAllocation        = false                                  {pd product} {ergonomic}

Logging:
Log output configuration:
 #0: stdout all=warning,jni+resolve=off uptime,level,tags
 #1: stderr all=off uptime,level,tags

Environment Variables:
JAVA_HOME=C:\Program Files\Java\jdk-17
PATH=C:\Program Files\Java\jdk-17\bin;C:\Program Files\Common Files\Oracle\Java\javapath;C:\Program Files (x86)\Common Files\Oracle\Java\javapath;C:\Windows\system32;C:\Windows;C:\Windows\System32\Wbem;C:\Windows\System32\WindowsPowerShell\v1.0\;C:\Windows\System32\OpenSSH\;C:\Program Files\Git\cmd;C:\Program Files\PuTTY\;;C:\Program Files\Docker\Docker\resources\bin;C:\Users\Thalia\AppData\Local\Programs\Python\Python311\Scripts\;C:\Users\Thalia\AppData\Local\Programs\Python\Python311\;C:\Users\Thalia\AppData\Local\Microsoft\WindowsApps;C:\Users\Thalia\AppData\Local\Programs\Microsoft VS Code\bin;C:\flutter_windows_3.3.9-stable\flutter\bin;C:\Users\Thalia\AppData\Local\Microsoft\WindowsApps\python.exe;
USERNAME=Thalia
OS=Windows_NT
PROCESSOR_IDENTIFIER=AMD64 Family 23 Model 96 Stepping 1, AuthenticAMD
TMP=C:\Users\Thalia\AppData\Local\Temp
TEMP=C:\Users\Thalia\AppData\Local\Temp



Periodic native trim disabled


---------------  S Y S T E M  ---------------

OS:
 Windows 11 , 64 bit Build 22621 (10.0.22621.2506)
OS uptime: 3 days 0:09 hours
Hyper-V role detected

CPU: total 6 (initial active 6) (6 cores per cpu, 1 threads per core) family 23 model 96 stepping 1 microcode 0x0, cx8, cmov, fxsr, mmx, 3dnowpref, sse, sse2, sse3, ssse3, sse4a, sse4.1, sse4.2, popcnt, lzcnt, tsc, tscinvbit, avx, avx2, aes, clmul, bmi1, bmi2, adx, sha, fma, vzeroupper, clflush, clflushopt, hv
Processor Information for all 6 processors :
  Max Mhz: 2375, Current Mhz: 2375, Mhz Limit: 2375

Memory: 4k page, system-wide physical 7600M (213M free)
TotalPageFile size 31152M (AvailPageFile size 25M)
current process WorkingSet (physical memory assigned to process): 65M, peak: 220M
current process commit charge ("private bytes"): 256M, peak: 264M

vm_info: OpenJDK 64-Bit Server VM (17.0.9+9) for windows-amd64 JRE (17.0.9+9), built on Oct 26 2023 14:01:42 by "admin" with MS VC++ 16.10 / 16.11 (VS2019)

END.
